ca65 V2.13.3 - (C) Copyright 1998-2012 Ullrich von Bassewitz
Main file   : titledata.inc
Current file: titledata.inc

000000r 1               ;----------------------------------------------
000000r 1               ; BASIC header
000000r 1               ;----------------------------------------------
000000r 1               
000000r 1               .org $1000
001000  1               
001000  1  02 10        	.word load
001002  1  0C 10        load:   .word @end
001004  1  02 00        	.word 2
001006  1  9E           	.byte $9e
001007  1  34           	.byte .lobyte(main/1000 .mod 10) + $30
001008  1  31           	.byte .lobyte(main/100 .mod 10) + $30
001009  1  31           	.byte .lobyte(main/10 .mod 10) + $30
00100A  1  30           	.byte .lobyte(main/1 .mod 10) + $30
00100B  1  00           	.byte 0
00100C  1  00 00        @end:   .word 0
00100E  1               
00100E  1               main:
00100E  1               
00100E  1               
00100E  1               ; .VIC format
00100E  1               
00100E  1               
00100E  1               ; Bitmap
00100E  1               
00100E  1  FF F8 FF E0  	.byte $FF,$F8,$FF,$E0,$F7,$80,$F0,$00,$03,$06,$0C,$08,$0F,$1F,$1F,$19,$80
001012  1  F7 80 F0 00  
001016  1  03 06 0C 08  
00101F  1  00 00 00 00  	.byte $00,$00,$00,$00,$00,$00,$00,$00,$00,$00,$00,$EE,$FB,$FF,$FD,$00,$3F
001023  1  00 00 00 00  
001027  1  00 00 00 EE  
001030  1  00 0F 00 01  	.byte $00,$0F,$00,$01,$00,$00,$00,$00,$00,$00,$00,$02,$1F,$1F,$00,$B7,$00
001034  1  00 00 00 00  
001038  1  00 00 00 02  
001041  1  D6 00 80 00  	.byte $D6,$00,$80,$00,$00,$C3,$03,$03,$01,$06,$18,$F0,$FC,$00,$80,$00,$00
001045  1  00 C3 03 03  
001049  1  01 06 18 F0  
001052  1  00 00 00 00  	.byte $00,$00,$00,$00,$00,$00,$80,$80,$E1,$62,$2C,$30,$00,$01,$00,$18,$38
001056  1  00 00 80 80  
00105A  1  E1 62 2C 30  
001063  1  38 30 30 3C  	.byte $38,$30,$30,$3C,$33,$30,$60,$20,$00,$00,$01,$00,$FE,$00,$3C,$00,$0F
001067  1  33 30 60 20  
00106B  1  00 00 01 00  
001074  1  00 06 0E 3E  	.byte $00,$06,$0E,$3E,$1C,$3B,$60,$C0,$80,$01,$00,$5A,$00,$AF,$00,$0E,$00
001078  1  1C 3B 60 C0  
00107C  1  80 01 00 5A  
001085  1  00 00 00 03  	.byte $00,$00,$00,$03,$07,$3F,$30,$60,$C0,$00,$FF,$00,$98,$00,$00,$00,$00
001089  1  07 3F 30 60  
00108D  1  C0 00 FF 00  
001096  1  00 00 00 00  	.byte $00,$00,$00,$00,$1F,$0E,$19,$16,$00,$20,$00,$00,$00,$00,$00,$00,$00
00109A  1  1F 0E 19 16  
00109E  1  00 20 00 00  
0010A7  1  00 03 3E EE  	.byte $00,$03,$3E,$EE,$3D,$73,$23,$00,$00,$00,$00,$00,$00,$00,$00,$00,$70
0010AB  1  3D 73 23 00  
0010AF  1  00 00 00 00  
0010B8  1  D0 38 E8 78  	.byte $D0,$38,$E8,$78,$F0,$E0,$00,$00,$00,$00,$01,$01,$01,$02,$02,$56,$02
0010BC  1  F0 E0 00 00  
0010C0  1  00 00 01 01  
0010C9  1  0E 06 06 0E  	.byte $0E,$06,$06,$0E,$06,$28,$48,$44,$84,$04,$04,$00,$73,$73,$73,$73,$73
0010CD  1  06 28 48 44  
0010D1  1  84 04 04 00  
0010DA  1  73 73 73 27  	.byte $73,$73,$73,$27,$00,$04,$00,$18,$31,$22,$06,$84,$D8,$F8,$F1,$E6,$FD
0010DE  1  00 04 00 18  
0010E2  1  31 22 06 84  
0010EB  1  F9 FF FF 00  	.byte $F9,$FF,$FF,$00,$00,$01,$C0,$10,$04,$00,$00,$10,$B2,$20,$48,$D0,$83
0010EF  1  00 01 C0 10  
0010F3  1  04 00 00 10  
0010FC  1  87 4F 00 04  	.byte $87,$4F,$00,$04,$0E,$1E,$04,$00,$44,$E0,$41,$06,$0C,$18,$E6,$C2,$80
001100  1  0E 1E 04 00  
001104  1  44 E0 41 06  
00110D  1  04 11 03 01  	.byte $04,$11,$03,$01,$44,$00,$12,$00,$80,$00,$10,$00,$40,$02,$00,$05,$07
001111  1  44 00 12 00  
001115  1  80 00 10 00  
00111E  1  00 00 02 00  	.byte $00,$00,$02,$00,$10,$00,$00,$00,$00,$00,$00,$01,$E7,$D8,$8F,$36,$00
001122  1  10 00 00 00  
001126  1  00 00 00 01  
00112F  1  00 00 00 00  	.byte $00,$00,$00,$00,$40,$20,$00,$00,$00,$00,$C0,$A5,$5F,$A1,$07,$00,$B1
001133  1  40 20 00 00  
001137  1  00 00 C0 A5  
001140  1  00 3D 00 04  	.byte $00,$3D,$00,$04,$00,$00,$00,$00,$00,$00,$80,$C0,$E0,$E0,$7F,$FF,$02
001144  1  00 00 00 00  
001148  1  00 00 80 C0  
001151  1  71 01 9F 00  	.byte $71,$01,$9F,$00,$0A,$00,$00,$00,$2B,$01,$00,$08,$00,$3F,$FF,$0F,$7F
001155  1  0A 00 00 00  
001159  1  2B 01 00 08  
001162  1  C7 BF 07 FF  	.byte $C7,$BF,$07,$FF,$1F,$7F,$0F,$FF,$3F,$1F,$3F,$07,$1F,$1F,$1F,$1E,$1F
001166  1  1F 7F 0F FF  
00116A  1  3F 1F 3F 07  
001173  1  1D 1B 17 1F  	.byte $1D,$1B,$17,$1F,$06,$07,$05,$04,$08,$C8,$08,$FD,$FC,$FF,$3F,$FF,$FF
001177  1  06 07 05 04  
00117B  1  08 C8 08 FD  
001184  1  FF FB C7 07  	.byte $FF,$FB,$C7,$07,$0F,$8F,$06,$00,$00,$00,$BF,$9F,$FF,$F1,$A0,$80,$00
001188  1  0F 8F 06 00  
00118C  1  00 00 BF 9F  
001195  1  00 00 00 00  	.byte $00,$00,$00,$00,$00,$00,$00,$00,$00,$FF,$FE,$EF,$9F,$3F,$0F,$06,$03
001199  1  00 00 00 00  
00119D  1  00 FF FE EF  
0011A6  1  01 00 00 00  	.byte $01,$00,$00,$00,$00,$00,$00,$00,$D4,$0C,$04,$04,$04,$04,$84,$84,$C4
0011AA  1  00 00 00 00  
0011AE  1  D4 0C 04 04  
0011B7  1  C3 CF 77 F9  	.byte $C3,$CF,$77,$F9,$11,$EB,$66,$01,$02,$02,$00,$00,$04,$00,$00,$00,$80
0011BB  1  11 EB 66 01  
0011BF  1  02 02 00 00  
0011C8  1  F0 FC 3C 1E  	.byte $F0,$FC,$3C,$1E,$0F,$0F,$01,$02,$04,$00,$0F,$18,$08,$08,$08,$0B,$0F
0011CC  1  0F 0F 01 02  
0011D0  1  04 00 0F 18  
0011D9  1  1E 78 F8 E9  	.byte $1E,$78,$F8,$E9,$CE,$00,$00,$00,$00,$FF,$03,$0F,$1C,$71,$CE,$1C,$13
0011DD  1  CE 00 00 00  
0011E1  1  00 FF 03 0F  
0011EA  1  24 C9 B6 4C  	.byte $24,$C9,$B6,$4C,$17,$1B,$1F,$3F,$FE,$EC,$39,$66,$C8,$66,$98,$30,$E0
0011EE  1  17 1B 1F 3F  
0011F2  1  FE EC 39 66  
0011FB  1  80 00 00 53  	.byte $80,$00,$00,$53,$FF,$FF,$BE,$1D,$FB,$32,$74,$BC,$58,$80,$00,$00,$00
0011FF  1  FF FF BE 1D  
001203  1  FB 32 74 BC  
00120C  1  00 00 E0 C0  	.byte $00,$00,$E0,$C0,$C0,$80,$02,$00,$00,$00,$00,$00,$00,$00,$00,$00,$03
001210  1  C0 80 02 00  
001214  1  00 00 00 00  
00121D  1  00 2F 07 9F  	.byte $00,$2F,$07,$9F,$07,$DF,$0F,$07,$3E,$06,$06,$75,$1D,$FD,$F9,$F9,$F9
001221  1  07 DF 0F 07  
001225  1  3E 06 06 75  
00122E  1  27 2F 8F CE  	.byte $27,$2F,$8F,$CE,$CC,$80,$00,$40,$43,$83,$93,$31,$38,$3C,$3C,$3C,$FF
001232  1  CC 80 00 40  
001236  1  43 83 93 31  
00123F  1  FF FF 1F 0F  	.byte $FF,$FF,$1F,$0F,$07,$01,$01,$01,$E0,$E0,$F0,$F0,$F8,$78,$38,$BE,$FC
001243  1  07 01 01 01  
001247  1  E0 E0 F0 F0  
001250  1  F8 FF FF FC  	.byte $F8,$FF,$FF,$FC,$F8,$FC,$FF,$FC,$F8,$FC,$F0,$F8,$FC,$FC,$08,$10,$E0
001254  1  F8 FC FF FC  
001258  1  F8 FC F0 F8  
001261  1  C0 10 00 00  	.byte $C0,$10,$00,$00,$01,$80,$00,$A9,$00,$01,$03,$07,$06,$13,$3A,$2A,$0A
001265  1  01 80 00 A9  
001269  1  00 01 03 07  
001272  1  53 D3 DB CD  	.byte $53,$D3,$DB,$CD,$DC,$CB,$EB,$EF,$E4,$97,$57,$AF,$4D,$3A,$7C,$3C,$78
001276  1  DC CB EB EF  
00127A  1  E4 97 57 AF  
001283  1  39 E9 74 B2  	.byte $39,$E9,$74,$B2,$52,$5C,$D0,$B8,$FF,$FF,$FF,$EC,$05,$00,$48,$81,$07
001287  1  52 5C D0 B8  
00128B  1  FF FF FF EC  
001294  1  18 83 43 00  	.byte $18,$83,$43,$00,$0C,$02,$01,$02,$C9,$E4,$70,$E8,$70,$3C,$9E,$FA,$6A
001298  1  0C 02 01 02  
00129C  1  C9 E4 70 E8  
0012A5  1  C1 F1 F8 69  	.byte $C1,$F1,$F8,$69,$64,$A0,$F0,$78,$BC,$01,$00,$07,$00,$00,$00,$00,$00
0012A9  1  64 A0 F0 78  
0012AD  1  BC 01 00 07  
0012B6  1  C0 B0 10 20  	.byte $C0,$B0,$10,$20,$18,$08,$08,$18,$FF,$07,$5F,$03,$5F,$01,$07,$01,$3F
0012BA  1  18 08 08 18  
0012BE  1  FF 07 5F 03  
0012C7  1  05 00 01 00  	.byte $05,$00,$01,$00,$00,$00,$00,$FC,$10,$F0,$20,$C0,$40,$40,$41,$41,$23
0012CB  1  00 00 00 FC  
0012CF  1  10 F0 20 C0  
0012D8  1  27 16 1F 0C  	.byte $27,$16,$1F,$0C,$1E,$1E,$00,$00,$03,$0F,$1F,$3F,$F6,$D9,$E7,$8E,$44
0012DC  1  1E 1E 00 00  
0012E0  1  03 0F 1F 3F  
0012E9  1  8D 0B 1F F7  	.byte $8D,$0B,$1F,$F7,$3F,$00,$F8,$FC,$FE,$FF,$CF,$4D,$83,$18,$79,$FC,$FE
0012ED  1  3F 00 F8 FC  
0012F1  1  FE FF CF 4D  
0012FA  1  FE FF FF FF  	.byte $FE,$FF,$FF,$FF,$00,$00,$01,$01,$01,$83,$C3,$E7,$FE,$7C,$BC,$70,$00
0012FE  1  00 00 01 01  
001302  1  01 83 C3 E7  
00130B  1  C0 F8 00 C4  	.byte $C0,$F8,$00,$C4,$86,$0C,$18,$1E,$FF,$3B,$74,$E8,$F0,$ED,$E1,$E1,$E6
00130F  1  86 0C 18 1E  
001313  1  FF 3B 74 E8  
00131C  1  FE FC 03 82  	.byte $FE,$FC,$03,$82,$C0,$40,$80,$02,$80,$8C,$BE,$BF,$FD,$72,$72,$F2,$8F
001320  1  C0 40 80 02  
001324  1  80 8C BE BF  
00132D  1  F2 0B 1E 6D  	.byte $F2,$0B,$1E,$6D,$9F,$2F,$5A,$1C,$FC,$8C,$4C,$06,$46,$06,$C6,$36,$0E
001331  1  9F 2F 5A 1C  
001335  1  FC 8C 4C 06  
00133E  1  93 24 D8 60  	.byte $93,$24,$D8,$60,$80,$00,$00,$00,$00,$00,$00,$00,$00,$00,$60,$FC,$00
001342  1  80 00 00 00  
001346  1  00 00 00 00  
00134F  1  00 00 00 00  	.byte $00,$00,$00,$00,$00,$00,$00,$00,$00,$00,$00,$00,$00,$00,$00,$00,$00
001353  1  00 00 00 00  
001357  1  00 00 00 00  
001360  1  00 00 00 00  	.byte $00,$00,$00,$00,$00,$00,$00,$00,$00,$00,$00,$00,$00,$00,$01,$00,$05
001364  1  00 00 00 00  
001368  1  00 00 00 00  
001371  1  00 0F 00 00  	.byte $00,$0F,$00,$00,$00,$00,$05,$00,$00,$00,$02,$00,$03,$F9,$F9,$F9,$F9
001375  1  00 00 05 00  
001379  1  00 00 02 00  
001382  1  FD FC 06 7F  	.byte $FD,$FC,$06,$7F,$0F,$DF,$07,$6C,$FD,$E1,$C9,$DB,$22,$23,$B3,$C3,$E7
001386  1  0F DF 07 6C  
00138A  1  FD E1 C9 DB  
001393  1  FF 3F 00 80  	.byte $FF,$3F,$00,$80,$F1,$FF,$7F,$7F,$07,$83,$1B,$38,$18,$19,$11,$81,$83
001397  1  F1 FF 7F 7F  
00139B  1  07 83 1B 38  
0013A4  1  07 07 73 F3  	.byte $07,$07,$73,$F3,$F9,$F9,$99,$89,$89,$99,$F0,$FC,$F2,$F8,$FC,$E0,$C0
0013A8  1  F9 F9 99 89  
0013AC  1  89 99 F0 FC  
0013B5  1  E1 FB C1 98  	.byte $E1,$FB,$C1,$98,$C0,$C0,$D0,$C0,$E0,$06,$4C,$0C,$0E,$0E,$06,$02,$06
0013B9  1  C0 C0 D0 C0  
0013BD  1  E0 06 4C 0C  
0013C6  1  1D 33 44 02  	.byte $1D,$33,$44,$02,$6D,$F1,$3D,$76,$0F,$1F,$3F,$1F,$7F,$3F,$BF,$BF,$3F
0013CA  1  6D F1 3D 76  
0013CE  1  0F 1F 3F 1F  
0013D7  1  3F 3F 3F 1F  	.byte $3F,$3F,$3F,$1F,$83,$30,$38,$FF,$FF,$FF,$FF,$FF,$FF,$FF,$FF,$FF,$FF
0013DB  1  83 30 38 FF  
0013DF  1  FF FF FF FF  
0013E8  1  FF FF FF F6  	.byte $FF,$FF,$FF,$F6,$FC,$F0,$F0,$FA,$FF,$FB,$F5,$FC,$F9,$F6,$C9,$23,$F1
0013EC  1  FC F0 F0 FA  
0013F0  1  FF FB F5 FC  
0013F9  1  FB FA 05 02  	.byte $FB,$FA,$05,$02,$00,$8E,$D6,$7E,$00,$C9,$20,$52,$3E,$1E,$0E,$03,$85
0013FD  1  00 8E D6 7E  
001401  1  00 C9 20 52  
00140A  1  41 20 26 0A  	.byte $41,$20,$26,$0A,$28,$10,$28,$1C,$06,$03,$05,$60,$D9,$30,$1E,$85,$C2
00140E  1  28 10 28 1C  
001412  1  06 03 05 60  
00141B  1  C7 C3 63 00  	.byte $C7,$C3,$63,$00,$00,$00,$00,$00,$00,$00,$80,$C0,$40,$C0,$40,$60,$20
00141F  1  00 00 00 00  
001423  1  00 00 80 C0  
00142C  1  20 20 1A 1C  	.byte $20,$20,$1A,$1C,$1C,$1E,$0E,$17,$0E,$01,$1E,$3F,$79,$FD,$FE,$F6,$E8
001430  1  1C 1E 0E 17  
001434  1  0E 01 1E 3F  
00143D  1  C0 3F 7F 3C  	.byte $C0,$3F,$7F,$3C,$3C,$1D,$0D,$8F,$67,$D3,$E7,$38,$1F,$98,$10,$06,$09
001441  1  3C 1D 0D 8F  
001445  1  67 D3 E7 38  
00144E  1  FF 46 E0 CF  	.byte $FF,$46,$E0,$CF,$5F,$B8,$B0,$B8,$98,$99,$5E,$30,$3F,$1F,$13,$13,$F5
001452  1  5F B8 B0 B8  
001456  1  98 99 5E 30  
00145F  1  80 00 FE 03  	.byte $80,$00,$FE,$03,$01,$00,$00,$E4,$19,$77,$C0,$E0,$F8,$CC,$F0,$78,$10
001463  1  01 00 00 E4  
001467  1  19 77 C0 E0  
001470  1  38 4D 83 81  	.byte $38,$4D,$83,$81,$81,$C1,$C1,$81,$01,$02,$04,$00,$00,$08,$7F,$FF,$7C
001474  1  81 C1 C1 81  
001478  1  01 02 04 00  
001481  1  3C FE C6 FA  	.byte $3C,$FE,$C6,$FA,$63,$03,$0E,$FE,$00,$00,$00,$00,$00,$05,$0C,$1C,$18
001485  1  63 03 0E FE  
001489  1  00 00 00 00  
001492  1  30 60 E0 C0  	.byte $30,$60,$E0,$C0,$80,$00,$00,$00,$00,$00,$00,$00,$7F,$BF,$F2,$0F,$03
001496  1  80 00 00 00  
00149A  1  00 00 00 00  
0014A3  1  00 00 00 00  	.byte $00,$00,$00,$00,$00,$00,$00,$00,$00,$00,$00,$00,$E0,$F8,$F8,$FC,$3E
0014A7  1  00 00 00 00  
0014AB  1  00 00 00 00  
0014B4  1  FE 7C 39 7B  	.byte $FE,$7C,$39,$7B,$1E,$1F,$1C,$07,$3F,$FF,$00,$00,$00,$00,$00,$00,$00
0014B8  1  1E 1F 1C 07  
0014BC  1  3F FF 00 00  
0014C5  1  00 C0 E8 48  	.byte $00,$C0,$E8,$48,$D8,$FC,$FE,$FE,$7E,$00,$00,$00,$00,$00,$00,$00,$00
0014C9  1  D8 FC FE FE  
0014CD  1  7E 00 00 00  
0014D6  1  00 00 00 00  	.byte $00,$00,$00,$00,$00,$00,$00,$00,$93,$27,$EE,$E6,$CE,$E4,$D0,$E3,$FF
0014DA  1  00 00 00 00  
0014DE  1  93 27 EE E6  
0014E7  1  1F 07 07 01  	.byte $1F,$07,$07,$01,$01,$00,$00,$30,$22,$64,$4C,$6C,$34,$10,$E2,$D6,$E1
0014EB  1  01 00 00 30  
0014EF  1  22 64 4C 6C  
0014F8  1  F9 FA FD FF  	.byte $F9,$FA,$FD,$FF,$FB,$79,$91,$83,$E7,$21,$60,$60,$E0,$E0,$C0,$C0,$C0
0014FC  1  FB 79 91 83  
001500  1  E7 21 60 60  
001509  1  E1 E0 E0 E0  	.byte $E1,$E0,$E0,$E0,$C1,$B0,$80,$C0,$C0,$D0,$40,$60,$20,$30,$30,$10,$10
00150D  1  C1 B0 80 C0  
001511  1  C0 D0 40 60  
00151A  1  01 4B 49 04  	.byte $01,$4B,$49,$04,$CE,$FF,$8B,$E6,$64,$23,$0C,$08,$08,$00,$04,$01,$01
00151E  1  CE FF 8B E6  
001522  1  64 23 0C 08  
00152B  1  03 07 07 80  	.byte $03,$07,$07,$80,$28,$5F,$70,$BF,$3F,$3F,$3F,$3E,$1F,$1E,$FF,$FF,$FF
00152F  1  28 5F 70 BF  
001533  1  3F 3F 3F 3E  
00153C  1  FF FF 78 35  	.byte $FF,$FF,$78,$35,$F5,$E6,$E7,$E7,$EF,$E7,$EF,$E7,$F3,$EB,$FD,$7D,$03
001540  1  F5 E6 E7 E7  
001544  1  EF E7 EF E7  
00154D  1  EF 00 20 F4  	.byte $EF,$00,$20,$F4,$0E,$FF,$FE,$FC,$FC,$F8,$F0,$E0,$F0,$F6,$E8,$E4,$C3
001551  1  0E FF FE FC  
001555  1  FC F8 F0 E0  
00155E  1  3F 1D 1C 0A  	.byte $3F,$1D,$1C,$0A,$08,$11,$00,$00,$00,$01,$00,$20,$41,$A1,$C3,$07,$E2
001562  1  08 11 00 00  
001566  1  00 01 00 20  
00156F  1  71 70 F0 A0  	.byte $71,$70,$F0,$A0,$00,$40,$40,$00,$00,$00,$FC,$FF,$FF,$FF,$FF,$40,$80
001573  1  00 40 40 00  
001577  1  00 00 FC FF  
001580  1  00 00 00 00  	.byte $00,$00,$00,$00,$00,$00,$00,$00,$00,$00,$00,$00,$80,$E0,$E0,$C1,$80
001584  1  00 00 00 00  
001588  1  00 00 00 00  
001591  1  00 00 00 00  	.byte $00,$00,$00,$00,$00,$00,$00,$1F,$3F,$C4,$93,$0C,$3F,$67,$F4,$E4,$DF
001595  1  00 00 00 1F  
001599  1  3F C4 93 0C  
0015A2  1  6C 38 3F 1D  	.byte $6C,$38,$3F,$1D,$0E,$07,$C3,$F2,$1E,$0E,$8F,$47,$1F,$3F,$7F,$A3,$FF
0015A6  1  0E 07 C3 F2  
0015AA  1  1E 0E 8F 47  
0015B3  1  25 6F 23 5F  	.byte $25,$6F,$23,$5F,$CD,$DF,$E3,$46,$40,$81,$81,$E9,$FF,$E0,$C2,$E0,$D0
0015B7  1  CD DF E3 46  
0015BB  1  40 81 81 E9  
0015C4  1  E0 F8 F4 FF  	.byte $E0,$F8,$F4,$FF,$2F,$FE,$10,$C0,$E0,$E0,$18,$08,$0F,$09,$13,$14,$03
0015C8  1  2F FE 10 C0  
0015CC  1  E0 E0 18 08  
0015D5  1  24 43 80 00  	.byte $24,$43,$80,$00,$00,$00,$00,$00,$00,$00,$00,$C0,$E0,$70,$BC,$7F,$FF
0015D9  1  00 00 00 00  
0015DD  1  00 00 00 C0  
0015E6  1  FF 7F 07 3F  	.byte $FF,$7F,$07,$3F,$0F,$07,$0F,$06,$00,$00,$00,$00,$00,$00,$00,$00,$00
0015EA  1  0F 07 0F 06  
0015EE  1  00 00 00 00  
0015F7  1  00 80 80 E0  	.byte $00,$80,$80,$E0,$E0,$E0,$E0,$80,$80,$80,$80,$80,$80,$80,$80,$80,$80
0015FB  1  E0 E0 E0 80  
0015FF  1  80 80 80 80  
001608  1  80 80 80 80  	.byte $80,$80,$80,$80,$80,$80,$F7,$EF,$E7,$E7,$E3,$63,$03,$07,$03,$00,$00
00160C  1  80 80 F7 EF  
001610  1  E7 E7 E3 63  
001619  1  00 00 00 00  	.byte $00,$00,$00,$00,$00,$F8,$B8,$BC,$9C,$FC,$D8,$90,$80,$00,$00,$00,$00
00161D  1  00 F8 B8 BC  
001621  1  9C FC D8 90  
00162A  1  00 00 00 00  	.byte $00,$00,$00,$00,$00,$00,$00,$00,$80,$00,$00,$00,$00,$00,$00,$00,$80
00162E  1  00 00 00 00  
001632  1  80 00 00 00  
00163B  1  C1 C1 82 00  	.byte $C1,$C1,$82,$00,$00,$00,$00,$00,$05,$8B,$04,$03,$01,$00,$01,$01,$01
00163F  1  00 00 00 00  
001643  1  05 8B 04 03  
00164C  1  00 05 62 01  	.byte $00,$05,$62,$01,$00,$10,$E4,$BD,$EA,$EA,$78,$01,$1F,$F9,$99,$62,$09
001650  1  00 10 E4 BD  
001654  1  EA EA 78 01  
00165D  1  67 81 81 00  	.byte $67,$81,$81,$00,$00,$98,$88,$30,$40,$C0,$20,$80,$80,$80,$80,$80,$80
001661  1  00 98 88 30  
001665  1  40 C0 20 80  
00166E  1  80 10 00 00  	.byte $80,$10,$00,$00,$00,$00,$10,$00,$00,$40,$C0,$40,$10,$00,$00,$00,$0F
001672  1  00 00 10 00  
001676  1  00 40 C0 40  
00167F  1  1F 1F 1F 3F  	.byte $1F,$1F,$1F,$3F,$3F,$7F,$67,$61,$41,$40,$00,$04,$18,$F8,$F6,$FD,$FE
001683  1  3F 7F 67 61  
001687  1  41 40 00 04  
001690  1  FF FF FF FF  	.byte $FF,$FF,$FF,$FF,$FB,$FF,$FB,$FD,$26,$07,$02,$61,$68,$40,$FF,$10,$E0
001694  1  FB FF FB FD  
001698  1  26 07 02 61  
0016A1  1  FE 49 83 C7  	.byte $FE,$49,$83,$C7,$FF,$6E,$9F,$0E,$0E,$80,$C0,$73,$7F,$03,$66,$88,$44
0016A5  1  FF 6E 9F 0E  
0016A9  1  0E 80 C0 73  
0016B2  1  F8 C0 99 63  	.byte $F8,$C0,$99,$63,$97,$0F,$0F,$1F,$38,$70,$C0,$C0,$0F,$1F,$3F,$7F,$FF
0016B6  1  97 0F 0F 1F  
0016BA  1  38 70 C0 C0  
0016C3  1  FF FF FF FF  	.byte $FF,$FF,$FF,$FF,$FF,$FF,$FF,$00,$00,$00,$00,$FF,$FF,$FF,$FF,$FF,$FF
0016C7  1  FF FF FF 00  
0016CB  1  00 00 00 FF  
0016D4  1  FF FF FF FF  	.byte $FF,$FF,$FF,$FF,$FF,$FF,$3F,$03,$00,$00,$E0,$F0,$F0,$F8,$F8,$F8,$F8
0016D8  1  FF FF 3F 03  
0016DC  1  00 00 E0 F0  
0016E5  1  F0 F0 F0 E0  	.byte $F0,$F0,$F0,$E0,$E0,$C0,$C0,$80,$80,$5F,$BF,$FF,$FF,$FF,$7F,$FF,$5F
0016E9  1  E0 C0 C0 80  
0016ED  1  80 5F BF FF  
0016F6  1  F3 4D 7F 5F  	.byte $F3,$4D,$7F,$5F,$0F,$87,$E3,$C1,$93,$E3,$F9,$FD,$FD,$FF,$FF,$FF,$FE
0016FA  1  0F 87 E3 C1  
0016FE  1  93 E3 F9 FD  
001707  1  FD FB F3 37  	.byte $FD,$FB,$F3,$37,$FE,$CC,$EC,$83,$C5,$C3,$EC,$F2,$5C,$1C,$3A,$E9,$DD
00170B  1  FE CC EC 83  
00170F  1  C5 C3 EC F2  
001718  1  95 27 63 F3  	.byte $95,$27,$63,$F3,$F9,$B9,$C0,$C0,$80,$00,$00,$00,$00,$1F,$2E,$39,$30
00171C  1  F9 B9 C0 C0  
001720  1  80 00 00 00  
001729  1  10 40 00 00  	.byte $10,$40,$00,$00,$03,$00,$00,$00,$00,$00,$00,$00,$00,$C0,$60,$E0,$B0
00172D  1  03 00 00 00  
001731  1  00 00 00 00  
00173A  1  60 E0 80 00  	.byte $60,$E0,$80,$00,$03,$01,$03,$01,$03,$01,$03,$03,$19,$36,$1B,$7F,$10
00173E  1  03 01 03 01  
001742  1  03 01 03 03  
00174B  1  38 28 14 E0  	.byte $38,$28,$14,$E0,$E0,$E0,$F0,$F0,$F0,$F0,$F0,$FE,$FE,$FE,$F9,$E1,$07
00174F  1  E0 E0 F0 F0  
001753  1  F0 F0 F0 FE  
00175C  1  0F 7F 80 80  	.byte $0F,$7F,$80,$80,$80,$80,$80,$80,$80,$80,$40,$40,$42,$E0,$E0,$F0,$F8
001760  1  80 80 80 80  
001764  1  80 80 40 40  
00176D  1  FC 08 00 04  	.byte $FC,$08,$00,$04,$03,$01,$41,$01,$01,$01,$05,$02,$02,$82,$42,$02,$0A
001771  1  03 01 41 01  
001775  1  01 01 05 02  
00177E  1  09 12 24 24  	.byte $09,$12,$24,$24,$5C,$88,$9E,$7E,$F2,$84,$00,$81,$01,$01,$03,$03,$44
001782  1  5C 88 9E 7E  
001786  1  F2 84 00 81  
00178F  1  00 00 00 00  	.byte $00,$00,$00,$00,$00,$00,$F8,$41,$B1,$CC,$B2,$C4,$E7,$C7,$A7,$01,$01
001793  1  00 00 F8 41  
001797  1  B1 CC B2 C4  
0017A0  1  08 10 00 20  	.byte $08,$10,$00,$20,$60,$C0,$00,$00,$00,$80,$80,$C0,$40,$E0,$FF,$FF,$FF
0017A4  1  60 C0 00 00  
0017A8  1  00 80 80 C0  
0017B1  1  FF FF FF FF  	.byte $FF,$FF,$FF,$FF,$FF,$7F,$7F,$7F,$7F,$3F,$3F,$3F,$3F,$80,$C0,$C0,$C0
0017B5  1  FF 7F 7F 7F  
0017B9  1  7F 3F 3F 3F  
0017C2  1  E0 E1 E7 EF  	.byte $E0,$E1,$E7,$EF,$FF,$FF,$FF,$FF,$FF,$FF,$FF,$FF,$00,$02,$0E,$1E,$7E
0017C6  1  FF FF FF FF  
0017CA  1  FF FF FF FF  
0017D3  1  FF FE FE FE  	.byte $FF,$FE,$FE,$FE,$FF,$FE,$FF,$FF,$FE,$F9,$F6,$F4,$E0,$C8,$E8,$C8,$A8
0017D7  1  FF FE FF FF  
0017DB  1  FE F9 F6 F4  
0017E4  1  B0 B1 C7 87  	.byte $B0,$B1,$C7,$87,$87,$87,$87,$0F,$0F,$0E,$58,$7C,$5C,$76,$73,$BB,$FD
0017E8  1  87 87 87 0F  
0017EC  1  0F 0E 58 7C  
0017F5  1  FC F7 EF EF  	.byte $FC,$F7,$EF,$EF,$CF,$DF,$BF,$3F,$3C,$06,$04,$87,$52,$77,$BB,$DB,$FF
0017F9  1  CF DF BF 3F  
0017FD  1  3C 06 04 87  
001806  1  F5 EF FF DF  	.byte $F5,$EF,$FF,$DF,$9F,$3E,$7E,$FF,$80,$34,$2C,$CA,$FB,$BF,$BF,$7E,$F8
00180A  1  9F 3E 7E FF  
00180E  1  80 34 2C CA  
001817  1  F4 C8 09 31  	.byte $F4,$C8,$09,$31,$03,$42,$00,$00,$00,$60,$C0,$80,$00,$00,$03,$78,$C1
00181B  1  03 42 00 00  
00181F  1  00 60 C0 80  
001828  1  E4 8F 03 1F  	.byte $E4,$8F,$03,$1F,$03,$FF,$00,$03,$0E,$1C,$3C,$39,$F3,$E6,$37,$6F,$C7
00182C  1  03 FF 00 03  
001830  1  0E 1C 3C 39  
001839  1  CF C7 CF C7  	.byte $CF,$C7,$CF,$C7,$CF,$00,$00,$00,$80,$C0,$A0,$60,$F0,$F8,$FC,$FC,$FE
00183D  1  CF 00 00 00  
001841  1  80 C0 A0 60  
00184A  1  FE FE FE FF  	.byte $FE,$FE,$FE,$FF,$F8,$C0,$FC,$E0,$E1,$F9,$B3,$F8,$FC,$FF,$FC,$FF,$F6
00184E  1  F8 C0 FC E0  
001852  1  E1 F9 B3 F8  
00185B  1  FF FF FF F3  	.byte $FF,$FF,$FF,$F3,$78,$7F,$5C,$47,$C3,$71,$7D,$2E,$FE,$34,$FF,$38,$FF
00185F  1  78 7F 5C 47  
001863  1  C3 71 7D 2E  
00186C  1  7E FF FD 7D  	.byte $7E,$FF,$FD,$7D,$FD,$5F,$7F,$9F,$FF,$EF,$77,$1F,$0B,$E7,$DE,$FE,$FE
001870  1  FD 5F 7F 9F  
001874  1  FF EF 77 1F  
00187D  1  FE 00 00 80  	.byte $FE,$00,$00,$80,$80,$98,$C7,$BF,$80,$80,$00,$00,$00,$00,$00,$00,$00
001881  1  80 98 C7 BF  
001885  1  80 80 00 00  
00188E  1  10 10 08 04  	.byte $10,$10,$08,$04,$04,$C4,$FE,$FC,$1E,$0E,$00,$00,$00,$00,$00,$00,$21
001892  1  04 C4 FE FC  
001896  1  1E 0E 00 00  
00189F  1  12 23 33 0F  	.byte $12,$23,$33,$0F,$03,$01,$00,$00,$00,$00,$00,$00,$00,$00,$00,$FF,$FF
0018A3  1  03 01 00 00  
0018A7  1  00 00 00 00  
0018B0  1  FF FF FF 7F  	.byte $FF,$FF,$FF,$7F,$86,$F0,$1E,$07,$00,$00,$00,$00,$00,$00,$FC,$DE,$B7
0018B4  1  86 F0 1E 07  
0018B8  1  00 00 00 00  
0018C1  1  BF FE F1 FF  	.byte $BF,$FE,$F1,$FF,$66,$00,$C3,$7F,$00,$00,$00,$00,$00,$0C,$06,$06,$04
0018C5  1  66 00 C3 7F  
0018C9  1  00 00 00 00  
0018D2  1  04 C4 E2 42  	.byte $04,$C4,$E2,$42,$02,$E2,$82,$02,$03,$07,$04,$1C,$33,$1F,$03,$07,$8F
0018D6  1  02 E2 82 02  
0018DA  1  03 07 04 1C  
0018E3  1  0E 0C 1C 18  	.byte $0E,$0C,$1C,$18,$30,$30,$63,$C3,$0F,$1F,$3F,$C5,$87,$CE,$BF,$1F,$1F
0018E7  1  30 30 63 C3  
0018EB  1  0F 1F 3F C5  
0018F4  1  1F 3F 7F FF  	.byte $1F,$3F,$7F,$FF,$FF,$FF,$FF,$FF,$FF,$FD,$E0,$E0,$C0,$D0,$F8,$E8,$E8
0018F8  1  FF FF FF FF  
0018FC  1  FF FD E0 E0  
001905  1  E8 80 20 10  	.byte $E8,$80,$20,$10,$34,$14,$34,$3C,$FC,$3F,$3F,$3F,$3F,$3F,$3F,$1F,$1F
001909  1  34 14 34 3C  
00190D  1  FC 3F 3F 3F  
001916  1  00 0F 07 00  	.byte $00,$0F,$07,$00,$00,$00,$00,$00,$FF,$FF,$FF,$FF,$FF,$FF,$FF,$DF,$7E
00191A  1  00 00 00 00  
00191E  1  FF FF FF FF  
001927  1  F8 E0 00 00  	.byte $F8,$E0,$00,$00,$00,$00,$00,$F9,$FE,$FD,$FE,$FE,$FF,$F8,$C0,$00,$00
00192B  1  00 00 00 F9  
00192F  1  FE FD FE FE  
001938  1  00 00 00 00  	.byte $00,$00,$00,$00,$00,$00,$9E,$1E,$9E,$5E,$0E,$07,$47,$C7,$C7,$C7,$83
00193C  1  00 00 9E 1E  
001940  1  9E 5E 0E 07  
001949  1  81 81 C0 E5  	.byte $81,$81,$C0,$E5,$F7,$7C,$39,$72,$31,$33,$37,$32,$9B,$8F,$CF,$CF,$F7
00194D  1  F7 7C 39 72  
001951  1  31 33 37 32  
00195A  1  E7 FF FF FF  	.byte $E7,$FF,$FF,$FF,$FD,$FB,$FA,$F6,$48,$80,$00,$80,$43,$A5,$D3,$8F,$DF
00195E  1  FD FB FA F6  
001962  1  48 80 00 80  
00196B  1  9F FF FF 04  	.byte $9F,$FF,$FF,$04,$09,$00,$13,$4F,$97,$6F,$9F,$FF,$FF,$FF,$FF,$FF,$FF
00196F  1  09 00 13 4F  
001973  1  97 6F 9F FF  
00197C  1  FF FF 3F FF  	.byte $FF,$FF,$3F,$FF,$37,$FF,$FF,$FF,$FF,$FF,$FF,$FF,$FF,$FF,$FF,$FF,$FC
001980  1  37 FF FF FF  
001984  1  FF FF FF FF  
00198D  1  FF E7 E7 C2  	.byte $FF,$E7,$E7,$C2,$C0,$CF,$FF,$FF,$FF,$FF,$FF,$FF,$DF,$EF,$AF,$7F,$14
001991  1  C0 CF FF FF  
001995  1  FF FF FF FF  
00199E  1  FF FF 1F 6F  	.byte $FF,$FF,$1F,$6F,$FF,$FF,$FF,$FF,$FF,$FF,$FE,$F8,$E0,$C0,$00,$00,$FF
0019A2  1  FF FF FF FF  
0019A6  1  FF FF FE F8  
0019AF  1  FF FF 7F 3F  	.byte $FF,$FF,$7F,$3F,$9F,$5F,$37,$33,$5F,$86,$01,$00,$01,$82,$44,$FD,$FF
0019B3  1  9F 5F 37 33  
0019B7  1  5F 86 01 00  
0019C0  1  FF FF FF FF  	.byte $FF,$FF,$FF,$FF,$FF,$FF,$FF,$FF,$00,$FF,$80,$00,$03,$02,$FE,$FC,$F8
0019C4  1  FF FF FF FF  
0019C8  1  00 FF 80 00  
0019D1  1  F9 F9 F0 E0  	.byte $F9,$F9,$F0,$E0,$E8,$90,$40,$A0,$40,$80,$80,$00,$80,$00,$03,$C7,$EE
0019D5  1  E8 90 40 A0  
0019D9  1  40 80 80 00  
0019E2  1  04 03 63 21  	.byte $04,$03,$63,$21,$30,$F0,$78,$7F,$49,$2F,$3B,$31,$00,$30,$78,$30,$00
0019E6  1  30 F0 78 7F  
0019EA  1  49 2F 3B 31  
0019F3  1  18 18 B8 D8  	.byte $18,$18,$B8,$D8,$88,$0E,$E9,$FB,$9D,$DF,$FE,$00,$00,$00,$00,$00,$00
0019F7  1  88 0E E9 FB  
0019FB  1  9D DF FE 00  
001A04  1  00 00 00 00  	.byte $00,$00,$00,$00,$03,$8F,$DC,$F7,$FF,$FC,$00,$00,$00,$00,$00,$01,$07
001A08  1  03 8F DC F7  
001A0C  1  FF FC 00 00  
001A15  1  1F 7D F3 CF  	.byte $1F,$7D,$F3,$CF,$3E,$F9,$E7,$78,$E0,$00,$01,$06,$09,$73,$CF,$3F,$FC
001A19  1  3E F9 E7 78  
001A1D  1  E0 00 01 06  
001A26  1  F8 EF BF 7C  	.byte $F8,$EF,$BF,$7C,$F0,$88,$03,$0C,$21,$0E,$1F,$FF,$FB,$E9,$2D,$6D,$F7
001A2A  1  F0 88 03 0C  
001A2E  1  21 0E 1F FF  
001A37  1  58 09 8F 9C  	.byte $58,$09,$8F,$9C,$F4,$22,$22,$FF,$7E,$1B,$A6,$DC,$D0,$E1,$E6,$F8,$F0
001A3B  1  F4 22 22 FF  
001A3F  1  7E 1B A6 DC  
001A48  1  F0 70 38 38  	.byte $F0,$70,$38,$38,$1C,$0C,$C3,$03,$00,$01,$00,$F8,$84,$02,$01,$00,$00
001A4C  1  1C 0C C3 03  
001A50  1  00 01 00 F8  
001A59  1  00 00 00 06  	.byte $00,$00,$00,$06,$06,$7C,$7D,$7C,$5F,$54,$A0,$C1,$09,$18,$F0,$00,$02
001A5D  1  06 7C 7D 7C  
001A61  1  5F 54 A0 C1  
001A6A  1  07 03 20 10  	.byte $07,$03,$20,$10,$00,$F0,$3C,$0F,$07,$05,$08,$C8,$50,$30,$30,$20,$24
001A6E  1  00 F0 3C 0F  
001A72  1  07 05 08 C8  
001A7B  1  20 E0 40 00  	.byte $20,$E0,$40,$00,$00,$00,$00,$E0,$70,$00,$02,$00,$00,$00,$00,$00,$00
001A7F  1  00 00 00 E0  
001A83  1  70 00 02 00  
001A8C  1  00 00 00 00  	.byte $00,$00,$00,$00,$00,$00,$00,$00,$00,$00,$01,$03,$0F,$1F,$3F,$3F,$F2
001A90  1  00 00 00 00  
001A94  1  00 00 01 03  
001A9D  1  3F FB 7F 7F  	.byte $3F,$FB,$7F,$7F,$7F,$7F,$7F,$7F,$FF,$FF,$FF,$FF,$FF,$FF,$F7,$58,$E0
001AA1  1  7F 7F 7F 7F  
001AA5  1  FF FF FF FF  
001AAE  1  FF FF FF FF  	.byte $FF,$FF,$FF,$FF,$FF,$FF,$FF,$FF,$FF,$FF,$FF,$FF,$FF,$FF,$00,$9F,$FF
001AB2  1  FF FF FF FF  
001AB6  1  FF FF FF FF  
001ABF  1  FF FF FF FF  	.byte $FF,$FF,$FF,$FF,$FF,$FF,$FF,$FF,$FF,$FF,$FF,$FF,$FF,$07,$A3,$FF,$FD
001AC3  1  FF FF FF FF  
001AC7  1  FF FF FF FF  
001AD0  1  FF FC FF E8  	.byte $FF,$FC,$FF,$E8,$FE,$E4,$FF,$FF,$FD,$FF,$FF,$FF,$FF,$FF,$DE,$1F,$AF
001AD4  1  FE E4 FF FF  
001AD8  1  FD FF FF FF  
001AE1  1  3F 2F 2B 0F  	.byte $3F,$2F,$2B,$0F,$1B,$A3,$E3,$91,$F9,$54,$FE,$FF,$FA,$A0,$90,$80,$80
001AE5  1  1B A3 E3 91  
001AE9  1  F9 54 FE FF  
001AF2  1  80 C0 F0 B0  	.byte $80,$C0,$F0,$B0,$A0,$E0,$C0,$80,$00,$00,$80,$00,$00,$00,$00,$00,$00
001AF6  1  A0 E0 C0 80  
001AFA  1  00 00 80 00  
001B03  1  00 00 00 00  	.byte $00,$00,$00,$00,$00,$00,$00,$00,$00,$00,$00,$B0,$4C,$3B,$04,$00,$00
001B07  1  00 00 00 00  
001B0B  1  00 00 00 B0  
001B14  1  00 00 00 00  	.byte $00,$00,$00,$00,$00,$00,$01,$07,$72,$6F,$05,$1E,$68,$96,$00,$00,$00
001B18  1  00 00 01 07  
001B1C  1  72 6F 05 1E  
001B25  1  00 00 00 1F  	.byte $00,$00,$00,$1F,$7D,$FB,$CE,$B8,$FF,$00,$00,$00,$00,$01,$03,$0F,$1E
001B29  1  7D FB CE B8  
001B2D  1  FF 00 00 00  
001B36  1  79 E7 FC E3  	.byte $79,$E7,$FC,$E3,$84,$13,$7E,$FF,$27,$3B,$3F,$7D,$FB,$EF,$9F,$7C,$F3
001B3A  1  84 13 7E FF  
001B3E  1  27 3B 3F 7D  
001B47  1  C7 93 63 83  	.byte $C7,$93,$63,$83,$01,$03,$01,$FF,$EF,$1E,$FD,$F3,$CF,$3D,$FA,$DC,$8E
001B4B  1  01 03 01 FF  
001B4F  1  EF 1E FD F3  
001B58  1  E7 C6 E7 FE  	.byte $E7,$C6,$E7,$FE,$F3,$EB,$F3,$CE,$3C,$F0,$D0,$E9,$DE,$F6,$F9,$70,$3B
001B5C  1  F3 EB F3 CE  
001B60  1  3C F0 D0 E9  
001B69  1  3C 7C BC 7C  	.byte $3C,$7C,$BC,$7C,$98,$80,$01,$06,$18,$60,$80,$03,$04,$00,$00,$00,$06
001B6D  1  98 80 01 06  
001B71  1  18 60 80 03  
001B7A  1  03 17 1E 7D  	.byte $03,$17,$1E,$7D,$70,$C0,$00,$00,$00,$00,$80,$50,$10,$10,$5E,$F9,$FF
001B7E  1  70 C0 00 00  
001B82  1  00 00 80 50  
001B8B  1  DE 34 D2 00  	.byte $DE,$34,$D2,$00,$FF,$11,$11,$0F,$19,$07,$1D,$7B,$E6,$F0,$C0,$00,$00
001B8F  1  FF 11 11 0F  
001B93  1  19 07 1D 7B  
001B9C  1  00 00 0C FF  	.byte $00,$00,$0C,$FF,$0F,$3F,$FC,$C8,$30,$C0,$80,$00,$00,$00,$00,$00,$00
001BA0  1  0F 3F FC C8  
001BA4  1  30 C0 80 00  
001BAD  1  00 06 FE 0C  	.byte $00,$06,$FE,$0C,$04,$04,$00,$00,$00,$00,$00,$00,$00,$04,$00,$00,$00
001BB1  1  04 04 00 00  
001BB5  1  00 00 00 00  
001BBE  1  10 10 10 10  	.byte $10,$10,$10,$10,$08,$FC,$08,$00,$00,$00,$00,$04,$00,$04,$00,$00,$20
001BC2  1  08 FC 08 00  
001BC6  1  00 00 00 04  
001BCF  1  30 20 48 80  	.byte $30,$20,$48,$80,$00,$00,$00,$00,$00,$00,$00,$01,$01,$03,$03,$00,$00
001BD3  1  00 00 00 00  
001BD7  1  00 00 00 01  
001BE0  1  00 01 03 07  	.byte $00,$01,$03,$07,$1F,$1F,$3F,$5F,$9F,$DF,$EF,$FF,$FE,$FE,$07,$00,$80
001BE4  1  1F 1F 3F 5F  
001BE8  1  9F DF EF FF  
001BF1  1  E3 DC F6 FF  	.byte $E3,$DC,$F6,$FF,$FF,$FF,$FE,$F0,$E0,$C0,$00,$00,$00,$03,$04,$13,$1F
001BF5  1  FF FF FE F0  
001BF9  1  E0 C0 00 00  
001C02  1  BF 7C F0 E0  	.byte $BF,$7C,$F0,$E0,$00,$00,$00,$00,$00,$00,$00,$00,$6F,$FF,$FF,$F0,$80
001C06  1  00 00 00 00  
001C0A  1  00 00 00 00  
001C13  1  00 00 00 00  	.byte $00,$00,$00,$00,$00,$00,$00,$00,$00,$00,$00,$48,$FF,$FF,$FB,$1F,$07
001C17  1  00 00 00 00  
001C1B  1  00 00 00 48  
001C24  1  01 00 00 00  	.byte $01,$00,$00,$00,$00,$00,$00,$00,$00,$00,$11,$98,$F6,$FD,$FF,$FF,$FF
001C28  1  00 00 00 00  
001C2C  1  00 00 11 98  
001C35  1  7F 1F 0F 01  	.byte $7F,$1F,$0F,$01,$00,$00,$00,$00,$00,$FF,$3E,$00,$A0,$F8,$FC,$FE,$FF
001C39  1  00 00 00 00  
001C3D  1  00 FF 3E 00  
001C46  1  FF FF 7F FF  	.byte $FF,$FF,$7F,$FF,$A3,$FF,$AE,$FE,$C0,$00,$00,$00,$00,$00,$00,$80,$C0
001C4A  1  A3 FF AE FE  
001C4E  1  C0 00 00 00  
001C57  1  E0 F0 F8 F8  	.byte $E0,$F0,$F8,$F8,$F8,$F0,$70,$00,$00,$00,$00,$00,$00,$00,$00,$03,$02
001C5B  1  F8 F0 70 00  
001C5F  1  00 00 00 00  
001C68  1  3F 07 04 05  	.byte $3F,$07,$04,$05,$17,$03,$63,$34,$18,$19,$1B,$02,$07,$07,$05,$07,$05
001C6C  1  17 03 63 34  
001C70  1  18 19 1B 02  
001C79  1  07 07 07 07  	.byte $07,$07,$07,$07,$03,$07,$3F,$FF,$BC,$70,$E0,$C0,$C0,$80,$80,$80,$80
001C7D  1  03 07 3F FF  
001C81  1  BC 70 E0 C0  
001C8A  1  81 82 C2 C2  	.byte $81,$82,$C2,$C2,$E0,$C0,$00,$00,$00,$00,$00,$00,$03,$07,$1F,$3F,$7E
001C8E  1  E0 C0 00 00  
001C92  1  00 00 00 00  
001C9B  1  F8 F8 F0 00  	.byte $F8,$F8,$F0,$00,$00,$00,$00,$00,$03,$07,$FF,$FE,$F8,$E6,$8C,$15,$6B
001C9F  1  00 00 00 00  
001CA3  1  03 07 FF FE  
001CAC  1  8F 3F F1 F9  	.byte $8F,$3F,$F1,$F9,$F9,$DD,$F9,$EC,$FF,$FE,$FE,$7F,$36,$7B,$F4,$FF,$F7
001CB0  1  F9 DD F9 EC  
001CB4  1  FF FE FE 7F  
001CBD  1  5F 54 8B CB  	.byte $5F,$54,$8B,$CB,$CE,$EF,$DD,$FF,$63,$33,$B3,$7B,$37,$B8,$5D,$94,$DC
001CC1  1  CE EF DD FF  
001CC5  1  63 33 B3 7B  
001CCE  1  F7 CE 3B E0  	.byte $F7,$CE,$3B,$E0,$80,$00,$FF,$C0,$C0,$C0,$A0,$60,$E0,$C0,$80,$00,$91
001CD2  1  80 00 FF C0  
001CD6  1  C0 C0 A0 60  
001CDF  1  10 10 10 10  	.byte $10,$10,$10,$10,$10,$FF,$18,$1C,$0F,$03,$03,$01,$00,$00,$00,$F8,$18
001CE3  1  10 FF 18 1C  
001CE7  1  0F 03 03 01  
001CF0  1  0E 07 03 3F  	.byte $0E,$07,$03,$3F,$C1,$01,$00,$40,$80,$C0,$C0,$C0,$00,$00,$00,$00,$00
001CF4  1  C1 01 00 40  
001CF8  1  80 C0 C0 C0  
001D01  1  CC FA FE 3F  	.byte $CC,$FA,$FE,$3F,$0E,$02,$00,$00,$00,$00,$00,$00,$00,$00,$00,$00,$00
001D05  1  0E 02 00 00  
001D09  1  00 00 00 00  
001D12  1  00 00 00 00  	.byte $00,$00,$00,$00,$00,$00,$00,$00,$00,$00,$00,$00,$00,$00,$00,$00,$00
001D16  1  00 00 00 00  
001D1A  1  00 00 00 00  
001D23  1  00 00 00 00  	.byte $00,$00,$00,$00,$00,$00,$00,$01,$07,$07,$1A,$03,$03,$07,$07,$07,$0E
001D27  1  00 00 00 01  
001D2B  1  07 07 1A 03  
001D34  1  0F 0F 0E 30  	.byte $0F,$0F,$0E,$30,$77,$3F,$0F,$FD,$F3,$C0,$FA,$F2,$E2,$E2,$FE,$00,$80
001D38  1  77 3F 0F FD  
001D3C  1  F3 C0 FA F2  
001D45  1  80 00 00 00  	.byte $80,$00,$00,$00,$00,$00,$00,$00,$00,$00,$00,$00,$00,$00,$00,$01,$00
001D49  1  00 00 00 00  
001D4D  1  00 00 00 00  
001D56  1  00 00 00 00  	.byte $00,$00,$00,$00,$00,$01,$00,$4E,$00,$00,$00,$00,$00,$00,$52,$03,$00
001D5A  1  00 01 00 4E  
001D5E  1  00 00 00 00  
001D67  1  2F 04 0E 04  	.byte $2F,$04,$0E,$04,$FF,$1E,$BF,$00,$00,$00,$00,$40,$00,$EA,$60,$00,$00
001D6B  1  FF 1E BF 00  
001D6F  1  00 00 00 40  
001D78  1  00 EC 00 BA  	.byte $00,$EC,$00,$BA,$00,$F8,$00,$00,$00,$00,$00,$00,$00,$00,$00,$00,$00
001D7C  1  00 F8 00 00  
001D80  1  00 00 00 00  
001D89  1  00 00 23 03  	.byte $00,$00,$23,$03,$01,$01,$03,$03,$07,$0F,$17,$2B,$7F,$FE,$FE,$04,$7C
001D8D  1  01 01 03 03  
001D91  1  07 0F 17 2B  
001D9A  1  FA F0 FD 70  	.byte $FA,$F0,$FD,$70,$FE,$FF,$FF,$FF,$FE,$FC,$E8,$F0,$80,$00,$00,$00,$00
001D9E  1  FE FF FF FF  
001DA2  1  FE FC E8 F0  
001DAB  1  80 C0 80 20  	.byte $80,$C0,$80,$20,$40,$80,$80,$00,$00,$00,$00,$0B,$00,$00,$00,$00,$00
001DAF  1  40 80 80 00  
001DB3  1  00 00 00 0B  
001DBC  1  00 00 BF 07  	.byte $00,$00,$BF,$07,$05,$0F,$1F,$0F,$FF,$1B,$FF,$FF,$1F,$7F,$1F,$0F,$3F
001DC0  1  05 0F 1F 0F  
001DC4  1  FF 1B FF FF  
001DCD  1  1D 02 03 03  	.byte $1D,$02,$03,$03,$05,$04,$08,$08,$08,$10,$10,$2B,$23,$FF,$F8,$FD,$68
001DD1  1  05 04 08 08  
001DD5  1  08 10 10 2B  
001DDE  1  C4 E4 A4 F8  	.byte $C4,$E4,$A4,$F8,$7E,$79,$7E,$60,$40,$80,$E8,$00,$78,$00,$0B,$00,$B4
001DE2  1  7E 79 7E 60  
001DE6  1  40 80 E8 00  
001DEF  1  D9 BF AF EB  	.byte $D9,$BF,$AF,$EB,$E0,$40,$80,$80,$00,$E5,$00,$9F,$08,$7C,$10,$3D,$FF
001DF3  1  E0 40 80 80  
001DF7  1  00 E5 00 9F  
001E00  1  DC 7F 00 00  	.byte $DC,$7F,$00,$00,$00,$00,$00,$00,$FE,$20,$FF,$3C,$FF,$3C,$C7,$82,$7B
001E04  1  00 00 00 00  
001E08  1  FE 20 FF 3C  
001E11  1  FF 01 00 00  	.byte $FF,$01,$00,$00,$00,$00,$00,$00,$01,$83,$01,$77,$07,$9E,$DC,$F0,$E0
001E15  1  00 00 00 00  
001E19  1  01 83 01 77  
001E22  1  80 00 01 00  	.byte $80,$00,$01,$00,$00,$00,$05,$C0,$F3,$C0,$F2,$C0,$00,$00,$00,$00,$00
001E26  1  00 00 05 C0  
001E2A  1  F3 C0 F2 C0  
001E33  1  00 AF 00 8F  	.byte $00,$AF,$00,$8F,$01,$7F,$01,$8F,$07,$3F,$1F,$00,$00,$00,$10,$B8,$00
001E37  1  01 7F 01 8F  
001E3B  1  07 3F 1F 00  
001E44  1  FE 20 FA E0  	.byte $FE,$20,$FA,$E0,$FC,$00,$E5,$80,$FD,$00,$00,$00,$00,$00,$00,$00,$20
001E48  1  FC 00 E5 80  
001E4C  1  FD 00 00 00  
001E55  1  00 00 00 0F  	.byte $00,$00,$00,$0F,$00,$8F,$00,$7E,$1C,$00,$00,$00,$00,$00,$00,$1C,$00
001E59  1  00 8F 00 7E  
001E5D  1  1C 00 00 00  
001E66  1  8C 00 43 00  	.byte $8C,$00,$43,$00,$57,$03,$FF,$7C,$00,$00,$00,$00,$00,$00,$70,$00,$80
001E6A  1  57 03 FF 7C  
001E6E  1  00 00 00 00  
001E77  1  00 F0 00 E0  	.byte $00,$F0,$00,$E0,$40,$BD,$00,$3F,$00,$00,$57,$07,$02,$03,$02,$02,$03
001E7B  1  40 BD 00 3F  
001E7F  1  00 00 57 07  
001E88  1  00 00 00 00  	.byte $00,$00,$00,$00,$00,$3C,$00,$00,$00,$80,$F8,$7C,$FC,$1C,$03,$1F,$0A
001E8C  1  00 3C 00 00  
001E90  1  00 80 F8 7C  
001E99  1  03 00 00 02  	.byte $03,$00,$00,$02,$01,$00,$01,$00,$17,$3D,$00,$15,$00,$05,$E0,$FC,$78
001E9D  1  01 00 01 00  
001EA1  1  17 3D 00 15  
001EAA  1  1E 38 7F E8  	.byte $1E,$38,$7F,$E8,$00,$F6,$00,$9D,$7F,$00,$7E,$30,$FC,$00,$00,$00,$56
001EAE  1  00 F6 00 9D  
001EB2  1  7F 00 7E 30  
001EBB  1  00 F4 00 0F  	.byte $00,$F4,$00,$0F,$A7,$1E,$FF,$FF,$1E,$3E,$1C,$FF,$00,$00,$00,$3A,$00
001EBF  1  A7 1E FF FF  
001EC3  1  1E 3E 1C FF  
001ECC  1  03 08 00 BA  	.byte $03,$08,$00,$BA,$00,$8C,$7C,$00,$63,$00,$D4,$01,$1F,$03,$BF,$0F,$5F
001ED0  1  00 8C 7C 00  
001ED4  1  63 00 D4 01  
001EDD  1  0F 01 80 01  	.byte $0F,$01,$80,$01,$00,$00,$00,$A0,$00,$00,$BF,$FF,$FF,$FF,$FF,$FF,$FF
001EE1  1  00 00 00 A0  
001EE5  1  00 00 BF FF  
001EEE  1  FF 8D F0 03  	.byte $FF,$8D,$F0,$03,$00,$00,$00,$00,$00,$FF,$FF,$FF,$FF,$FF,$FF,$FF,$7F
001EF2  1  00 00 00 00  
001EF6  1  00 FF FF FF  
001EFF  1  DF 3C FF 00  	.byte $DF,$3C,$FF,$00,$00,$00,$00,$00,$FF,$FF,$FF,$FF,$FF,$FF,$FF,$40,$C0
001F03  1  00 00 00 00  
001F07  1  FF FF FF FF  
001F10  1  40 E0 00 02  	.byte $40,$E0,$00,$02,$00,$00,$01,$FF,$FF,$FF,$FF,$FF,$FF,$FF,$7F,$2F,$FF
001F14  1  00 00 01 FF  
001F18  1  FF FF FF FF  
001F21  1  0B 0F FF 1D  	.byte $0B,$0F,$FF,$1D,$7F,$FF,$FF,$FF,$FF,$FF,$FF,$FF,$FF
001F25  1  7F FF FF FF  
001F29  1  FF FF FF FF  
001F2E  1               
001F2E  1               
