ca65 V2.13.3 - (C) Copyright 1998-2012 Ullrich von Bassewitz
Main file   : titlecol.inc
Current file: titlecol.inc

000000r 1               ;----------------------------------------------
000000r 1               ; BASIC header
000000r 1               ;----------------------------------------------
000000r 1               
000000r 1               .org 9600
002580  1               
002580  1  82 25        	.word load
002582  1  8C 25        load:   .word @end
002584  1  02 00        	.word 2
002586  1  9E           	.byte $9e
002587  1  39           	.byte .lobyte(main/1000 .mod 10) + $30
002588  1  36           	.byte .lobyte(main/100 .mod 10) + $30
002589  1  31           	.byte .lobyte(main/10 .mod 10) + $30
00258A  1  34           	.byte .lobyte(main/1 .mod 10) + $30
00258B  1  00           	.byte 0
00258C  1  00 00        @end:   .word 0
00258E  1               
00258E  1               main:
00258E  1               
00258E  1               ; Colors as nybbles
00258E  1               
00258E  1  55 33 33 33  	.byte $55,$33,$33,$33,$33,$35,$57,$77,$73,$33,$66,$55,$33,$33,$33,$33,$32
002592  1  33 35 57 77  
002596  1  73 33 66 55  
00259F  1  55 71 13 33  	.byte $55,$71,$13,$33,$36,$33,$33,$33,$33,$00,$22,$55,$71,$11,$33,$33,$33
0025A3  1  36 33 33 33  
0025A7  1  33 00 22 55  
0025B0  1  33 33 33 35  	.byte $33,$33,$33,$35,$01,$11,$71,$11,$33,$33,$23,$33,$33,$33,$55,$73,$33
0025B4  1  01 11 71 11  
0025B8  1  33 33 23 33  
0025C1  1  71 11 31 13  	.byte $71,$11,$31,$13,$22,$22,$23,$33,$77,$77,$66,$62,$22,$26,$66,$22,$22
0025C5  1  22 22 23 33  
0025C9  1  77 77 66 62  
0025D2  1  23 33 77 77  	.byte $23,$33,$77,$77,$66,$66,$66,$66,$66,$22,$27,$77,$77,$77,$77,$70,$22
0025D6  1  66 66 66 66  
0025DA  1  66 22 27 77  
0025E3  1  22 21 10 77  	.byte $22,$21,$10,$77,$77,$77,$77,$77,$77,$72,$22,$22,$22,$26,$77,$77,$77
0025E7  1  77 77 77 77  
0025EB  1  77 72 22 22  
0025F4  1  77 77 05 52  	.byte $77,$77,$05,$52,$66,$65,$52,$26,$77,$77,$77,$33,$33,$33,$33,$66,$65
0025F8  1  66 65 52 26  
0025FC  1  77 77 77 33  
002605  1  55 56        	.byte $55,$56
002607  1               
002607  1               
