ca65 V2.13.3 - (C) Copyright 1998-2012 Ullrich von Bassewitz
Main file   : gameover.asm
Current file: gameover.asm

000000r 1               ;----------------------------------------------
000000r 1               ;Tents puzzle game
000000r 1               ; Atom version by Kees van Oss  2023
000000r 1               ;----------------------------------------------
000000r 1               	.DEFINE asm_code $1000-2
000000r 1               	.DEFINE header   0		; Header Wouter Ras emulator
000000r 1               	.DEFINE filenaam "TENTS"
000000r 1               
000000r 1               .org asm_code-22*header
000FFE  1               
000FFE  1               .IF header
000FFE  1               ;********************************************************************
000FFE  1               ; ATM Header for Atom emulator Wouter Ras
000FFE  1               
000FFE  1               name_start:
000FFE  1               	.byte filenaam			; Filename
000FFE  1               name_end:
000FFE  1               	.repeat 16-name_end+name_start	; Fill with 0 till 16 chars
000FFE  1               	  .byte $0
000FFE  1               	.endrep
000FFE  1               
000FFE  1               	.word asm_code			; 2 bytes startaddress
000FFE  1               	.word exec			; 2 bytes linkaddress
000FFE  1               	.word eind_asm-start_asm	; 2 bytes filelength
000FFE  1               
000FFE  1               ;********************************************************************
000FFE  1               .ENDIF
000FFE  1               
000FFE  1               
000FFE  1               exec  = start_asm
000FFE  1               start_asm:
000FFE  1               	.include "gameover.inc"
000FFE  2               ;----------------------------------------------
000FFE  2               ; BASIC header
000FFE  2               ;----------------------------------------------
000FFE  2               
000FFE  2  00 10        	.word load
001000  2               load:
001000  2               main:
001000  2               
001000  2               
001000  2               
001000  2               ; .VIC format
001000  2               
001000  2               
001000  2               ; Bitmap
001000  2               
001000  2  00 00 00 00  	.byte $00,$00,$00,$00,$00,$00,$00,$00,$00,$00,$00,$00,$00,$00,$00,$00,$00
001004  2  00 00 00 00  
001008  2  00 00 00 00  
001011  2  00 00 00 00  	.byte $00,$00,$00,$00,$00,$00,$00,$00,$00,$00,$00,$00,$00,$00,$00,$00,$00
001015  2  00 00 00 00  
001019  2  00 00 00 00  
001022  2  00 00 00 00  	.byte $00,$00,$00,$00,$00,$00,$00,$00,$00,$00,$00,$00,$00,$00,$00,$00,$00
001026  2  00 00 00 00  
00102A  2  00 00 00 00  
001033  2  00 00 00 00  	.byte $00,$00,$00,$00,$00,$00,$00,$00,$00,$00,$00,$00,$00,$00,$00,$00,$00
001037  2  00 00 00 00  
00103B  2  00 00 00 00  
001044  2  00 00 00 00  	.byte $00,$00,$00,$00,$00,$00,$00,$00,$00,$00,$00,$00,$00,$00,$00,$00,$00
001048  2  00 00 00 00  
00104C  2  00 00 00 00  
001055  2  00 00 00 00  	.byte $00,$00,$00,$00,$00,$00,$00,$00,$00,$00,$00,$00,$00,$00,$00,$00,$00
001059  2  00 00 00 00  
00105D  2  00 00 00 00  
001066  2  00 00 00 00  	.byte $00,$00,$00,$00,$00,$00,$00,$00,$00,$00,$00,$00,$00,$00,$00,$00,$00
00106A  2  00 00 00 00  
00106E  2  00 00 00 00  
001077  2  00 00 00 00  	.byte $00,$00,$00,$00,$00,$00,$00,$00,$00,$00,$00,$00,$00,$00,$00,$00,$00
00107B  2  00 00 00 00  
00107F  2  00 00 00 00  
001088  2  00 00 00 00  	.byte $00,$00,$00,$00,$00,$00,$00,$00,$00,$00,$00,$00,$00,$00,$00,$00,$00
00108C  2  00 00 00 00  
001090  2  00 00 00 00  
001099  2  00 05 01 0A  	.byte $00,$05,$01,$0A,$06,$C2,$C3,$00,$00,$02,$02,$02,$02,$02,$02,$02,$02
00109D  2  06 C2 C3 00  
0010A1  2  00 02 02 02  
0010AA  2  12 12 6A 2E  	.byte $12,$12,$6A,$2E,$2E,$1E,$00,$00,$00,$00,$00,$00,$00,$00,$00,$10,$00
0010AE  2  2E 1E 00 00  
0010B2  2  00 00 00 00  
0010BB  2  00 26 24 24  	.byte $00,$26,$24,$24,$28,$00,$00,$00,$00,$00,$00,$00,$00,$01,$02,$00,$04
0010BF  2  28 00 00 00  
0010C3  2  00 00 00 00  
0010CC  2  0B 1F 3F 3B  	.byte $0B,$1F,$3F,$3B,$00,$00,$00,$00,$00,$00,$00,$00,$00,$00,$80,$00,$00
0010D0  2  00 00 00 00  
0010D4  2  00 00 00 00  
0010DD  2  00 00 00 00  	.byte $00,$00,$00,$00,$00,$00,$00,$00,$00,$00,$00,$00,$00,$00,$00,$00,$00
0010E1  2  00 00 00 00  
0010E5  2  00 00 00 00  
0010EE  2  00 00 00 00  	.byte $00,$00,$00,$00,$00,$00,$00,$00,$00,$00,$00,$00,$00,$00,$00,$00,$00
0010F2  2  00 00 00 00  
0010F6  2  00 00 00 00  
0010FF  2  00 00 00 00  	.byte $00,$00,$00,$00,$00,$00,$00,$00,$00,$00,$00,$00,$00,$00,$00,$00,$00
001103  2  00 00 00 00  
001107  2  00 00 00 00  
001110  2  00 00 00 00  	.byte $00,$00,$00,$00,$00,$00,$00,$00,$00,$00,$00,$00,$00,$00,$00,$00,$00
001114  2  00 00 00 00  
001118  2  00 00 00 00  
001121  2  00 00 00 00  	.byte $00,$00,$00,$00,$00,$00,$00,$00,$00,$00,$00,$00,$00,$00,$00,$00,$00
001125  2  00 00 00 00  
001129  2  00 00 00 00  
001132  2  00 00 00 00  	.byte $00,$00,$00,$00,$00,$00,$00,$00,$00,$00,$00,$00,$00,$00,$00,$00,$00
001136  2  00 00 00 00  
00113A  2  00 00 00 00  
001143  2  00 00 00 00  	.byte $00,$00,$00,$00,$00,$00,$00,$00,$00,$00,$00,$00,$00,$00,$00,$00,$00
001147  2  00 00 00 00  
00114B  2  00 00 00 00  
001154  2  00 00 00 00  	.byte $00,$00,$00,$00,$00,$00,$00,$00,$00,$00,$00,$00,$00,$00,$00,$00,$00
001158  2  00 00 00 00  
00115C  2  00 00 00 00  
001165  2  00 00 00 00  	.byte $00,$00,$00,$00,$00,$00,$00,$00,$00,$00,$00,$00,$00,$00,$00,$00,$00
001169  2  00 00 00 00  
00116D  2  00 00 00 00  
001176  2  00 00 00 00  	.byte $00,$00,$00,$00,$00,$00,$00,$00,$00,$00,$00,$00,$00,$00,$00,$00,$00
00117A  2  00 00 00 00  
00117E  2  00 00 00 00  
001187  2  00 00 00 00  	.byte $00,$00,$00,$00,$00,$00,$00,$00,$00,$00,$00,$00,$00,$00,$00,$00,$00
00118B  2  00 00 00 00  
00118F  2  00 00 00 00  
001198  2  00 00 00 00  	.byte $00,$00,$00,$00,$00,$00,$00,$00,$00,$00,$00,$00,$00,$00,$00,$00,$00
00119C  2  00 00 00 00  
0011A0  2  00 00 00 00  
0011A9  2  00 00 00 00  	.byte $00,$00,$00,$00,$00,$00,$00,$00,$00,$00,$00,$00,$00,$00,$00,$00,$00
0011AD  2  00 00 00 00  
0011B1  2  00 00 00 00  
0011BA  2  00 00 00 00  	.byte $00,$00,$00,$00,$00,$00,$00,$00,$00,$00,$00,$00,$00,$00,$00,$00,$00
0011BE  2  00 00 00 00  
0011C2  2  00 00 00 00  
0011CB  2  00 00 00 00  	.byte $00,$00,$00,$00,$00,$00,$00,$00,$00,$00,$00,$00,$00,$00,$00,$00,$00
0011CF  2  00 00 00 00  
0011D3  2  00 00 00 00  
0011DC  2  00 00 00 00  	.byte $00,$00,$00,$00,$00,$00,$00,$00,$01,$00,$00,$04,$01,$00,$00,$FF,$0F
0011E0  2  00 00 00 00  
0011E4  2  01 00 00 04  
0011ED  2  07 03 C3 F3  	.byte $07,$03,$C3,$F3,$71,$7C,$7F,$FF,$7F,$BF,$3F,$1F,$0F,$3F,$FF,$FF,$FF
0011F1  2  71 7C 7F FF  
0011F5  2  7F BF 3F 1F  
0011FE  2  FF FF 0E 0E  	.byte $FF,$FF,$0E,$0E,$86,$D7,$FF,$FF,$FF,$FF,$FF,$FF,$FF,$FF,$FF,$FF,$FF
001202  2  86 D7 FF FF  
001206  2  FF FF FF FF  
00120F  2  FF F8 F9 F1  	.byte $FF,$F8,$F9,$F1,$FF,$FF,$FF,$FF,$FF,$FF,$FF,$FF,$FF,$FF,$FF,$FF,$FF
001213  2  FF FF FF FF  
001217  2  FF FF FF FF  
001220  2  F6 FC EC DC  	.byte $F6,$FC,$EC,$DC,$F8,$FF,$FF,$FF,$FE,$FD,$FB,$FE,$FC,$FF,$FF,$FF,$00
001224  2  F8 FF FF FF  
001228  2  FE FD FB FE  
001231  2  00 00 00 C0  	.byte $00,$00,$00,$C0,$80,$20,$60,$C0,$30,$62,$DC,$D0,$E0,$E6,$E8,$00,$00
001235  2  80 20 60 C0  
001239  2  30 62 DC D0  
001242  2  00 00 00 00  	.byte $00,$00,$00,$00,$00,$00,$00,$00,$00,$00,$00,$00,$00,$00,$00,$00,$00
001246  2  00 00 00 00  
00124A  2  00 00 00 00  
001253  2  00 00 00 00  	.byte $00,$00,$00,$00,$00,$00,$00,$00,$00,$00,$00,$00,$00,$00,$00,$00,$00
001257  2  00 00 00 00  
00125B  2  00 00 00 00  
001264  2  00 00 00 00  	.byte $00,$00,$00,$00,$00,$00,$00,$00,$00,$00,$00,$00,$00,$00,$00,$00,$00
001268  2  00 00 00 00  
00126C  2  00 00 00 00  
001275  2  00 00 00 00  	.byte $00,$00,$00,$00,$00,$00,$00,$00,$00,$00,$00,$00,$00,$00,$00,$00,$00
001279  2  00 00 00 00  
00127D  2  00 00 00 00  
001286  2  00 00 00 00  	.byte $00,$00,$00,$00,$00,$00,$00,$00,$00,$00,$00,$00,$00,$00,$00,$00,$00
00128A  2  00 00 00 00  
00128E  2  00 00 00 00  
001297  2  00 00 00 00  	.byte $00,$00,$00,$00,$00,$00,$00,$00,$00,$00,$00,$00,$00,$00,$00,$00,$00
00129B  2  00 00 00 00  
00129F  2  00 00 00 00  
0012A8  2  00 00 00 00  	.byte $00,$00,$00,$00,$00,$00,$00,$00,$00,$00,$00,$00,$00,$00,$00,$00,$00
0012AC  2  00 00 00 00  
0012B0  2  00 00 00 00  
0012B9  2  00 00 00 00  	.byte $00,$00,$00,$00,$00,$00,$00,$00,$00,$00,$00,$00,$00,$00,$00,$00,$00
0012BD  2  00 00 00 00  
0012C1  2  00 00 00 00  
0012CA  2  00 00 00 00  	.byte $00,$00,$00,$00,$00,$00,$00,$00,$00,$00,$00,$00,$00,$00,$00,$00,$00
0012CE  2  00 00 00 00  
0012D2  2  00 00 00 00  
0012DB  2  00 00 00 00  	.byte $00,$00,$00,$00,$00,$00,$00,$00,$00,$00,$00,$00,$00,$00,$00,$00,$00
0012DF  2  00 00 00 00  
0012E3  2  00 00 00 00  
0012EC  2  00 00 00 00  	.byte $00,$00,$00,$00,$00,$00,$00,$00,$00,$00,$00,$00,$00,$00,$00,$00,$00
0012F0  2  00 00 00 00  
0012F4  2  00 00 00 00  
0012FD  2  00 00 00 00  	.byte $00,$00,$00,$00,$00,$00,$00,$00,$00,$00,$00,$00,$00,$00,$00,$00,$00
001301  2  00 00 00 00  
001305  2  00 00 00 00  
00130E  2  00 00 00 00  	.byte $00,$00,$00,$00,$00,$00,$00,$00,$00,$00,$00,$00,$00,$00,$00,$00,$00
001312  2  00 00 00 00  
001316  2  00 00 00 00  
00131F  2  00 00 00 00  	.byte $00,$00,$00,$00,$00,$00,$00,$00,$00,$00,$00,$00,$00,$00,$00,$00,$00
001323  2  00 00 00 00  
001327  2  00 00 00 00  
001330  2  00 00 00 00  	.byte $00,$00,$00,$00,$00,$00,$02,$00,$00,$00,$00,$00,$00,$00,$00,$00,$1F
001334  2  00 00 02 00  
001338  2  00 00 00 00  
001341  2  07 1F 1F 7F  	.byte $07,$1F,$1F,$7F,$FF,$7F,$FF,$FF,$FF,$3F,$5F,$DF,$0F,$3F,$3F,$FF,$FF
001345  2  FF 7F FF FF  
001349  2  FF 3F 5F DF  
001352  2  FF FF FF FF  	.byte $FF,$FF,$FF,$FF,$FF,$FF,$FF,$F9,$F3,$F0,$E0,$C0,$C0,$C0,$FF,$FF,$FF
001356  2  FF FF FF F9  
00135A  2  F3 F0 E0 C0  
001363  2  FF FF FF FF  	.byte $FF,$FF,$FF,$FF,$79,$71,$50,$40,$40,$40,$00,$00,$40,$FF,$FF,$FF,$FF
001367  2  79 71 50 40  
00136B  2  40 40 00 00  
001374  2  FF FF FF FF  	.byte $FF,$FF,$FF,$FF,$9F,$DD,$5D,$5E,$5E,$6E,$2E,$2E,$FF,$FF,$FF,$FF,$FF
001378  2  9F DD 5D 5E  
00137C  2  5E 6E 2E 2E  
001385  2  FF FF FF FF  	.byte $FF,$FF,$FF,$FF,$FF,$FF,$FF,$FF,$7F,$6F,$2F,$F8,$FE,$FF,$FF,$FF,$FF
001389  2  FF FF FF FF  
00138D  2  7F 6F 2F F8  
001396  2  FF FF FF FF  	.byte $FF,$FF,$FF,$FF,$FF,$FF,$FF,$FF,$FF,$FF,$00,$00,$0F,$FC,$E0,$F0,$00
00139A  2  FF FF FF FF  
00139E  2  FF FF 00 00  
0013A7  2  E0 80 00 C0  	.byte $E0,$80,$00,$C0,$80,$00,$80,$C0,$E0,$00,$00,$00,$00,$00,$00,$00,$00
0013AB  2  80 00 80 C0  
0013AF  2  E0 00 00 00  
0013B8  2  00 00 00 00  	.byte $00,$00,$00,$00,$00,$00,$00,$00,$00,$00,$00,$00,$00,$00,$00,$00,$00
0013BC  2  00 00 00 00  
0013C0  2  00 00 00 00  
0013C9  2  00 00 00 00  	.byte $00,$00,$00,$00,$00,$00,$00,$00,$00,$00,$00,$00,$00,$00,$00,$00,$00
0013CD  2  00 00 00 00  
0013D1  2  00 00 00 00  
0013DA  2  00 00 00 00  	.byte $00,$00,$00,$00,$00,$00,$00,$00,$00,$00,$00,$00,$00,$00,$00,$00,$00
0013DE  2  00 00 00 00  
0013E2  2  00 00 00 00  
0013EB  2  00 00 00 00  	.byte $00,$00,$00,$00,$00,$00,$00,$00,$00,$00,$00,$00,$00,$00,$00,$00,$00
0013EF  2  00 00 00 00  
0013F3  2  00 00 00 00  
0013FC  2  00 00 00 00  	.byte $00,$00,$00,$00,$00,$00,$00,$00,$00,$00,$00,$00,$00,$00,$00,$00,$00
001400  2  00 00 00 00  
001404  2  00 00 00 00  
00140D  2  00 00 00 00  	.byte $00,$00,$00,$00,$00,$00,$00,$00,$00,$00,$00,$00,$00,$00,$00,$00,$00
001411  2  00 00 00 00  
001415  2  00 00 00 00  
00141E  2  00 00 00 00  	.byte $00,$00,$00,$00,$00,$00,$00,$00,$00,$00,$00,$00,$00,$00,$00,$00,$00
001422  2  00 00 00 00  
001426  2  00 00 00 00  
00142F  2  00 00 00 00  	.byte $00,$00,$00,$00,$00,$00,$00,$00,$00,$00,$00,$00,$00,$00,$00,$00,$00
001433  2  00 00 00 00  
001437  2  00 00 00 00  
001440  2  00 00 00 00  	.byte $00,$00,$00,$00,$00,$00,$00,$00,$00,$00,$00,$00,$00,$00,$00,$00,$00
001444  2  00 00 00 00  
001448  2  00 00 00 00  
001451  2  00 00 00 00  	.byte $00,$00,$00,$00,$00,$00,$00,$00,$00,$00,$00,$00,$00,$00,$00,$00,$00
001455  2  00 00 00 00  
001459  2  00 00 00 00  
001462  2  00 00 00 00  	.byte $00,$00,$00,$00,$00,$00,$00,$00,$00,$00,$00,$00,$00,$00,$00,$00,$00
001466  2  00 00 00 00  
00146A  2  00 00 00 00  
001473  2  00 00 00 00  	.byte $00,$00,$00,$00,$00,$00,$00,$00,$00,$00,$00,$00,$00,$00,$00,$00,$00
001477  2  00 00 00 00  
00147B  2  00 00 00 00  
001484  2  00 00 00 00  	.byte $00,$00,$00,$00,$00,$00,$00,$00,$00,$00,$00,$00,$00,$00,$00,$00,$00
001488  2  00 00 00 00  
00148C  2  00 00 00 00  
001495  2  00 00 00 00  	.byte $00,$00,$00,$00,$00,$00,$00,$00,$00,$00,$00,$7F,$3F,$1F,$1F,$3F,$1F
001499  2  00 00 00 00  
00149D  2  00 00 00 7F  
0014A6  2  7F 3F 3F 3F  	.byte $7F,$3F,$3F,$3F,$1F,$1F,$0F,$1F,$1F,$0F,$C0,$C0,$C0,$C0,$C0,$80,$80
0014AA  2  1F 1F 0F 1F  
0014AE  2  1F 0F C0 C0  
0014B7  2  80 C0 C0 C0  	.byte $80,$C0,$C0,$C0,$C0,$C3,$C7,$CF,$CB,$00,$00,$00,$00,$00,$00,$00,$00
0014BB  2  C0 C3 C7 CF  
0014BF  2  CB 00 00 00  
0014C8  2  00 00 00 D8  	.byte $00,$00,$00,$D8,$FC,$FE,$FE,$FF,$26,$06,$03,$01,$01,$01,$01,$00,$00
0014CC  2  FC FE FE FF  
0014D0  2  26 06 03 01  
0014D9  2  00 00 00 00  	.byte $00,$00,$00,$00,$00,$01,$03,$2F,$2F,$15,$10,$10,$90,$82,$82,$82,$00
0014DD  2  00 01 03 2F  
0014E1  2  2F 15 10 10  
0014EA  2  7E FF 7D 79  	.byte $7E,$FF,$7D,$79,$FE,$FF,$FF,$FF,$FF,$FF,$FF,$FF,$FF,$FF,$FF,$7F,$7E
0014EE  2  FE FF FF FF  
0014F2  2  FF FF FF FF  
0014FB  2  7E 3E BE 3E  	.byte $7E,$3E,$BE,$3E,$1E,$D0,$C0,$C0,$C0,$E0,$80,$80,$40,$00,$00,$80,$00
0014FF  2  1E D0 C0 C0  
001503  2  C0 E0 80 80  
00150C  2  00 00 00 00  	.byte $00,$00,$00,$00,$00,$00,$00,$00,$00,$00,$00,$00,$00,$00,$00,$00,$00
001510  2  00 00 00 00  
001514  2  00 00 00 00  
00151D  2  00 00 00 00  	.byte $00,$00,$00,$00,$00,$00,$00,$00,$00,$00,$00,$00,$00,$00,$00,$00,$00
001521  2  00 00 00 00  
001525  2  00 00 00 00  
00152E  2  00 00 00 00  	.byte $00,$00,$00,$00,$00,$00,$00,$00,$00,$00,$00,$00,$00,$00,$00,$00,$00
001532  2  00 00 00 00  
001536  2  00 00 00 00  
00153F  2  00 00 00 00  	.byte $00,$00,$00,$00,$00,$00,$00,$00,$00,$00,$00,$00,$00,$00,$00,$00,$00
001543  2  00 00 00 00  
001547  2  00 00 00 00  
001550  2  00 00 00 00  	.byte $00,$00,$00,$00,$00,$00,$00,$00,$00,$00,$00,$00,$00,$00,$00,$00,$00
001554  2  00 00 00 00  
001558  2  00 00 00 00  
001561  2  00 00 00 00  	.byte $00,$00,$00,$00,$00,$00,$00,$00,$00,$00,$00,$00,$00,$00,$00,$00,$00
001565  2  00 00 00 00  
001569  2  00 00 00 00  
001572  2  00 00 00 00  	.byte $00,$00,$00,$00,$00,$00,$00,$00,$00,$00,$00,$00,$00,$00,$00,$00,$00
001576  2  00 00 00 00  
00157A  2  00 00 00 00  
001583  2  00 00 00 00  	.byte $00,$00,$00,$00,$00,$00,$00,$00,$00,$00,$00,$00,$00,$00,$00,$00,$00
001587  2  00 00 00 00  
00158B  2  00 00 00 00  
001594  2  00 00 00 00  	.byte $00,$00,$00,$00,$00,$00,$00,$00,$00,$00,$00,$00,$00,$00,$00,$00,$00
001598  2  00 00 00 00  
00159C  2  00 00 00 00  
0015A5  2  00 00 00 00  	.byte $00,$00,$00,$00,$00,$00,$00,$00,$00,$00,$00,$00,$00,$00,$00,$00,$00
0015A9  2  00 00 00 00  
0015AD  2  00 00 00 00  
0015B6  2  00 00 00 00  	.byte $00,$00,$00,$00,$00,$00,$00,$00,$00,$00,$00,$00,$00,$00,$00,$00,$00
0015BA  2  00 00 00 00  
0015BE  2  00 00 00 00  
0015C7  2  00 00 00 00  	.byte $00,$00,$00,$00,$00,$00,$00,$00,$00,$00,$00,$00,$00,$00,$00,$00,$00
0015CB  2  00 00 00 00  
0015CF  2  00 00 00 00  
0015D8  2  00 00 00 00  	.byte $00,$00,$00,$00,$00,$00,$00,$00,$00,$00,$00,$00,$00,$00,$00,$00,$00
0015DC  2  00 00 00 00  
0015E0  2  00 00 00 00  
0015E9  2  00 00 00 00  	.byte $00,$00,$00,$00,$00,$00,$00,$00,$00,$00,$00,$00,$00,$00,$00,$00,$00
0015ED  2  00 00 00 00  
0015F1  2  00 00 00 00  
0015FA  2  00 00 00 00  	.byte $00,$00,$00,$00,$00,$00,$0F,$0F,$0F,$07,$07,$07,$07,$07,$07,$07,$07
0015FE  2  00 00 0F 0F  
001602  2  0F 07 07 07  
00160B  2  05 01 01 01  	.byte $05,$01,$01,$01,$01,$D3,$D3,$C7,$C7,$87,$8E,$8E,$8F,$8F,$8F,$8F,$87
00160F  2  01 D3 D3 C7  
001613  2  C7 87 8E 8E  
00161C  2  83 83 80 80  	.byte $83,$83,$80,$80,$FF,$FF,$DF,$27,$67,$E7,$F7,$67,$FF,$FF,$FF,$FF,$FE
001620  2  FF FF DF 27  
001624  2  67 E7 F7 67  
00162D  2  FE FE F0 03  	.byte $FE,$FE,$F0,$03,$07,$07,$87,$87,$87,$07,$07,$07,$07,$03,$01,$00,$00
001631  2  07 07 87 87  
001635  2  87 07 07 07  
00163E  2  00 00 FF C3  	.byte $00,$00,$FF,$C3,$B3,$33,$3B,$B3,$F7,$FF,$FF,$FF,$FF,$FF,$3F,$34,$00
001642  2  B3 33 3B B3  
001646  2  F7 FF FF FF  
00164F  2  00 1E 1E 9C  	.byte $00,$1E,$1E,$9C,$9C,$9A,$9E,$9E,$9A,$98,$98,$98,$18,$18,$18,$18,$18
001653  2  9C 9A 9E 9E  
001657  2  9A 98 98 98  
001660  2  00 00 00 00  	.byte $00,$00,$00,$00,$00,$00,$00,$00,$00,$00,$00,$00,$00,$00,$00,$00,$00
001664  2  00 00 00 00  
001668  2  00 00 00 00  
001671  2  00 00 00 00  	.byte $00,$00,$00,$00,$00,$00,$00,$00,$00,$00,$00,$00,$00,$00,$00,$00,$00
001675  2  00 00 00 00  
001679  2  00 00 00 00  
001682  2  00 00 00 00  	.byte $00,$00,$00,$00,$00,$00,$00,$00,$00,$00,$00,$00,$00,$00,$00,$00,$00
001686  2  00 00 00 00  
00168A  2  00 00 00 00  
001693  2  00 00 00 00  	.byte $00,$00,$00,$00,$00,$00,$00,$00,$00,$00,$00,$00,$00,$00,$00,$00,$00
001697  2  00 00 00 00  
00169B  2  00 00 00 00  
0016A4  2  00 00 00 00  	.byte $00,$00,$00,$00,$00,$00,$00,$00,$00,$00,$00,$00,$00,$00,$00,$00,$00
0016A8  2  00 00 00 00  
0016AC  2  00 00 00 00  
0016B5  2  00 00 00 00  	.byte $00,$00,$00,$00,$00,$00,$00,$00,$00,$00,$00,$00,$00,$00,$00,$00,$00
0016B9  2  00 00 00 00  
0016BD  2  00 00 00 00  
0016C6  2  00 00 00 00  	.byte $00,$00,$00,$00,$00,$00,$00,$00,$00,$00,$00,$00,$00,$00,$00,$00,$00
0016CA  2  00 00 00 00  
0016CE  2  00 00 00 00  
0016D7  2  00 00 00 00  	.byte $00,$00,$00,$00,$00,$00,$00,$00,$00,$00,$00,$00,$00,$00,$00,$00,$00
0016DB  2  00 00 00 00  
0016DF  2  00 00 00 00  
0016E8  2  00 00 00 00  	.byte $00,$00,$00,$00,$00,$00,$00,$00,$00,$00,$00,$00,$00,$00,$00,$00,$00
0016EC  2  00 00 00 00  
0016F0  2  00 00 00 00  
0016F9  2  00 00 00 00  	.byte $00,$00,$00,$00,$00,$00,$00,$00,$00,$00,$00,$00,$00,$00,$00,$00,$00
0016FD  2  00 00 00 00  
001701  2  00 00 00 00  
00170A  2  00 00 00 00  	.byte $00,$00,$00,$00,$00,$00,$00,$00,$00,$00,$00,$00,$00,$00,$00,$00,$00
00170E  2  00 00 00 00  
001712  2  00 00 00 00  
00171B  2  00 00 00 00  	.byte $00,$00,$00,$00,$00,$00,$00,$00,$00,$00,$00,$00,$00,$00,$00,$00,$00
00171F  2  00 00 00 00  
001723  2  00 00 00 00  
00172C  2  00 00 00 00  	.byte $00,$00,$00,$00,$00,$00,$00,$00,$00,$00,$00,$00,$00,$00,$00,$00,$00
001730  2  00 00 00 00  
001734  2  00 00 00 00  
00173D  2  00 00 00 00  	.byte $00,$00,$00,$00,$00,$00,$00,$00,$00,$00,$00,$00,$00,$00,$00,$00,$00
001741  2  00 00 00 00  
001745  2  00 00 00 00  
00174E  2  00 00 00 00  	.byte $00,$00,$00,$00,$00,$00,$00,$00,$00,$00,$00,$00,$00,$00,$00,$00,$00
001752  2  00 00 00 00  
001756  2  00 00 00 00  
00175F  2  00 01 01 01  	.byte $00,$01,$01,$01,$01,$01,$01,$00,$00,$00,$00,$00,$01,$00,$00,$00,$00
001763  2  01 01 01 00  
001767  2  00 00 00 00  
001770  2  80 80 80 80  	.byte $80,$80,$80,$80,$C0,$C0,$C0,$C0,$F8,$FF,$FF,$FF,$3F,$3F,$3F,$3F,$00
001774  2  C0 C0 C0 C0  
001778  2  F8 FF FF FF  
001781  2  00 00 00 00  	.byte $00,$00,$00,$00,$00,$00,$00,$00,$E0,$FF,$FF,$FF,$FF,$FF,$FF,$00,$00
001785  2  00 00 00 00  
001789  2  E0 FF FF FF  
001792  2  00 00 00 00  	.byte $00,$00,$00,$00,$84,$CE,$78,$31,$FF,$FF,$FF,$FF,$FF,$FF,$00,$00,$00
001796  2  84 CE 78 31  
00179A  2  FF FF FF FF  
0017A3  2  00 00 00 00  	.byte $00,$00,$00,$00,$00,$0F,$FF,$FF,$FF,$FF,$FF,$FF,$FF,$18,$18,$18,$10
0017A7  2  00 0F FF FF  
0017AB  2  FF FF FF FF  
0017B4  2  10 10 10 30  	.byte $10,$10,$10,$30,$F8,$E0,$E0,$E0,$E0,$E0,$E0,$C0,$00,$00,$00,$00,$00
0017B8  2  F8 E0 E0 E0  
0017BC  2  E0 E0 E0 C0  
0017C5  2  00 00 00 00  	.byte $00,$00,$00,$00,$00,$00,$00,$00,$00,$00,$00,$00,$00,$00,$00,$00,$00
0017C9  2  00 00 00 00  
0017CD  2  00 00 00 00  
0017D6  2  00 00 00 00  	.byte $00,$00,$00,$00,$00,$00,$00,$00,$00,$00,$00,$00,$00,$00,$00,$00,$00
0017DA  2  00 00 00 00  
0017DE  2  00 00 00 00  
0017E7  2  00 00 00 00  	.byte $00,$00,$00,$00,$00,$00,$00,$00,$00,$00,$00,$00,$00,$00,$00,$00,$00
0017EB  2  00 00 00 00  
0017EF  2  00 00 00 00  
0017F8  2  00 00 00 00  	.byte $00,$00,$00,$00,$00,$00,$00,$00,$00,$00,$00,$00,$00,$00,$00,$00,$00
0017FC  2  00 00 00 00  
001800  2  00 00 00 00  
001809  2  00 00 00 00  	.byte $00,$00,$00,$00,$00,$00,$00,$00,$00,$00,$00,$00,$00,$00,$00,$00,$00
00180D  2  00 00 00 00  
001811  2  00 00 00 00  
00181A  2  00 00 00 00  	.byte $00,$00,$00,$00,$00,$00,$00,$00,$00,$00,$00,$00,$00,$00,$00,$00,$00
00181E  2  00 00 00 00  
001822  2  00 00 00 00  
00182B  2  00 00 00 00  	.byte $00,$00,$00,$00,$00,$00,$00,$00,$00,$00,$00,$00,$00,$00,$00,$00,$00
00182F  2  00 00 00 00  
001833  2  00 00 00 00  
00183C  2  00 00 00 00  	.byte $00,$00,$00,$00,$00,$00,$00,$00,$00,$00,$00,$00,$00,$00,$00,$00,$00
001840  2  00 00 00 00  
001844  2  00 00 00 00  
00184D  2  00 00 00 00  	.byte $00,$00,$00,$00,$00,$00,$00,$00,$00,$00,$00,$00,$00,$00,$00,$00,$00
001851  2  00 00 00 00  
001855  2  00 00 00 00  
00185E  2  00 00 00 00  	.byte $00,$00,$00,$00,$00,$00,$00,$00,$00,$00,$00,$00,$00,$00,$00,$00,$00
001862  2  00 00 00 00  
001866  2  00 00 00 00  
00186F  2  00 00 00 00  	.byte $00,$00,$00,$00,$00,$00,$00,$00,$00,$00,$00,$00,$00,$00,$00,$00,$00
001873  2  00 00 00 00  
001877  2  00 00 00 00  
001880  2  00 00 00 00  	.byte $00,$00,$00,$00,$00,$00,$00,$00,$00,$00,$00,$00,$00,$00,$00,$00,$00
001884  2  00 00 00 00  
001888  2  00 00 00 00  
001891  2  00 00 00 00  	.byte $00,$00,$00,$00,$00,$00,$00,$00,$00,$00,$00,$00,$00,$00,$00,$00,$00
001895  2  00 00 00 00  
001899  2  00 00 00 00  
0018A2  2  00 00 00 00  	.byte $00,$00,$00,$00,$00,$00,$00,$00,$00,$00,$00,$00,$00,$00,$00,$00,$00
0018A6  2  00 00 00 00  
0018AA  2  00 00 00 00  
0018B3  2  00 00 00 00  	.byte $00,$00,$00,$00,$00,$00,$00,$00,$00,$00,$00,$00,$00,$00,$00,$00,$00
0018B7  2  00 00 00 00  
0018BB  2  00 00 00 00  
0018C4  2  00 00 00 00  	.byte $00,$00,$00,$00,$00,$00,$00,$00,$00,$00,$00,$00,$1F,$1F,$1F,$0F,$0F
0018C8  2  00 00 00 00  
0018CC  2  00 00 00 00  
0018D5  2  0F 07 07 03  	.byte $0F,$07,$07,$03,$03,$03,$03,$01,$00,$08,$08,$FF,$FF,$FF,$FF,$FF,$FF
0018D9  2  03 03 03 01  
0018DD  2  00 08 08 FF  
0018E6  2  FF FF FF FF  	.byte $FF,$FF,$FF,$FF,$FF,$FF,$E1,$E0,$E0,$E0,$FF,$FF,$FF,$FF,$FF,$FF,$FF
0018EA  2  FF FF E1 E0  
0018EE  2  E0 E0 FF FF  
0018F7  2  FF FF FF FF  	.byte $FF,$FF,$FF,$FF,$FF,$E0,$00,$00,$00,$FF,$FF,$FF,$FF,$FF,$FF,$FF,$FF
0018FB  2  FF E0 00 00  
0018FF  2  00 FF FF FF  
001908  2  FF FF E7 07  	.byte $FF,$FF,$E7,$07,$0F,$0E,$0C,$1C,$C0,$C0,$C0,$80,$00,$00,$00,$00,$00
00190C  2  0F 0E 0C 1C  
001910  2  C0 C0 C0 80  
001919  2  00 00 00 00  	.byte $00,$00,$00,$00,$00,$00,$80,$00,$00,$00,$00,$00,$00,$00,$00,$00,$00
00191D  2  00 00 80 00  
001921  2  00 00 00 00  
00192A  2  00 00 00 00  	.byte $00,$00,$00,$00,$00,$00,$00,$00,$00,$00,$00,$00,$00,$00,$00,$00,$00
00192E  2  00 00 00 00  
001932  2  00 00 00 00  
00193B  2  00 00 00 00  	.byte $00,$00,$00,$00,$00,$00,$00,$00,$00,$00,$00,$00,$00,$00,$00,$00,$00
00193F  2  00 00 00 00  
001943  2  00 00 00 00  
00194C  2  00 00 00 00  	.byte $00,$00,$00,$00,$00,$00,$00,$00,$00,$00,$00,$00,$00,$00,$00,$00,$00
001950  2  00 00 00 00  
001954  2  00 00 00 00  
00195D  2  00 00 00 00  	.byte $00,$00,$00,$00,$00,$00,$00,$00,$00,$00,$00,$00,$00,$00,$00,$00,$00
001961  2  00 00 00 00  
001965  2  00 00 00 00  
00196E  2  00 00 00 00  	.byte $00,$00,$00,$00,$00,$00,$00,$00,$00,$00,$00,$00,$00,$00,$00,$00,$00
001972  2  00 00 00 00  
001976  2  00 00 00 00  
00197F  2  00 00 00 00  	.byte $00,$00,$00,$00,$00,$00,$00,$00,$00,$00,$00,$00,$00,$00,$00,$00,$00
001983  2  00 00 00 00  
001987  2  00 00 00 00  
001990  2  00 00 00 00  	.byte $00,$00,$00,$00,$00,$00,$00,$00,$00,$00,$00,$00,$00,$00,$00,$00,$00
001994  2  00 00 00 00  
001998  2  00 00 00 00  
0019A1  2  00 00 00 00  	.byte $00,$00,$00,$00,$00,$00,$00,$00,$00,$00,$00,$00,$00,$00,$00,$00,$00
0019A5  2  00 00 00 00  
0019A9  2  00 00 00 00  
0019B2  2  00 00 00 00  	.byte $00,$00,$00,$00,$00,$00,$00,$00,$00,$00,$00,$00,$00,$00,$00,$00,$00
0019B6  2  00 00 00 00  
0019BA  2  00 00 00 00  
0019C3  2  00 00 00 00  	.byte $00,$00,$00,$00,$00,$00,$00,$00,$00,$00,$00,$00,$00,$00,$00,$00,$00
0019C7  2  00 00 00 00  
0019CB  2  00 00 00 00  
0019D4  2  00 00 00 00  	.byte $00,$00,$00,$00,$00,$00,$00,$00,$00,$00,$00,$00,$00,$00,$00,$00,$00
0019D8  2  00 00 00 00  
0019DC  2  00 00 00 00  
0019E5  2  00 00 00 00  	.byte $00,$00,$00,$00,$00,$00,$00,$00,$00,$00,$00,$00,$00,$00,$00,$00,$00
0019E9  2  00 00 00 00  
0019ED  2  00 00 00 00  
0019F6  2  00 00 00 00  	.byte $00,$00,$00,$00,$00,$00,$00,$00,$01,$07,$00,$00,$00,$00,$00,$00,$00
0019FA  2  00 00 00 00  
0019FE  2  01 07 00 00  
001A07  2  00 00 00 00  	.byte $00,$00,$00,$00,$03,$07,$1F,$FF,$FF,$00,$00,$00,$00,$00,$00,$00,$01
001A0B  2  03 07 1F FF  
001A0F  2  FF 00 00 00  
001A18  2  0F 3F FF FF  	.byte $0F,$3F,$FF,$FF,$FF,$FF,$FF,$FF,$00,$00,$00,$01,$03,$1F,$7F,$FF,$FF
001A1C  2  FF FF FF FF  
001A20  2  00 00 00 01  
001A29  2  FF FF FF FF  	.byte $FF,$FF,$FF,$FF,$FF,$FF,$FF,$08,$38,$78,$F8,$F8,$F8,$FC,$FC,$FC,$FC
001A2D  2  FF FF FF 08  
001A31  2  38 78 F8 F8  
001A3A  2  FC FC FC FC  	.byte $FC,$FC,$FC,$FC,$FE,$FF,$70,$38,$3C,$1E,$1F,$07,$07,$07,$03,$01,$01
001A3E  2  FE FF 70 38  
001A42  2  3C 1E 1F 07  
001A4B  2  00 00 00 00  	.byte $00,$00,$00,$00,$00,$00,$00,$00,$9D,$FF,$FF,$FF,$FF,$FF,$FF,$FF,$FE
001A4F  2  00 00 00 00  
001A53  2  9D FF FF FF  
001A5C  2  1C 00 00 00  	.byte $1C,$00,$00,$00,$1C,$38,$F8,$F0,$F0,$E0,$C0,$C0,$C0,$81,$01,$03,$03
001A60  2  1C 38 F8 F0  
001A64  2  F0 E0 C0 C0  
001A6D  2  03 0F 0F 80  	.byte $03,$0F,$0F,$80,$C0,$E0,$F8,$FE,$FF,$FF,$FF,$FF,$FF,$FF,$FF,$FF,$FF
001A71  2  C0 E0 F8 FE  
001A75  2  FF FF FF FF  
001A7E  2  FF FF 00 00  	.byte $FF,$FF,$00,$00,$00,$00,$00,$00,$C0,$C0,$E0,$F0,$F0,$FC,$FE,$FF,$FF
001A82  2  00 00 00 00  
001A86  2  C0 C0 E0 F0  
001A8F  2  FF 00 00 00  	.byte $FF,$00,$00,$00,$00,$00,$00,$00,$00,$00,$00,$00,$00,$00,$80,$F0,$F8
001A93  2  00 00 00 00  
001A97  2  00 00 00 00  
001AA0  2  00 00 00 00  	.byte $00,$00,$00,$00,$00,$00,$00,$00,$00,$00,$00,$00,$00,$00,$00,$00,$00
001AA4  2  00 00 00 00  
001AA8  2  00 00 00 00  
001AB1  2  00 00 00 00  	.byte $00,$00,$00,$00,$00,$00,$00,$00,$00,$00,$00,$00,$00,$00,$00,$00,$00
001AB5  2  00 00 00 00  
001AB9  2  00 00 00 00  
001AC2  2  00 00 00 00  	.byte $00,$00,$00,$00,$00,$00,$00,$00,$00,$00,$00,$00,$00,$00,$00,$00,$00
001AC6  2  00 00 00 00  
001ACA  2  00 00 00 00  
001AD3  2  00 00 00 00  	.byte $00,$00,$00,$00,$00,$00,$00,$00,$00,$00,$00,$00,$00,$00,$00,$00,$00
001AD7  2  00 00 00 00  
001ADB  2  00 00 00 00  
001AE4  2  00 00 00 00  	.byte $00,$00,$00,$00,$00,$00,$00,$00,$00,$00,$00,$00,$00,$00,$00,$00,$00
001AE8  2  00 00 00 00  
001AEC  2  00 00 00 00  
001AF5  2  00 00 00 00  	.byte $00,$00,$00,$00,$00,$00,$00,$00,$00,$00,$00,$00,$00,$00,$00,$00,$00
001AF9  2  00 00 00 00  
001AFD  2  00 00 00 00  
001B06  2  00 00 00 00  	.byte $00,$00,$00,$00,$00,$00,$00,$00,$00,$00,$00,$00,$00,$00,$00,$00,$00
001B0A  2  00 00 00 00  
001B0E  2  00 00 00 00  
001B17  2  00 00 00 00  	.byte $00,$00,$00,$00,$00,$00,$00,$00,$00,$00,$00,$00,$00,$00,$00,$00,$00
001B1B  2  00 00 00 00  
001B1F  2  00 00 00 00  
001B28  2  00 00 00 00  	.byte $00,$00,$00,$00,$00,$00,$00,$00,$00,$00,$00,$00,$00,$00,$00,$00,$00
001B2C  2  00 00 00 00  
001B30  2  00 00 00 00  
001B39  2  00 00 00 00  	.byte $00,$00,$00,$00,$00,$00,$00,$00,$00,$00,$00,$00,$00,$00,$00,$00,$00
001B3D  2  00 00 00 00  
001B41  2  00 00 00 00  
001B4A  2  00 01 01 01  	.byte $00,$01,$01,$01,$01,$03,$1F,$3F,$3F,$3F,$3F,$3F,$3F,$7F,$7F,$FF,$FF
001B4E  2  01 03 1F 3F  
001B52  2  3F 3F 3F 3F  
001B5B  2  FF FF FF FF  	.byte $FF,$FF,$FF,$FF,$FF,$FF,$FF,$FF,$FF,$FF,$FF,$FF,$FF,$FF,$FF,$FF,$FF
001B5F  2  FF FF FF FF  
001B63  2  FF FF FF FF  
001B6C  2  FF FF FF FF  	.byte $FF,$FF,$FF,$FF,$FF,$FF,$FF,$FF,$FF,$FF,$FF,$FF,$FF,$FF,$FF,$FF,$FF
001B70  2  FF FF FF FF  
001B74  2  FF FF FF FF  
001B7D  2  FF FF FF FF  	.byte $FF,$FF,$FF,$FF,$FF,$FF,$FF,$FF,$FF,$FF,$FF,$FF,$FF,$FF,$FF,$FF,$FF
001B81  2  FF FF FF FF  
001B85  2  FF FF FF FF  
001B8E  2  FF FF FF FF  	.byte $FF,$FF,$FF,$FF,$FF,$FF,$FF,$FF,$FF,$FF,$FF,$FF,$FF,$FF,$FF,$FF,$FF
001B92  2  FF FF FF FF  
001B96  2  FF FF FF FF  
001B9F  2  FF 80 C0 F0  	.byte $FF,$80,$C0,$F0,$FC,$FF,$FF,$FF,$FF,$3F,$1F,$B8,$FF,$FF,$3F,$00,$00
001BA3  2  FC FF FF FF  
001BA7  2  FF 3F 1F B8  
001BB0  2  00 00 00 01  	.byte $00,$00,$00,$01,$07,$FF,$FF,$FF,$FF,$FF,$00,$FF,$FF,$FF,$01,$00,$1F
001BB4  2  07 FF FF FF  
001BB8  2  FF FF 00 FF  
001BC1  2  3F 3F FF FF  	.byte $3F,$3F,$FF,$FF,$FF,$FF,$F7,$E7,$C7,$0F,$FF,$FF,$FF,$CF,$0F,$FF,$FF
001BC5  2  FF FF F7 E7  
001BC9  2  C7 0F FF FF  
001BD2  2  FF FF FF FF  	.byte $FF,$FF,$FF,$FF,$FF,$FF,$FF,$FF,$FF,$FF,$FF,$FF,$FF,$FF,$FF,$FF,$FF
001BD6  2  FF FF FF FF  
001BDA  2  FF FF FF FF  
001BE3  2  FF FF FF FF  	.byte $FF,$FF,$FF,$FF,$FF,$FF,$FF,$FF,$FF,$FF,$FF,$FF,$FF,$FE,$FF,$FF,$FF
001BE7  2  FF FF FF FF  
001BEB  2  FF FF FF FF  
001BF4  2  FF FF FF FF  	.byte $FF,$FF,$FF,$FF,$FF,$FF,$FF,$FF,$FF,$FF,$FF,$FF,$00,$00,$C0,$E0,$F0
001BF8  2  FF FF FF FF  
001BFC  2  FF FF FF FF  
001C05  2  F8 FC FF FF  	.byte $F8,$FC,$FF,$FF,$FF,$FF,$FF,$FF,$FF,$FF,$FF,$00,$00,$00,$00,$00,$00
001C09  2  FF FF FF FF  
001C0D  2  FF FF FF 00  
001C16  2  00 00 E0 E0  	.byte $00,$00,$E0,$E0,$E0,$E0,$E0,$E0,$E0,$E0,$00,$00,$00,$00,$00,$00,$00
001C1A  2  E0 E0 E0 E0  
001C1E  2  E0 E0 00 00  
001C27  2  00 00 00 00  	.byte $00,$00,$00,$00,$00,$00,$00,$00,$00,$00,$00,$00,$00,$00,$00,$00,$00
001C2B  2  00 00 00 00  
001C2F  2  00 00 00 00  
001C38  2  00 00 00 00  	.byte $00,$00,$00,$00,$00,$00,$00,$00,$00,$00,$00,$00,$00,$00,$00,$00,$00
001C3C  2  00 00 00 00  
001C40  2  00 00 00 00  
001C49  2  00 00 00 00  	.byte $00,$00,$00,$00,$00,$00,$00,$00,$00,$00,$00,$00,$00,$00,$00,$00,$00
001C4D  2  00 00 00 00  
001C51  2  00 00 00 00  
001C5A  2  00 00 00 00  	.byte $00,$00,$00,$00,$00,$00,$00,$00,$00,$00,$00,$00,$00,$00,$00,$00,$00
001C5E  2  00 00 00 00  
001C62  2  00 00 00 00  
001C6B  2  00 00 00 00  	.byte $00,$00,$00,$00,$00,$00,$00,$00,$00,$00,$00,$00,$00,$00,$00,$00,$00
001C6F  2  00 00 00 00  
001C73  2  00 00 00 00  
001C7C  2  00 00 00 00  	.byte $00,$00,$00,$00,$00,$00,$00,$00,$00,$00,$00,$00,$00,$00,$00,$00,$00
001C80  2  00 00 00 00  
001C84  2  00 00 00 00  
001C8D  2  00 00 00 00  	.byte $00,$00,$00,$00,$00,$00,$00,$00,$00,$00,$00,$00,$00,$00,$00,$00,$00
001C91  2  00 00 00 00  
001C95  2  00 00 00 00  
001C9E  2  00 00 03 07  	.byte $00,$00,$03,$07,$07,$07,$07,$07,$07,$0F,$0F,$1F,$1F,$1F,$1F,$1F,$1F
001CA2  2  07 07 07 07  
001CA6  2  07 0F 0F 1F  
001CAF  2  1F FF FF FF  	.byte $1F,$FF,$FF,$FF,$FF,$FF,$FF,$FF,$FF,$FF,$FF,$FF,$FF,$FF,$FF,$FF,$FF
001CB3  2  FF FF FF FF  
001CB7  2  FF FF FF FF  
001CC0  2  FF FF FF FF  	.byte $FF,$FF,$FF,$FF,$FF,$FF,$FF,$FF,$FF,$FF,$FF,$FF,$FF,$FF,$FF,$FF,$FF
001CC4  2  FF FF FF FF  
001CC8  2  FF FF FF FF  
001CD1  2  FF FF FF FF  	.byte $FF,$FF,$FF,$FF,$FF,$FF,$FF,$FF,$FF,$FF,$FF,$FF,$FF,$FF,$FF,$FF,$FF
001CD5  2  FF FF FF FF  
001CD9  2  FF FF FF FF  
001CE2  2  FF FF FF FF  	.byte $FF,$FF,$FF,$FF,$FF,$FF,$FF,$FF,$FF,$FF,$FF,$FF,$FF,$FF,$FF,$FF,$FF
001CE6  2  FF FF FF FF  
001CEA  2  FF FF FF FF  
001CF3  2  FF FF FF FF  	.byte $FF,$FF,$FF,$FF,$FF,$FF,$FF,$FF,$FF,$FF,$FF,$FF,$FF,$80,$80,$E0,$FF
001CF7  2  FF FF FF FF  
001CFB  2  FF FF FF FF  
001D04  2  FF FF 8E C0  	.byte $FF,$FF,$8E,$C0,$C0,$C0,$F8,$FF,$FF,$FF,$C7,$C0,$00,$00,$00,$FF,$FF
001D08  2  C0 C0 F8 FF  
001D0C  2  FF FF C7 C0  
001D15  2  FF FF 00 00  	.byte $FF,$FF,$00,$00,$00,$00,$FF,$FF,$FF,$FF,$00,$0F,$0F,$0F,$FF,$FF,$FF
001D19  2  00 00 FF FF  
001D1D  2  FF FF 00 0F  
001D26  2  DF 1F 1F 3F  	.byte $DF,$1F,$1F,$3F,$3F,$FF,$FF,$FF,$BF,$3F,$FF,$FF,$FF,$FF,$FF,$FF,$FF
001D2A  2  3F FF FF FF  
001D2E  2  BF 3F FF FF  
001D37  2  FF FF FF FF  	.byte $FF,$FF,$FF,$FF,$FF,$FF,$FF,$FF,$FF,$FF,$FF,$FF,$FF,$FF,$FF,$FF,$FF
001D3B  2  FF FF FF FF  
001D3F  2  FF FF FF FF  
001D48  2  FF FF FF FF  	.byte $FF,$FF,$FF,$FF,$FF,$FF,$FF,$FF,$FF,$FF,$FF,$FF,$FF,$FF,$FF,$FF,$FF
001D4C  2  FF FF FF FF  
001D50  2  FF FF FF FF  
001D59  2  FF FF FF FF  	.byte $FF,$FF,$FF,$FF,$FF,$FF,$FF,$FF,$FF,$FF,$FF,$FF,$FF,$FF,$FF,$FF,$FF
001D5D  2  FF FF FF FF  
001D61  2  FF FF FF FF  
001D6A  2  FF FF FF FF  	.byte $FF,$FF,$FF,$FF,$FF,$FF,$F0,$F8,$F8,$F8,$F8,$F8,$F8,$F8,$F8,$F8,$F8
001D6E  2  FF FF F0 F8  
001D72  2  F8 F8 F8 F8  
001D7B  2  FC FC FE FE  	.byte $FC,$FC,$FE,$FE,$FE,$00,$00,$00,$00,$00,$00,$00,$00,$00,$00,$00,$00
001D7F  2  FE 00 00 00  
001D83  2  00 00 00 00  
001D8C  2  00 00 00 00  	.byte $00,$00,$00,$00,$00,$00,$00,$00,$00,$00,$00,$00,$00,$00,$00,$00,$00
001D90  2  00 00 00 00  
001D94  2  00 00 00 00  
001D9D  2  00 00 00 00  	.byte $00,$00,$00,$00,$00,$00,$00,$00,$00,$00,$00,$00,$00,$00,$00,$00,$00
001DA1  2  00 00 00 00  
001DA5  2  00 00 00 00  
001DAE  2  00 00 00 00  	.byte $00,$00,$00,$00,$00,$00,$00,$00,$00,$00,$00,$00,$00,$00,$00,$00,$00
001DB2  2  00 00 00 00  
001DB6  2  00 00 00 00  
001DBF  2  00 00 00 00  	.byte $00,$00,$00,$00,$00,$00,$00,$00,$00,$00,$00,$00,$00,$00,$00,$00,$00
001DC3  2  00 00 00 00  
001DC7  2  00 00 00 00  
001DD0  2  00 00 00 00  	.byte $00,$00,$00,$00,$00,$00,$00,$00,$00,$00,$00,$00,$00,$00,$00,$00,$00
001DD4  2  00 00 00 00  
001DD8  2  00 00 00 00  
001DE1  2  00 00 00 00  	.byte $00,$00,$00,$00,$00,$00,$00,$00,$00,$00,$00,$00,$00,$00,$00,$00,$00
001DE5  2  00 00 00 00  
001DE9  2  00 00 00 00  
001DF2  2  00 00 00 00  	.byte $00,$00,$00,$00,$00,$00,$00,$00,$00,$00,$00,$00,$00,$00,$1F,$3F,$3F
001DF6  2  00 00 00 00  
001DFA  2  00 00 00 00  
001E03  2  3F 3F 3F 7F  	.byte $3F,$3F,$3F,$7F,$7F,$7F,$7F,$7F,$FF,$FF,$FF,$FF,$FF,$FF,$FF,$FF,$FF
001E07  2  7F 7F 7F 7F  
001E0B  2  FF FF FF FF  
001E14  2  FF FF FF FF  	.byte $FF,$FF,$FF,$FF,$FF,$FF,$FF,$FF,$FF,$FF,$FF,$FF,$FF,$FF,$FF,$FF,$FF
001E18  2  FF FF FF FF  
001E1C  2  FF FF FF FF  
001E25  2  FF FF FF FF  	.byte $FF,$FF,$FF,$FF,$FF,$FF,$FF,$FF,$FF,$FF,$FF,$FF,$FF,$FF,$FF,$FF,$FF
001E29  2  FF FF FF FF  
001E2D  2  FF FF FF FF  
001E36  2  FF FF FF FF  	.byte $FF,$FF,$FF,$FF,$FF,$FF,$FF,$FF,$FF,$FF,$FF,$FF,$FF,$FF,$FF,$FF,$FF
001E3A  2  FF FF FF FF  
001E3E  2  FF FF FF FF  
001E47  2  FF FF FF FF  	.byte $FF,$FF,$FF,$FF,$FF,$FF,$FF,$FF,$FF,$FF,$FF,$FF,$FF,$FF,$FF,$FF,$FF
001E4B  2  FF FF FF FF  
001E4F  2  FF FF FF FF  
001E58  2  FF FF FF FF  	.byte $FF,$FF,$FF,$FF,$FF,$FF,$FF,$FF,$C0,$E0,$E0,$E0,$FF,$FF,$FF,$E4,$E0
001E5C  2  FF FF FF FF  
001E60  2  C0 E0 E0 E0  
001E69  2  E0 E0 E0 E0  	.byte $E0,$E0,$E0,$E0,$FF,$FF,$FF,$00,$00,$00,$00,$FF,$FF,$FF,$7E,$00,$00
001E6D  2  FF FF FF 00  
001E71  2  00 00 00 FF  
001E7A  2  00 00 01 FF  	.byte $00,$00,$01,$FF,$FF,$FF,$3F,$3F,$3F,$3F,$FF,$FF,$FF,$7F,$7F,$7F,$7F
001E7E  2  FF FF 3F 3F  
001E82  2  3F 3F FF FF  
001E8B  2  FF FF FF FF  	.byte $FF,$FF,$FF,$FF,$FF,$FF,$FF,$FF,$FF,$FF,$FF,$FF,$FF,$FF,$FF,$FF,$FF
001E8F  2  FF FF FF FF  
001E93  2  FF FF FF FF  
001E9C  2  FF FF FF FF  	.byte $FF,$FF,$FF,$FF,$FF,$FF,$FF,$FF,$FF,$FF,$FF,$FF,$FF,$FF,$FF,$FF,$FF
001EA0  2  FF FF FF FF  
001EA4  2  FF FF FF FF  
001EAD  2  FF FF FF FF  	.byte $FF,$FF,$FF,$FF,$FF,$FF,$FF,$FF,$FF,$FF,$FF,$FF,$FF,$FF,$FF,$FF,$FF
001EB1  2  FF FF FF FF  
001EB5  2  FF FF FF FF  
001EBE  2  FF FF FF FF  	.byte $FF,$FF,$FF,$FF,$FF,$FF,$FF,$FF,$FF,$FF,$FF,$FF,$FF,$FF,$FF,$FF,$FF
001EC2  2  FF FF FF FF  
001EC6  2  FF FF FF FF  
001ECF  2  FF FE FE FE  	.byte $FF,$FE,$FE,$FE,$FE,$FE,$FE,$FE,$FE,$FF,$FF,$FF,$FF,$FF,$FF,$FF,$FF
001ED3  2  FE FE FE FE  
001ED7  2  FE FF FF FF  
001EE0  2  00 00 00 00  	.byte $00,$00,$00,$00,$00,$00,$00,$00,$00,$00,$00,$00,$00,$00,$00,$80,$00
001EE4  2  00 00 00 00  
001EE8  2  00 00 00 00  
001EF1  2  00 00 00 00  	.byte $00,$00,$00,$00,$00,$00,$00,$00,$00,$00,$00,$00,$00,$00,$00,$00,$00
001EF5  2  00 00 00 00  
001EF9  2  00 00 00 00  
001F02  2  00 00 00 00  	.byte $00,$00,$00,$00,$00,$00,$00,$00,$00,$00,$00,$00,$00,$00,$00,$00,$00
001F06  2  00 00 00 00  
001F0A  2  00 00 00 00  
001F13  2  00 00 00 00  	.byte $00,$00,$00,$00,$00,$00,$00,$00,$00,$00,$00,$00,$00
001F17  2  00 00 00 00  
001F1B  2  00 00 00 00  
001F20  2               
001F20  1               eind_asm:
001F20  1               
