ca65 V2.13.3 - (C) Copyright 1998-2012 Ullrich von Bassewitz
Main file   : slasher1d.asm
Current file: slasher1d.asm

000000r 1               ;----------------------------------------------
000000r 1               ;Tents puzzle game
000000r 1               ; Atom version by Kees van Oss  2023
000000r 1               ;----------------------------------------------
000000r 1               	.DEFINE asm_code $1000-2
000000r 1               	.DEFINE header   0		; Header Wouter Ras emulator
000000r 1               	.DEFINE filenaam "TENTS"
000000r 1               
000000r 1               .org asm_code-22*header
000FFE  1               
000FFE  1               .IF header
000FFE  1               ;********************************************************************
000FFE  1               ; ATM Header for Atom emulator Wouter Ras
000FFE  1               
000FFE  1               name_start:
000FFE  1               	.byte filenaam			; Filename
000FFE  1               name_end:
000FFE  1               	.repeat 16-name_end+name_start	; Fill with 0 till 16 chars
000FFE  1               	  .byte $0
000FFE  1               	.endrep
000FFE  1               
000FFE  1               	.word asm_code			; 2 bytes startaddress
000FFE  1               	.word exec			; 2 bytes linkaddress
000FFE  1               	.word eind_asm-start_asm	; 2 bytes filelength
000FFE  1               
000FFE  1               ;********************************************************************
000FFE  1               .ENDIF
000FFE  1               
000FFE  1               
000FFE  1               exec  = start_asm
000FFE  1               start_asm:
000FFE  1               	.include "slasher1d.inc"
000FFE  2               ;----------------------------------------------
000FFE  2               ; Header
000FFE  2               ;----------------------------------------------
000FFE  2               
000FFE  2  00 10        	.word load
001000  2               load:
001000  2               main:
001000  2               
001000  2               
001000  2               ; .VIC format
001000  2               
001000  2               
001000  2               ; Bitmap
001000  2               
001000  2  00 04 80 10  	.byte $00,$04,$80,$10,$02,$00,$40,$09,$00,$44,$00,$11,$40,$04,$00,$48,$00
001004  2  02 00 40 09  
001008  2  00 44 00 11  
001011  2  48 02 20 04  	.byte $48,$02,$20,$04,$40,$09,$00,$90,$04,$00,$22,$00,$90,$04,$41,$48,$00
001015  2  40 09 00 90  
001019  2  04 00 22 00  
001022  2  12 80 10 24  	.byte $12,$80,$10,$24,$01,$00,$92,$08,$41,$00,$94,$00,$42,$10,$08,$40,$02
001026  2  01 00 92 08  
00102A  2  41 00 94 00  
001033  2  90 04 40 12  	.byte $90,$04,$40,$12,$00,$48,$02,$20,$11,$82,$08,$40,$12,$00,$25,$00,$90
001037  2  00 48 02 20  
00103B  2  11 82 08 40  
001044  2  02 40 11 88  	.byte $02,$40,$11,$88,$00,$44,$21,$00,$14,$40,$09,$40,$02,$20,$01,$90,$04
001048  2  00 44 21 00  
00104C  2  14 40 09 40  
001055  2  40 09 00 90  	.byte $40,$09,$00,$90,$04,$20,$02,$90,$04,$20,$84,$20,$04,$00,$40,$20,$00
001059  2  04 20 02 90  
00105D  2  04 20 84 20  
001066  2  00 80 00 00  	.byte $00,$80,$00,$00,$02,$05,$0A,$05,$05,$02,$00,$00,$00,$00,$03,$0F,$1F
00106A  2  02 05 0A 05  
00106E  2  05 02 00 00  
001077  2  3F 7F 7F FF  	.byte $3F,$7F,$7F,$FF,$BF,$FF,$7F,$7F,$DF,$00,$00,$00,$00,$F4,$FF,$FF,$FF
00107B  2  BF FF 7F 7F  
00107F  2  DF 00 00 00  
001088  2  FF FF FF FF  	.byte $FF,$FF,$FF,$FF,$FF,$FF,$FF,$FF,$00,$04,$00,$00,$00,$80,$E0,$E0,$F0
00108C  2  FF FF FF FF  
001090  2  00 04 00 00  
001099  2  F0 F8 F8 FE  	.byte $F0,$F8,$F8,$FE,$DC,$F8,$F8,$08,$04,$90,$22,$00,$48,$04,$21,$00,$12
00109D  2  DC F8 F8 08  
0010A1  2  04 90 22 00  
0010AA  2  20 04 00 12  	.byte $20,$04,$00,$12,$01,$10,$04,$48,$80,$12,$00,$91,$08,$42,$20,$04,$10
0010AE  2  01 10 04 48  
0010B2  2  80 12 00 91  
0010BB  2  82 20 49 00  	.byte $82,$20,$49,$00,$84,$00,$90,$02,$40,$10,$04,$21,$00,$88,$04,$41,$10
0010BF  2  84 00 90 02  
0010C3  2  40 10 04 21  
0010CC  2  02 20 14 81  	.byte $02,$20,$14,$81,$11,$22,$00,$91,$04,$40,$12,$01,$88,$10,$01,$48,$02
0010D0  2  11 22 00 91  
0010D4  2  04 40 12 01  
0010DD  2  90 04 20 11  	.byte $90,$04,$20,$11,$22,$00,$11,$44,$00,$24,$08,$41,$10,$04,$41,$10,$88
0010E1  2  22 00 11 44  
0010E5  2  00 24 08 41  
0010EE  2  02 90 04 20  	.byte $02,$90,$04,$20,$02,$10,$00,$84,$20,$00,$04,$20,$04,$00,$48,$02,$10
0010F2  2  02 10 00 84  
0010F6  2  20 00 04 20  
0010FF  2  80 40 10 09  	.byte $80,$40,$10,$09,$80,$00,$49,$80,$04,$01,$90,$08,$42,$01,$24,$80,$10
001103  2  80 00 49 80  
001107  2  04 01 90 08  
001110  2  10 22 00 11  	.byte $10,$22,$00,$11,$88,$01,$20,$04,$10,$40,$02,$08,$20,$01,$88,$20,$01
001114  2  88 01 20 04  
001118  2  10 40 02 08  
001121  2  48 00 22 00  	.byte $48,$00,$22,$00,$11,$40,$04,$80,$22,$04,$80,$11,$00,$42,$08,$00,$09
001125  2  11 40 04 80  
001129  2  22 04 80 11  
001132  2  40 02 10 00  	.byte $40,$02,$10,$00,$89,$20,$00,$42,$00,$24,$00,$04,$48,$01,$00,$20,$00
001136  2  89 20 00 42  
00113A  2  00 24 00 04  
001143  2  08 42 00 10  	.byte $08,$42,$00,$10,$04,$40,$08,$00,$40,$10,$84,$00,$00,$00,$24,$00,$00
001147  2  04 40 08 00  
00114B  2  40 10 84 00  
001154  2  12 00 80 04  	.byte $12,$00,$80,$04,$00,$00,$91,$00,$00,$20,$00,$04,$02,$90,$08,$42,$21
001158  2  00 00 91 00  
00115C  2  00 20 00 04  
001165  2  08 81 48 04  	.byte $08,$81,$48,$04,$10,$82,$20,$12,$84,$20,$12,$08,$80,$24,$00,$24,$02
001169  2  10 82 20 12  
00116D  2  84 20 12 08  
001176  2  20 94 01 20  	.byte $20,$94,$01,$20,$4A,$01,$48,$92,$01,$90,$04,$88,$41,$10,$89,$40,$08
00117A  2  4A 01 48 92  
00117E  2  01 90 04 88  
001187  2  92 01 24 00  	.byte $92,$01,$24,$00,$24,$49,$00,$24,$4A,$81,$48,$04,$20,$04,$88,$21,$04
00118B  2  24 49 00 24  
00118F  2  4A 81 48 04  
001198  2  48 01 90 48  	.byte $48,$01,$90,$48,$02,$91,$08,$44,$12,$00,$A4,$02,$90,$09,$20,$84,$10
00119C  2  02 91 08 44  
0011A0  2  12 00 A4 02  
0011A9  2  02 49 20 89  	.byte $02,$49,$20,$89,$12,$00,$A4,$10,$20,$80,$14,$40,$02,$20,$90,$07,$42
0011AD  2  12 00 A4 10  
0011B1  2  20 80 14 40  
0011BA  2  26 03 4B 23  	.byte $26,$03,$4B,$23,$03,$91,$03,$06,$02,$02,$05,$0B,$0B,$04,$23,$01,$C4
0011BE  2  03 91 03 06  
0011C2  2  02 02 05 0B  
0011CB  2  82 90 88 C0  	.byte $82,$90,$88,$C0,$84,$3F,$20,$44,$1C,$C1,$EF,$FF,$FF,$FF,$FF,$FF,$3F
0011CF  2  84 3F 20 44  
0011D3  2  1C C1 EF FF  
0011DC  2  9F CF FF 7F  	.byte $9F,$CF,$FF,$7F,$FF,$08,$08,$18,$EC,$FB,$E9,$DF,$DD,$ED,$84,$C0,$FC
0011E0  2  FF 08 08 18  
0011E4  2  EC FB E9 DF  
0011ED  2  FF 7F FF F8  	.byte $FF,$7F,$FF,$F8,$08,$06,$20,$00,$C4,$FE,$FF,$FF,$FE,$FE,$C8,$F8,$F2
0011F1  2  08 06 20 00  
0011F5  2  C4 FE FF FF  
0011FE  2  50 50 08 02  	.byte $50,$50,$08,$02,$00,$08,$04,$40,$49,$00,$04,$20,$44,$49,$40,$22,$44
001202  2  00 08 04 40  
001206  2  49 00 04 20  
00120F  2  40 20 04 01  	.byte $40,$20,$04,$01,$90,$08,$00,$49,$10,$02,$90,$04,$40,$24,$82,$10,$04
001213  2  90 08 00 49  
001217  2  10 02 90 04  
001220  2  08 42 11 00  	.byte $08,$42,$11,$00,$94,$21,$02,$24,$08,$81,$24,$10,$89,$20,$04,$92,$12
001224  2  94 21 02 24  
001228  2  08 81 24 10  
001231  2  40 09 20 84  	.byte $40,$09,$20,$84,$11,$20,$04,$90,$22,$08,$91,$00,$49,$80,$24,$20,$02
001235  2  11 20 04 90  
001239  2  22 08 91 00  
001242  2  10 81 08 12  	.byte $10,$81,$08,$12,$00,$92,$00,$48,$04,$21,$08,$00,$92,$08,$12,$00,$A4
001246  2  00 92 00 48  
00124A  2  04 21 08 00  
001253  2  00 12 41 08  	.byte $00,$12,$41,$08,$00,$A4,$02,$48,$10,$02,$A0,$12,$41,$0A,$81,$40,$10
001257  2  00 A4 02 48  
00125B  2  10 02 A0 12  
001264  2  04 00 24 42  	.byte $04,$00,$24,$42,$08,$41,$88,$04,$40,$25,$08,$20,$02,$00,$24,$01,$88
001268  2  08 41 88 04  
00126C  2  40 25 08 20  
001275  2  00 44 20 09  	.byte $00,$44,$20,$09,$40,$24,$82,$10,$09,$80,$52,$00,$91,$00,$04,$48,$00
001279  2  40 24 82 10  
00127D  2  09 80 52 00  
001286  2  82 20 10 04  	.byte $82,$20,$10,$04,$82,$21,$10,$08,$84,$42,$90,$04,$02,$A0,$10,$04,$90
00128A  2  82 21 10 08  
00128E  2  84 42 90 04  
001297  2  02 48 00 24  	.byte $02,$48,$00,$24,$12,$00,$92,$44,$00,$24,$00,$40,$88,$00,$84,$20,$02
00129B  2  12 00 92 44  
00129F  2  00 24 00 40  
0012A8  2  90 40 04 20  	.byte $90,$40,$04,$20,$82,$10,$20,$84,$80,$02,$00,$44,$00,$00,$82,$00,$21
0012AC  2  82 10 20 84  
0012B0  2  80 02 00 44  
0012B9  2  00 08 90 00  	.byte $00,$08,$90,$00,$04,$80,$48,$04,$48,$22,$81,$48,$24,$02,$A4,$11,$02
0012BD  2  04 80 48 04  
0012C1  2  48 22 81 48  
0012CA  2  A8 04 40 2A  	.byte $A8,$04,$40,$2A,$00,$44,$4A,$01,$A4,$12,$40,$94,$0A,$40,$28,$04,$90
0012CE  2  00 44 4A 01  
0012D2  2  A4 12 40 94  
0012DB  2  42 09 80 53  	.byte $42,$09,$80,$53,$04,$00,$24,$91,$02,$90,$2A,$04,$A2,$50,$84,$0A,$41
0012DF  2  04 00 24 91  
0012E3  2  02 90 2A 04  
0012EC  2  34 0A 44 B2  	.byte $34,$0A,$44,$B2,$91,$08,$44,$22,$90,$49,$04,$92,$49,$24,$84,$52,$92
0012F0  2  91 08 44 22  
0012F4  2  90 49 04 92  
0012FD  2  29 94 4A 12  	.byte $29,$94,$4A,$12,$00,$AA,$40,$04,$29,$92,$40,$2A,$85,$50,$2A,$84,$61
001301  2  00 AA 40 04  
001305  2  29 92 40 2A  
00130E  2  9A 84 49 01  	.byte $9A,$84,$49,$01,$91,$48,$04,$22,$49,$84,$22,$29,$92,$44,$92,$29,$44
001312  2  91 48 04 22  
001316  2  49 84 22 29  
00131F  2  92 48 E3 E3  	.byte $92,$48,$E3,$E3,$E3,$10,$10,$52,$30,$10,$58,$28,$89,$5E,$2B,$87,$73
001323  2  E3 10 10 52  
001327  2  30 10 58 28  
001330  2  5F 7F 3E BF  	.byte $5F,$7F,$3E,$BF,$DF,$6F,$2F,$37,$1B,$11,$00,$00,$80,$C0,$F0,$F0,$FB
001334  2  DF 6F 2F 37  
001338  2  1B 11 00 00  
001341  2  04 7F FF FE  	.byte $04,$7F,$FF,$FE,$FF,$FF,$FF,$FF,$FF,$BF,$00,$00,$00,$00,$00,$90,$60
001345  2  FF FF FF FF  
001349  2  FF BF 00 00  
001352  2  71 E0 E2 61  	.byte $71,$E0,$E2,$61,$61,$60,$64,$C2,$82,$04,$01,$08,$04,$02,$91,$44,$40
001356  2  61 60 64 C2  
00135A  2  82 04 01 08  
001363  2  92 08 21 12  	.byte $92,$08,$21,$12,$84,$48,$22,$91,$08,$49,$92,$04,$A1,$5F,$3F,$78,$7A
001367  2  84 48 22 91  
00136B  2  08 49 92 04  
001374  2  9F 5F 1A 88  	.byte $9F,$5F,$1A,$88,$7F,$7F,$78,$79,$52,$10,$24,$41,$F7,$F7,$8F,$07,$E7
001378  2  7F 7F 78 79  
00137C  2  52 10 24 41  
001385  2  E7 7F F7 E7  	.byte $E7,$7F,$F7,$E7,$EF,$E1,$F5,$68,$62,$A4,$11,$82,$90,$C4,$89,$C2,$90
001389  2  EF E1 F5 68  
00138D  2  62 A4 11 82  
001396  2  89 92 FF FE  	.byte $89,$92,$FF,$FE,$E6,$E6,$51,$48,$84,$22,$47,$97,$0F,$47,$2C,$8C,$1F
00139A  2  E6 E6 51 48  
00139E  2  84 22 47 97  
0013A7  2  2F 7B FB 48  	.byte $2F,$7B,$FB,$48,$2D,$08,$A8,$1A,$49,$89,$A3,$87,$CB,$E1,$E5,$E0,$E8
0013AB  2  2D 08 A8 1A  
0013AF  2  49 89 A3 87  
0013B8  2  F3 F3 B7 93  	.byte $F3,$F3,$B7,$93,$81,$25,$48,$00,$FF,$FF,$C8,$C0,$FF,$FF,$47,$67,$FF
0013BC  2  81 25 48 00  
0013C0  2  FF FF C8 C0  
0013C9  2  FF DF FF C7  	.byte $FF,$DF,$FF,$C7,$97,$80,$24,$B8,$B9,$3C,$38,$3F,$BF,$B8,$B9,$BA,$38
0013CD  2  97 80 24 B8  
0013D1  2  B9 3C 38 3F  
0013DA  2  79 7C 30 34  	.byte $79,$7C,$30,$34,$85,$40,$39,$39,$BB,$7B,$FB,$FF,$FB,$FB,$79,$B9,$3B
0013DE  2  85 40 39 39  
0013E2  2  BB 7B FB FF  
0013EB  2  7D A9 61 28  	.byte $7D,$A9,$61,$28,$84,$FF,$FF,$C3,$C7,$F2,$F0,$C9,$C0,$FF,$FF,$CF,$DF
0013EF  2  84 FF FF C3  
0013F3  2  C7 F2 F0 C9  
0013FC  2  13 23 88 41  	.byte $13,$23,$88,$41,$BF,$BF,$7C,$3C,$3F,$7F,$3D,$3D,$BE,$BC,$32,$70,$38
001400  2  BF BF 7C 3C  
001404  2  3F 7F 3D 3D  
00140D  2  31 80 12 E0  	.byte $31,$80,$12,$E0,$E4,$3D,$BC,$F0,$E8,$C0,$C4,$F0,$E0,$E2,$E0,$30,$28
001411  2  E4 3D BC F0  
001415  2  E8 C0 C4 F0  
00141E  2  21 60 21 08  	.byte $21,$60,$21,$08,$45,$92,$28,$45,$92,$21,$48,$4D,$22,$92,$55,$48,$A6
001422  2  45 92 28 45  
001426  2  92 21 48 4D  
00142F  2  4A 20 9B 24  	.byte $4A,$20,$9B,$24,$49,$92,$2A,$92,$49,$24,$AB,$52,$25,$56,$92,$59,$96
001433  2  49 92 2A 92  
001437  2  49 24 AB 52  
001440  2  14 45 A8 2A  	.byte $14,$45,$A8,$2A,$94,$D2,$5B,$24,$92,$6B,$4C,$32,$AD,$55,$A9,$4A,$B2
001444  2  94 D2 5B 24  
001448  2  92 6B 4C 32  
001451  2  49 9B A4 B5  	.byte $49,$9B,$A4,$B5,$49,$4A,$A5,$54,$4A,$B5,$5A,$A5,$6D,$B6,$60,$6A,$11
001455  2  49 4A A5 54  
001459  2  4A B5 5A A5  
001462  2  55 92 2A 55  	.byte $55,$92,$2A,$55,$92,$4A,$B4,$AB,$49,$AC,$52,$B1,$18,$44,$A9,$15,$49
001466  2  92 4A B4 AB  
00146A  2  49 AC 52 B1  
001473  2  A4 55 2A 93  	.byte $A4,$55,$2A,$93,$C9,$54,$2C,$A1,$82,$20,$00,$41,$00,$23,$21,$60,$A0
001477  2  C9 54 2C A1  
00147B  2  82 20 00 41  
001484  2  40 10 00 10  	.byte $40,$10,$00,$10,$80,$00,$22,$00,$80,$24,$08,$00,$FC,$FD,$FE,$7F,$7F
001488  2  80 00 22 00  
00148C  2  80 24 08 00  
001495  2  3F 1F 0F 43  	.byte $3F,$1F,$0F,$43,$00,$00,$00,$00,$00,$00,$00,$00,$A2,$E1,$25,$EF,$DF
001499  2  00 00 00 00  
00149D  2  00 00 00 00  
0014A6  2  DF EF F8 F0  	.byte $DF,$EF,$F8,$F0,$E0,$E0,$E0,$F0,$50,$20,$26,$06,$06,$06,$82,$80,$00
0014AA  2  E0 E0 E0 F0  
0014AE  2  50 20 26 06  
0014B7  2  04 00 04 02  	.byte $04,$00,$04,$02,$00,$00,$02,$00,$08,$54,$09,$42,$A9,$10,$48,$32,$21
0014BB  2  00 00 02 00  
0014BF  2  08 54 09 42  
0014C8  2  0C 00 01 01  	.byte $0C,$00,$01,$01,$00,$01,$00,$00,$88,$05,$42,$28,$04,$49,$90,$05,$48
0014CC  2  00 01 00 00  
0014D0  2  88 05 42 28  
0014D9  2  90 54 AF 40  	.byte $90,$54,$AF,$40,$22,$0A,$42,$08,$44,$22,$90,$04,$49,$20,$0A,$91,$04
0014DD  2  22 0A 42 08  
0014E1  2  44 22 90 04  
0014EA  2  A2 48 3E 03  	.byte $A2,$48,$3E,$03,$40,$00,$21,$89,$12,$84,$A1,$12,$08,$84,$22,$20,$14
0014EE  2  40 00 21 89  
0014F2  2  12 84 A1 12  
0014FB  2  82 51 88 64  	.byte $82,$51,$88,$64,$22,$24,$11,$22,$40,$12,$09,$90,$44,$20,$89,$44,$21
0014FF  2  22 24 11 22  
001503  2  40 12 09 90  
00150C  2  10 8A 41 28  	.byte $10,$8A,$41,$28,$25,$10,$02,$A4,$10,$09,$A0,$14,$88,$22,$04,$51,$08
001510  2  25 10 02 A4  
001514  2  10 09 A0 14  
00151D  2  44 21 08 08  	.byte $44,$21,$08,$08,$92,$01,$48,$92,$04,$48,$82,$24,$40,$14,$22,$80,$12
001521  2  92 01 48 92  
001525  2  04 48 82 24  
00152E  2  24 80 29 84  	.byte $24,$80,$29,$84,$00,$69,$04,$90,$4A,$01,$90,$49,$82,$04,$48,$00,$22
001532  2  00 69 04 90  
001536  2  4A 01 90 49  
00153F  2  80 22 12 90  	.byte $80,$22,$12,$90,$08,$42,$04,$29,$12,$40,$09,$42,$90,$00,$08,$42,$21
001543  2  08 42 04 29  
001547  2  12 40 09 42  
001550  2  00 14 42 80  	.byte $00,$14,$42,$80,$29,$12,$01,$40,$24,$00,$C8,$00,$01,$24,$00,$22,$40
001554  2  29 12 01 40  
001558  2  24 00 C8 00  
001561  2  04 A1 40 10  	.byte $04,$A1,$40,$10,$09,$20,$80,$09,$80,$00,$14,$00,$60,$12,$80,$24,$10
001565  2  09 20 80 09  
001569  2  80 00 14 00  
001572  2  22 80 10 00  	.byte $22,$80,$10,$00,$00,$04,$20,$00,$94,$02,$00,$A8,$12,$00,$A4,$5A,$41
001576  2  00 04 20 00  
00157A  2  94 02 00 A8  
001583  2  95 2B CA 97  	.byte $95,$2B,$CA,$97,$B9,$6F,$DA,$57,$7B,$B7,$DF,$F6,$FF,$C4,$29,$2B,$95
001587  2  B9 6F DA 57  
00158B  2  7B B7 DF F6  
001594  2  65 5A B5 5B  	.byte $65,$5A,$B5,$5B,$AE,$DD,$6E,$DF,$BA,$DF,$EE,$7D,$B7,$6D,$94,$6C,$5A
001598  2  AE DD 6E DF  
00159C  2  BA DF EE 7D  
0015A5  2  B8 D1 70 E0  	.byte $B8,$D1,$70,$E0,$40,$C0,$C8,$80,$80,$80,$00,$C0,$08,$01,$48,$02,$04
0015A9  2  40 C0 C8 80  
0015AD  2  80 80 00 C0  
0015B6  2  00 05 80 00  	.byte $00,$05,$80,$00,$20,$48,$08,$45,$20,$0A,$88,$20,$24,$04,$42,$90,$08
0015BA  2  20 48 08 45  
0015BE  2  20 0A 88 20  
0015C7  2  00 A4 84 00  	.byte $00,$A4,$84,$00,$2F,$0B,$19,$19,$19,$00,$00,$08,$00,$00,$70,$02,$01
0015CB  2  2F 0B 19 19  
0015CF  2  19 00 00 08  
0015D8  2  00 04 02 81  	.byte $00,$04,$02,$81,$91,$88,$04,$00,$40,$00,$08,$04,$22,$01,$00,$00,$83
0015DC  2  91 88 04 00  
0015E0  2  40 00 08 04  
0015E9  2  50 10 24 42  	.byte $50,$10,$24,$42,$28,$91,$24,$40,$00,$24,$80,$11,$02,$40,$10,$02,$00
0015ED  2  28 91 24 40  
0015F1  2  00 24 80 11  
0015FA  2  01 80 00 80  	.byte $01,$80,$00,$80,$20,$90,$30,$00,$00,$08,$00,$01,$00,$08,$42,$00,$00
0015FE  2  20 90 30 00  
001602  2  00 08 00 01  
00160B  2  02 00 20 04  	.byte $02,$00,$20,$04,$00,$00,$00,$40,$00,$40,$00,$00,$00,$00,$00,$00,$00
00160F  2  00 00 00 40  
001613  2  00 40 00 00  
00161C  2  00 00 00 00  	.byte $00,$00,$00,$00,$02,$00,$01,$04,$02,$08,$01,$08,$11,$02,$20,$01,$48
001620  2  02 00 01 04  
001624  2  02 08 01 08  
00162D  2  40 20 84 11  	.byte $40,$20,$84,$11,$00,$02,$00,$44,$81,$00,$08,$02,$80,$00,$04,$20,$00
001631  2  00 02 00 44  
001635  2  81 00 08 02  
00163E  2  80 04 08 20  	.byte $80,$04,$08,$20,$00,$04,$00,$10,$00,$00,$00,$20,$00,$04,$00,$00,$10
001642  2  00 04 00 10  
001646  2  00 00 00 20  
00164F  2  00 04 00 02  	.byte $00,$04,$00,$02,$42,$01,$01,$41,$01,$01,$00,$44,$00,$00,$00,$89,$00
001653  2  42 01 01 41  
001657  2  01 01 00 44  
001660  2  84 42 21 08  	.byte $84,$42,$21,$08,$89,$20,$04,$40,$09,$22,$80,$89,$88,$04,$02,$44,$92
001664  2  89 20 04 40  
001668  2  09 22 80 89  
001671  2  44 20 09 00  	.byte $44,$20,$09,$00,$92,$09,$40,$25,$08,$91,$24,$08,$A2,$4A,$04,$10,$44
001675  2  92 09 40 25  
001679  2  08 91 24 08  
001682  2  01 28 44 22  	.byte $01,$28,$44,$22,$11,$44,$24,$91,$12,$A4,$48,$12,$84,$A8,$09,$44,$24
001686  2  11 44 24 91  
00168A  2  12 A4 48 12  
001693  2  92 08 61 0A  	.byte $92,$08,$61,$0A,$51,$88,$26,$51,$89,$92,$10,$89,$44,$08,$80,$52,$89
001697  2  51 88 26 51  
00169B  2  89 92 10 89  
0016A4  2  12 49 92 29  	.byte $12,$49,$92,$29,$44,$22,$11,$49,$24,$92,$24,$49,$88,$01,$48,$04,$42
0016A8  2  44 22 11 49  
0016AC  2  24 92 24 49  
0016B5  2  20 48 24 90  	.byte $20,$48,$24,$90,$48,$04,$28,$92,$09,$92,$48,$44,$09,$80,$10,$21,$44
0016B9  2  48 04 28 92  
0016BD  2  09 92 48 44  
0016C6  2  10 84 41 20  	.byte $10,$84,$41,$20,$88,$00,$4A,$01,$04,$90,$00,$05,$80,$10,$02,$41,$00
0016CA  2  88 00 4A 01  
0016CE  2  04 90 00 05  
0016D7  2  80 24 20 80  	.byte $80,$24,$20,$80,$08,$10,$00,$84,$40,$7D,$EF,$FF,$BF,$77,$FF,$FF,$FF
0016DB  2  08 10 00 84  
0016DF  2  40 7D EF FF  
0016E8  2  FE BE FE FD  	.byte $FE,$BE,$FE,$FD,$FF,$FE,$FF,$FF,$B8,$FC,$F1,$E0,$E0,$C0,$C0,$A0,$21
0016EC  2  FF FE FF FF  
0016F0  2  B8 FC F1 E0  
0016F9  2  10 48 92 20  	.byte $10,$48,$92,$20,$90,$24,$80,$12,$00,$00,$A0,$09,$00,$24,$02,$01,$40
0016FD  2  90 24 80 12  
001701  2  00 00 A0 09  
00170A  2  20 00 28 08  	.byte $20,$00,$28,$08,$80,$10,$01,$62,$00,$81,$12,$40,$80,$20,$00,$90,$00
00170E  2  80 10 01 62  
001712  2  00 81 12 40  
00171B  2  80 00 40 04  	.byte $80,$00,$40,$04,$20,$3F,$0F,$00,$00,$00,$00,$00,$10,$00,$01,$00,$00
00171F  2  20 3F 0F 00  
001723  2  00 00 00 00  
00172C  2  00 20 08 20  	.byte $00,$20,$08,$20,$0A,$04,$01,$04,$42,$00,$42,$49,$10,$00,$49,$42,$28
001730  2  0A 04 01 04  
001734  2  42 00 42 49  
00173D  2  10 96 02 42  	.byte $10,$96,$02,$42,$24,$11,$88,$49,$02,$90,$08,$02,$92,$10,$00,$00,$00
001741  2  24 11 88 49  
001745  2  02 90 08 02  
00174E  2  00 01 08 A4  	.byte $00,$01,$08,$A4,$11,$42,$24,$10,$A4,$48,$09,$D0,$02,$04,$20,$00,$04
001752  2  11 42 24 10  
001756  2  A4 48 09 D0  
00175F  2  10 20 00 00  	.byte $10,$20,$00,$00,$00,$00,$80,$13,$80,$09,$20,$40,$48,$30,$02,$20,$40
001763  2  00 00 80 13  
001767  2  80 09 20 40  
001770  2  00 01 80 00  	.byte $00,$01,$80,$00,$11,$00,$00,$06,$00,$00,$10,$24,$41,$08,$49,$80,$01
001774  2  11 00 00 06  
001778  2  00 00 10 24  
001781  2  00 52 00 02  	.byte $00,$52,$00,$02,$50,$01,$00,$00,$00,$01,$80,$10,$00,$84,$21,$40,$00
001785  2  50 01 00 00  
001789  2  00 01 80 10  
001792  2  80 10 00 40  	.byte $80,$10,$00,$40,$00,$04,$40,$00,$00,$02,$00,$00,$00,$00,$00,$00,$20
001796  2  00 04 40 00  
00179A  2  00 02 00 00  
0017A3  2  00 00 00 40  	.byte $00,$00,$00,$40,$00,$10,$00,$00,$00,$00,$20,$00,$00,$00,$89,$00,$08
0017A7  2  00 10 00 00  
0017AB  2  00 00 20 00  
0017B4  2  80 00 88 40  	.byte $80,$00,$88,$40,$01,$90,$40,$02,$00,$00,$02,$00,$01,$11,$40,$00,$09
0017B8  2  01 90 40 02  
0017BC  2  00 00 02 00  
0017C5  2  80 00 04 02  	.byte $80,$00,$04,$02,$00,$00,$08,$00,$00,$00,$11,$60,$14,$85,$40,$2A,$44
0017C9  2  00 00 08 00  
0017CD  2  00 00 11 60  
0017D6  2  49 42 34 09  	.byte $49,$42,$34,$09,$00,$AC,$02,$20,$05,$01,$42,$91,$08,$85,$52,$90,$2A
0017DA  2  00 AC 02 20  
0017DE  2  05 01 42 91  
0017E7  2  04 A8 05 49  	.byte $04,$A8,$05,$49,$92,$48,$24,$22,$11,$49,$00,$24,$4A,$41,$90,$48,$95
0017EB  2  92 48 24 22  
0017EF  2  11 49 00 24  
0017F8  2  40 2C 12 41  	.byte $40,$2C,$12,$41,$AC,$10,$82,$48,$02,$90,$26,$44,$21,$98,$46,$11,$42
0017FC  2  AC 10 82 48  
001800  2  02 90 26 44  
001809  2  54 00 64 02  	.byte $54,$00,$64,$02,$99,$44,$22,$24,$00,$49,$92,$04,$29,$40,$04,$08,$84
00180D  2  99 44 22 24  
001811  2  00 49 92 04  
00181A  2  40 22 10 44  	.byte $40,$22,$10,$44,$20,$09,$88,$02,$00,$49,$20,$02,$50,$20,$48,$04,$90
00181E  2  20 09 88 02  
001822  2  00 49 20 02  
00182B  2  00 05 A0 10  	.byte $00,$05,$A0,$10,$24,$10,$84,$40,$28,$04,$92,$49,$20,$84,$21,$08,$00
00182F  2  24 10 84 40  
001833  2  28 04 92 49  
00183C  2  20 08 04 80  	.byte $20,$08,$04,$80,$FF,$FB,$FB,$FB,$F2,$F6,$F4,$FE,$F8,$F0,$E0,$C0,$C0
001840  2  FF FB FB FB  
001844  2  F2 F6 F4 FE  
00184D  2  81 84 98 89  	.byte $81,$84,$98,$89,$80,$80,$01,$08,$00,$E3,$00,$00,$00,$00,$12,$A2,$00
001851  2  80 80 01 08  
001855  2  00 E3 00 00  
00185E  2  05 11 28 89  	.byte $05,$11,$28,$89,$20,$02,$00,$01,$00,$20,$84,$40,$10,$00,$42,$10,$08
001862  2  20 02 00 01  
001866  2  00 20 84 40  
00186F  2  44 00 10 00  	.byte $44,$00,$10,$00,$10,$48,$00,$02,$24,$40,$00,$10,$00,$08,$84,$80,$00
001873  2  10 48 00 02  
001877  2  24 40 00 10  
001880  2  02 04 04 00  	.byte $02,$04,$04,$00,$00,$00,$00,$00,$00,$00,$00,$00,$00,$00,$00,$00,$90
001884  2  00 00 00 00  
001888  2  00 00 00 00  
001891  2  02 00 10 0A  	.byte $02,$00,$10,$0A,$01,$28,$04,$00,$20,$00,$40,$40,$00,$00,$02,$40,$00
001895  2  01 28 04 00  
001899  2  20 00 40 40  
0018A2  2  19 24 01 18  	.byte $19,$24,$01,$18,$25,$04,$01,$00,$00,$00,$00,$00,$00,$10,$00,$20,$00
0018A6  2  25 04 01 00  
0018AA  2  00 00 00 00  
0018B3  2  84 04 82 22  	.byte $84,$04,$82,$22,$08,$91,$18,$22,$05,$0B,$00,$00,$80,$10,$A1,$42,$00
0018B7  2  08 91 18 22  
0018BB  2  05 0B 00 00  
0018C4  2  82 81 42 08  	.byte $82,$81,$42,$08,$08,$40,$18,$04,$90,$2B,$05,$00,$9A,$49,$04,$48,$44
0018C8  2  08 40 18 04  
0018CC  2  90 2B 05 00  
0018D5  2  08 08 01 04  	.byte $08,$08,$01,$04,$02,$01,$02,$00,$04,$00,$00,$40,$08,$85,$52,$48,$81
0018D9  2  02 01 02 00  
0018DD  2  04 00 00 40  
0018E6  2  02 20 00 10  	.byte $02,$20,$00,$10,$42,$11,$00,$89,$00,$00,$00,$00,$40,$08,$00,$00,$41
0018EA  2  42 11 00 89  
0018EE  2  00 00 00 00  
0018F7  2  08 00 20 00  	.byte $08,$00,$20,$00,$C2,$20,$00,$08,$06,$00,$00,$00,$00,$00,$00,$00,$00
0018FB  2  C2 20 00 08  
0018FF  2  06 00 00 00  
001908  2  00 00 40 00  	.byte $00,$00,$40,$00,$00,$08,$00,$00,$04,$00,$04,$00,$00,$02,$00,$00,$01
00190C  2  00 08 00 00  
001910  2  04 00 04 00  
001919  2  08 00 10 01  	.byte $08,$00,$10,$01,$00,$28,$02,$00,$40,$01,$10,$04,$40,$02,$00,$20,$04
00191D  2  00 28 02 00  
001921  2  40 01 10 04  
00192A  2  01 40 12 00  	.byte $01,$40,$12,$00,$90,$00,$02,$05,$01,$12,$02,$01,$10,$89,$21,$00,$12
00192E  2  90 00 02 05  
001932  2  01 12 02 01  
00193B  2  00 00 40 1B  	.byte $00,$00,$40,$1B,$82,$48,$0A,$44,$52,$89,$24,$88,$12,$24,$B2,$25,$18
00193F  2  82 48 0A 44  
001943  2  52 89 24 88  
00194C  2  05 04 6E B6  	.byte $05,$04,$6E,$B6,$25,$A2,$48,$25,$40,$98,$45,$92,$48,$45,$22,$90,$09
001950  2  25 A2 48 25  
001954  2  40 98 45 92  
00195D  2  44 90 4A 29  	.byte $44,$90,$4A,$29,$48,$04,$52,$89,$44,$20,$11,$44,$02,$21,$58,$02,$A9
001961  2  48 04 52 89  
001965  2  44 20 11 44  
00196E  2  48 12 40 48  	.byte $48,$12,$40,$48,$82,$11,$20,$12,$81,$28,$82,$42,$11,$20,$84,$48,$41
001972  2  82 11 20 12  
001976  2  81 28 82 42  
00197F  2  28 40 02 54  	.byte $28,$40,$02,$54,$00,$29,$44,$00,$69,$04,$24,$12,$44,$08,$84,$22,$91
001983  2  00 29 44 00  
001987  2  69 04 24 12  
001990  2  02 40 90 20  	.byte $02,$40,$90,$20,$10,$89,$44,$10,$22,$08,$81,$49,$10,$82,$20,$11,$C0
001994  2  10 89 44 10  
001998  2  22 08 81 49  
0019A1  2  C0 E8 E2 E4  	.byte $C0,$E8,$E2,$E4,$E8,$E8,$F0,$F4,$E2,$E0,$F8,$F0,$F0,$F9,$FE,$80,$09
0019A5  2  E8 E8 F0 F4  
0019A9  2  E2 E0 F8 F0  
0019B2  2  02 48 89 01  	.byte $02,$48,$89,$01,$04,$00,$42,$00,$01,$10,$00,$42,$00,$01,$20,$04,$28
0019B6  2  04 00 42 00  
0019BA  2  01 10 00 42  
0019C3  2  90 02 25 88  	.byte $90,$02,$25,$88,$10,$44,$48,$01,$92,$20,$04,$10,$00,$48,$20,$82,$10
0019C7  2  10 44 48 01  
0019CB  2  92 20 04 10  
0019D4  2  4C 00 80 29  	.byte $4C,$00,$80,$29,$40,$00,$08,$C0,$21,$4B,$04,$00,$00,$00,$01,$90,$40
0019D8  2  40 00 08 C0  
0019DC  2  21 4B 04 00  
0019E5  2  00 00 00 00  	.byte $00,$00,$00,$00,$40,$C0,$C0,$C0,$80,$00,$00,$00,$00,$04,$00,$00,$00
0019E9  2  40 C0 C0 C0  
0019ED  2  80 00 00 00  
0019F6  2  01 09 00 00  	.byte $01,$09,$00,$00,$00,$00,$00,$00,$00,$10,$02,$00,$00,$90,$02,$04,$20
0019FA  2  00 00 00 00  
0019FE  2  00 10 02 00  
001A07  2  35 03 00 00  	.byte $35,$03,$00,$00,$00,$00,$00,$00,$80,$C0,$04,$00,$00,$24,$41,$10,$2A
001A0B  2  00 00 00 00  
001A0F  2  80 C0 04 00  
001A18  2  85 31 0E 00  	.byte $85,$31,$0E,$00,$00,$00,$00,$00,$00,$00,$00,$00,$00,$00,$A4,$00,$02
001A1C  2  00 00 00 00  
001A20  2  00 00 00 00  
001A29  2  50 40 88 10  	.byte $50,$40,$88,$10,$20,$08,$01,$18,$40,$00,$29,$00,$00,$10,$00,$00,$40
001A2D  2  20 08 01 18  
001A31  2  40 00 29 00  
001A3A  2  00 00 00 00  	.byte $00,$00,$00,$00,$80,$00,$17,$07,$0F,$0E,$00,$00,$00,$28,$40,$00,$06
001A3E  2  80 00 17 07  
001A42  2  0F 0E 00 00  
001A4B  2  0C 10 60 00  	.byte $0C,$10,$60,$00,$00,$07,$07,$1F,$3F,$7F,$7E,$01,$F7,$FF,$BF,$4E,$07
001A4F  2  00 07 07 1F  
001A53  2  3F 7F 7E 01  
001A5C  2  07 3F 38 0E  	.byte $07,$3F,$38,$0E,$80,$E0,$F8,$FC,$F1,$80,$F2,$F0,$F0,$F0,$00,$20,$E0
001A60  2  80 E0 F8 FC  
001A64  2  F1 80 F2 F0  
001A6D  2  C0 40 81 00  	.byte $C0,$40,$81,$00,$00,$12,$98,$04,$10,$02,$88,$00,$02,$20,$04,$22,$00
001A71  2  00 12 98 04  
001A75  2  10 02 88 00  
001A7E  2  02 01 00 4C  	.byte $02,$01,$00,$4C,$03,$20,$84,$40,$04,$92,$01,$88,$51,$00,$89,$48,$11
001A82  2  03 20 84 40  
001A86  2  04 92 01 88  
001A8F  2  84 21 12 01  	.byte $84,$21,$12,$01,$94,$88,$41,$28,$00,$04,$22,$01,$82,$05,$00,$24,$12
001A93  2  94 88 41 28  
001A97  2  00 04 22 01  
001AA0  2  02 00 88 86  	.byte $02,$00,$88,$86,$92,$82,$85,$AA,$05,$24,$1A,$04,$29,$92,$14,$24,$89
001AA4  2  92 82 85 AA  
001AA8  2  05 24 1A 04  
001AB1  2  90 48 46 60  	.byte $90,$48,$46,$60,$11,$08,$95,$22,$98,$45,$A2,$28,$45,$E5,$30,$04,$A0
001AB5  2  11 08 95 22  
001AB9  2  98 45 A2 28  
001AC2  2  4A 01 A8 14  	.byte $4A,$01,$A8,$14,$05,$48,$22,$04,$48,$05,$42,$20,$15,$82,$91,$40,$24
001AC6  2  05 48 22 04  
001ACA  2  48 05 42 20  
001AD3  2  00 90 25 01  	.byte $00,$90,$25,$01,$A0,$49,$80,$44,$22,$90,$42,$11,$44,$08,$A2,$01,$A4
001AD7  2  A0 49 80 44  
001ADB  2  22 90 42 11  
001AE4  2  10 01 48 92  	.byte $10,$01,$48,$92,$20,$94,$40,$29,$94,$00,$22,$44,$84,$20,$10,$88,$42
001AE8  2  20 94 40 29  
001AEC  2  94 00 22 44  
001AF5  2  21 18 82 A0  	.byte $21,$18,$82,$A0,$20,$04,$10,$20,$08,$45,$80,$FF,$FF,$FF,$FF,$FF,$FF
001AF9  2  20 04 10 20  
001AFD  2  08 45 80 FF  
001B06  2  FF FF FF FF  	.byte $FF,$FF,$FF,$FF,$FF,$FF,$FF,$FF,$FF,$FF,$88,$C0,$F0,$F8,$FF,$FF,$FF
001B0A  2  FF FF FF FF  
001B0E  2  FF FF 88 C0  
001B17  2  FF FF FF FF  	.byte $FF,$FF,$FF,$FF,$FF,$FF,$FF,$FF,$FF,$09,$12,$44,$00,$04,$E1,$FC,$FF
001B1B  2  FF FF FF FF  
001B1F  2  FF 09 12 44  
001B28  2  FF FF FF FF  	.byte $FF,$FF,$FF,$FF,$FF,$FF,$FF,$FF,$08,$10,$00,$80,$00,$00,$00,$E0,$E0
001B2C  2  FF FF FF FF  
001B30  2  08 10 00 80  
001B39  2  F0 F0 F8 F8  	.byte $F0,$F0,$F8,$F8,$FC,$FE,$FF,$00,$00,$00,$00,$00,$00,$00,$00,$00,$00
001B3D  2  FC FE FF 00  
001B41  2  00 00 00 00  
001B4A  2  04 02 00 00  	.byte $04,$02,$00,$00,$00,$00,$00,$02,$10,$00,$00,$00,$00,$00,$00,$00,$00
001B4E  2  00 00 00 02  
001B52  2  10 00 00 00  
001B5B  2  00 00 00 00  	.byte $00,$00,$00,$00,$00,$00,$6D,$24,$02,$00,$00,$00,$04,$00,$00,$48,$00
001B5F  2  00 00 6D 24  
001B63  2  02 00 00 00  
001B6C  2  00 00 00 00  	.byte $00,$00,$00,$00,$00,$00,$A0,$48,$52,$04,$00,$00,$80,$00,$01,$04,$00
001B70  2  00 00 A0 48  
001B74  2  52 04 00 00  
001B7D  2  00 00 00 00  	.byte $00,$00,$00,$00,$00,$00,$00,$0C,$38,$38,$12,$10,$80,$20,$60,$C0,$40
001B81  2  00 00 00 0C  
001B85  2  38 38 12 10  
001B8E  2  00 80 18 20  	.byte $00,$80,$18,$20,$00,$00,$00,$00,$00,$10,$71,$01,$00,$00,$00,$00,$00
001B92  2  00 00 00 00  
001B96  2  00 10 71 01  
001B9F  2  00 00 00 00  	.byte $00,$00,$00,$00,$00,$00,$00,$00,$00,$00,$A0,$12,$01,$00,$00,$00,$00
001BA3  2  00 00 00 00  
001BA7  2  00 00 A0 12  
001BB0  2  03 39 00 00  	.byte $03,$39,$00,$00,$00,$00,$00,$00,$00,$00,$00,$40,$6C,$04,$00,$00,$00
001BB4  2  00 00 00 00  
001BB8  2  00 00 00 40  
001BC1  2  00 00 00 00  	.byte $00,$00,$00,$00,$00,$00,$00,$00,$00,$00,$00,$00,$00,$00,$20,$10,$0A
001BC5  2  00 00 00 00  
001BC9  2  00 00 00 00  
001BD2  2  00 10 0D 00  	.byte $00,$10,$0D,$00,$00,$00,$00,$36,$09,$20,$14,$0A,$21,$2A,$4A,$09,$08
001BD6  2  00 00 00 36  
001BDA  2  09 20 14 0A  
001BE3  2  46 21 06 00  	.byte $46,$21,$06,$00,$00,$4A,$10,$45,$92,$48,$49,$24,$4A,$91,$2A,$00,$40
001BE7  2  00 4A 10 45  
001BEB  2  92 48 49 24  
001BF4  2  08 02 05 50  	.byte $08,$02,$05,$50,$98,$06,$61,$14,$89,$24,$50,$0A,$56,$21,$49,$54,$8A
001BF8  2  98 06 61 14  
001BFC  2  89 24 50 0A  
001C05  2  25 4A 94 25  	.byte $25,$4A,$94,$25,$96,$21,$1A,$44,$A2,$12,$92,$12,$92,$48,$A4,$11,$A8
001C09  2  96 21 1A 44  
001C0D  2  A2 12 92 12  
001C16  2  42 98 24 52  	.byte $42,$98,$24,$52,$55,$A8,$4A,$A4,$51,$4C,$40,$AA,$40,$44,$12,$20,$92
001C1A  2  55 A8 4A A4  
001C1E  2  51 4C 40 AA  
001C27  2  48 12 41 24  	.byte $48,$12,$41,$24,$11,$92,$84,$21,$88,$20,$02,$A4,$20,$92,$45,$40,$24
001C2B  2  11 92 84 21  
001C2F  2  88 20 02 A4  
001C38  2  51 08 82 50  	.byte $51,$08,$82,$50,$21,$84,$20,$52,$10,$26,$81,$20,$48,$05,$A2,$90,$12
001C3C  2  21 84 20 52  
001C40  2  10 26 81 20  
001C49  2  44 41 22 11  	.byte $44,$41,$22,$11,$88,$11,$40,$24,$52,$08,$40,$24,$12,$22,$01,$48,$14
001C4D  2  88 11 40 24  
001C51  2  52 08 40 24  
001C5A  2  02 81 28 40  	.byte $02,$81,$28,$40,$0A,$21,$FF,$FF,$FF,$FF,$FF,$FF,$FF,$FF,$FF,$FF,$FF
001C5E  2  0A 21 FF FF  
001C62  2  FF FF FF FF  
001C6B  2  FF FF FF FF  	.byte $FF,$FF,$FF,$FF,$BF,$FF,$FF,$FF,$FF,$FF,$FF,$FF,$FF,$FF,$FF,$FF,$FF
001C6F  2  BF FF FF FF  
001C73  2  FF FF FF FF  
001C7C  2  FF FF FE EE  	.byte $FF,$FF,$FE,$EE,$FF,$FF,$FF,$FF,$FF,$FF,$FF,$FF,$FF,$FF,$FF,$FF,$FF
001C80  2  FF FF FF FF  
001C84  2  FF FF FF FF  
001C8D  2  DB 77 EF FF  	.byte $DB,$77,$EF,$FF,$FF,$FF,$FF,$FF,$FF,$FF,$FF,$FF,$FF,$FF,$FF,$FF,$FF
001C91  2  FF FF FF FF  
001C95  2  FF FF FF FF  
001C9E  2  FF FF 80 80  	.byte $FF,$FF,$80,$80,$E0,$D0,$D0,$F8,$D8,$F0,$D0,$F0,$E0,$E8,$F0,$F8,$B0
001CA2  2  E0 D0 D0 F8  
001CA6  2  D8 F0 D0 F0  
001CAF  2  E0 00 00 00  	.byte $E0,$00,$00,$00,$00,$00,$00,$00,$00,$00,$00,$00,$00,$00,$00,$00,$00
001CB3  2  00 00 00 00  
001CB7  2  00 00 00 00  
001CC0  2  04 00 00 00  	.byte $04,$00,$00,$00,$00,$00,$00,$00,$00,$00,$00,$00,$00,$00,$00,$00,$00
001CC4  2  00 00 00 00  
001CC8  2  00 00 00 00  
001CD1  2  00 00 00 00  	.byte $00,$00,$00,$00,$00,$00,$00,$00,$00,$00,$00,$00,$00,$00,$00,$00,$00
001CD5  2  00 00 00 00  
001CD9  2  00 00 00 00  
001CE2  2  00 00 00 00  	.byte $00,$00,$00,$00,$00,$00,$00,$00,$00,$00,$00,$00,$00,$00,$00,$00,$00
001CE6  2  00 00 00 00  
001CEA  2  00 00 00 00  
001CF3  2  00 00 00 00  	.byte $00,$00,$00,$00,$00,$00,$00,$00,$00,$00,$00,$00,$00,$00,$00,$00,$00
001CF7  2  00 00 00 00  
001CFB  2  00 00 00 00  
001D04  2  00 80 02 00  	.byte $00,$80,$02,$00,$00,$00,$00,$00,$00,$00,$00,$00,$00,$00,$00,$00,$01
001D08  2  00 00 00 00  
001D0C  2  00 00 00 00  
001D15  2  00 10 00 00  	.byte $00,$10,$00,$00,$40,$00,$00,$00,$00,$00,$00,$00,$00,$00,$00,$00,$00
001D19  2  40 00 00 00  
001D1D  2  00 00 00 00  
001D26  2  00 00 00 00  	.byte $00,$00,$00,$00,$00,$00,$01,$00,$00,$00,$04,$00,$00,$00,$00,$00,$00
001D2A  2  00 00 01 00  
001D2E  2  00 00 04 00  
001D37  2  00 00 00 00  	.byte $00,$00,$00,$00,$01,$20,$00,$00,$00,$92,$C8,$1A,$01,$01,$00,$80,$12
001D3B  2  01 20 00 00  
001D3F  2  00 92 C8 1A  
001D48  2  01 02 10 05  	.byte $01,$02,$10,$05,$00,$00,$05,$00,$A5,$48,$45,$C8,$A4,$13,$01,$00,$40
001D4C  2  00 00 05 00  
001D50  2  A5 48 45 C8  
001D59  2  24 00 20 85  	.byte $24,$00,$20,$85,$10,$20,$44,$44,$21,$49,$A8,$24,$46,$62,$29,$05,$00
001D5D  2  10 20 44 44  
001D61  2  21 49 A8 24  
001D6A  2  00 00 08 80  	.byte $00,$00,$08,$80,$40,$04,$94,$22,$49,$A6,$22,$50,$2A,$05,$49,$24,$02
001D6E  2  40 04 94 22  
001D72  2  49 A6 22 50  
001D7B  2  01 00 00 00  	.byte $01,$00,$00,$00,$00,$84,$42,$49,$42,$41,$A4,$10,$02,$64,$20,$92,$22
001D7F  2  00 84 42 49  
001D83  2  42 41 A4 10  
001D8C  2  49 04 00 00  	.byte $49,$04,$00,$00,$88,$10,$24,$49,$00,$94,$49,$20,$84,$42,$20,$11,$42
001D90  2  88 10 24 49  
001D94  2  00 94 49 20  
001D9D  2  88 A0 04 88  	.byte $88,$A0,$04,$88,$42,$20,$29,$44,$00,$2A,$01,$48,$22,$01,$28,$00,$10
001DA1  2  42 20 29 44  
001DA5  2  00 2A 01 48  
001DAE  2  8A 00 40 08  	.byte $8A,$00,$40,$08,$01,$48,$00,$11,$02,$20,$11,$20,$08,$8A,$01,$44,$00
001DB2  2  01 48 00 11  
001DB6  2  02 20 11 20  
001DBF  2  48 FF FF FE  	.byte $48,$FF,$FF,$FE,$B9,$A7,$DC,$94,$49,$72,$21,$48,$C4,$41,$49,$42,$86
001DC3  2  B9 A7 DC 94  
001DC7  2  49 72 21 48  
001DD0  2  FD 72 EA C9  	.byte $FD,$72,$EA,$C9,$97,$27,$9F,$4A,$3C,$36,$5E,$AA,$56,$A0,$45,$1A,$7F
001DD4  2  97 27 9F 4A  
001DD8  2  3C 36 5E AA  
001DE1  2  FF FF FF FF  	.byte $FF,$FF,$FF,$FF,$7D,$FF,$FA,$D8,$74,$42,$49,$20,$04,$21,$08,$F7,$FC
001DE5  2  7D FF FA D8  
001DE9  2  74 42 49 20  
001DF2  2  F2 F6 C9 91  	.byte $F2,$F6,$C9,$91,$2A,$45,$93,$96,$24,$04,$94,$29,$2C,$70,$40,$80,$40
001DF6  2  2A 45 93 96  
001DFA  2  24 04 94 29  
001E03  2  80 88 00 90  	.byte $80,$88,$00,$90,$A0,$00,$02,$00,$10,$C0,$00,$02,$00,$00,$00,$00,$00
001E07  2  A0 00 02 00  
001E0B  2  10 C0 00 02  
001E14  2  00 80 00 00  	.byte $00,$80,$00,$00,$00,$00,$20,$00,$00,$00,$00,$00,$00,$00,$00,$00,$00
001E18  2  00 00 20 00  
001E1C  2  00 00 00 00  
001E25  2  00 00 00 00  	.byte $00,$00,$00,$00,$00,$00,$00,$00,$00,$00,$00,$00,$00,$00,$00,$00,$00
001E29  2  00 00 00 00  
001E2D  2  00 00 00 00  
001E36  2  00 00 00 00  	.byte $00,$00,$00,$00,$00,$00,$00,$00,$00,$00,$00,$00,$00,$00,$00,$00,$00
001E3A  2  00 00 00 00  
001E3E  2  00 00 00 00  
001E47  2  00 00 00 00  	.byte $00,$00,$00,$00,$00,$00,$00,$00,$00,$00,$00,$00,$00,$00,$00,$00,$00
001E4B  2  00 00 00 00  
001E4F  2  00 00 00 00  
001E58  2  00 00 00 00  	.byte $00,$00,$00,$00,$00,$00,$00,$00,$00,$00,$00,$00,$00,$00,$00,$00,$00
001E5C  2  00 00 00 00  
001E60  2  00 00 00 00  
001E69  2  00 00 00 00  	.byte $00,$00,$00,$00,$00,$00,$00,$00,$00,$00,$00,$00,$00,$00,$00,$00,$00
001E6D  2  00 00 00 00  
001E71  2  00 00 00 00  
001E7A  2  02 00 00 00  	.byte $02,$00,$00,$00,$00,$00,$00,$01,$00,$00,$00,$00,$00,$12,$00,$00,$00
001E7E  2  00 00 00 01  
001E82  2  00 00 00 00  
001E8B  2  00 20 00 00  	.byte $00,$20,$00,$00,$82,$00,$00,$B0,$28,$26,$21,$18,$06,$04,$02,$01,$09
001E8F  2  82 00 00 B0  
001E93  2  28 26 21 18  
001E9C  2  18 04 02 00  	.byte $18,$04,$02,$00,$00,$02,$00,$00,$00,$00,$01,$81,$82,$61,$04,$24,$A2
001EA0  2  00 02 00 00  
001EA4  2  00 00 01 81  
001EAD  2  04 C5 32 00  	.byte $04,$C5,$32,$00,$21,$10,$02,$00,$40,$A8,$24,$91,$6A,$24,$92,$44,$49
001EB1  2  21 10 02 00  
001EB5  2  40 A8 24 91  
001EBE  2  12 49 04 00  	.byte $12,$49,$04,$00,$48,$04,$08,$12,$00,$00,$80,$48,$0C,$82,$49,$24,$45
001EC2  2  48 04 08 12  
001EC6  2  00 00 80 48  
001ECF  2  08 80 00 80  	.byte $08,$80,$00,$80,$40,$02,$01,$08,$40,$00,$00,$00,$00,$22,$10,$20,$22
001ED3  2  40 02 01 08  
001ED7  2  40 00 00 00  
001EE0  2  00 00 00 00  	.byte $00,$00,$00,$00,$00,$00,$00,$80,$00,$10,$00,$00,$00,$C0,$22,$00,$02
001EE4  2  00 00 00 80  
001EE8  2  00 10 00 00  
001EF1  2  00 00 00 80  	.byte $00,$00,$00,$80,$00,$01,$00,$00,$80,$00,$00,$00,$00,$00,$AB,$44,$8A
001EF5  2  00 01 00 00  
001EF9  2  80 00 00 00  
001F02  2  41 08 04 22  	.byte $41,$08,$04,$22,$08,$02,$04,$04,$02,$09,$04,$20,$04,$42,$02,$20,$10
001F06  2  08 02 04 04  
001F0A  2  02 09 04 20  
001F13  2  84 00 49 82  	.byte $84,$00,$49,$82,$20,$88,$11,$88,$02,$24,$80,$24,$12
001F17  2  20 88 11 88  
001F1B  2  02 24 80 24  
001F20  2               
001F20  1               eind_asm:
001F20  1               
