ca65 V2.13.3 - (C) Copyright 1998-2012 Ullrich von Bassewitz
Main file   : slasher2d.asm
Current file: slasher2d.asm

000000r 1               ;----------------------------------------------
000000r 1               ;Tents puzzle game
000000r 1               ; Atom version by Kees van Oss  2023
000000r 1               ;----------------------------------------------
000000r 1               	.DEFINE asm_code $1000-2
000000r 1               	.DEFINE header   0		; Header Wouter Ras emulator
000000r 1               	.DEFINE filenaam "TENTS"
000000r 1               
000000r 1               .org asm_code-22*header
000FFE  1               
000FFE  1               .IF header
000FFE  1               ;********************************************************************
000FFE  1               ; ATM Header for Atom emulator Wouter Ras
000FFE  1               
000FFE  1               name_start:
000FFE  1               	.byte filenaam			; Filename
000FFE  1               name_end:
000FFE  1               	.repeat 16-name_end+name_start	; Fill with 0 till 16 chars
000FFE  1               	  .byte $0
000FFE  1               	.endrep
000FFE  1               
000FFE  1               	.word asm_code			; 2 bytes startaddress
000FFE  1               	.word exec			; 2 bytes linkaddress
000FFE  1               	.word eind_asm-start_asm	; 2 bytes filelength
000FFE  1               
000FFE  1               ;********************************************************************
000FFE  1               .ENDIF
000FFE  1               
000FFE  1               
000FFE  1               exec  = start_asm
000FFE  1               start_asm:
000FFE  1               	.include "slasher2d.inc"
000FFE  2               ;----------------------------------------------
000FFE  2               ; Header
000FFE  2               ;----------------------------------------------
000FFE  2               
000FFE  2  00 10        	.word load
001000  2               load:
001000  2               main:
001000  2               
001000  2               
001000  2               ; .VIC format
001000  2               
001000  2               
001000  2               ; Bitmap
001000  2               
001000  2  FF FF FF FF  	.byte $FF,$FF,$FF,$FF,$FF,$FF,$FF,$FF,$FF,$FF,$FF,$FF,$FE,$FE,$FF,$FF,$FF
001004  2  FF FF FF FF  
001008  2  FF FF FF FF  
001011  2  FF FF FF FF  	.byte $FF,$FF,$FF,$FF,$FF,$FF,$FF,$FF,$FF,$FF,$FF,$00,$0F,$CF,$CF,$FF,$FF
001015  2  FF FF FF FF  
001019  2  FF FF FF 00  
001022  2  FF FF FF FF  	.byte $FF,$FF,$FF,$FF,$FF,$FF,$FF,$FF,$FF,$7F,$81,$81,$39,$3D,$FF,$FF,$FF
001026  2  FF FF FF FF  
00102A  2  FF 7F 81 81  
001033  2  FF FF FF FF  	.byte $FF,$FF,$FF,$FF,$FF,$FF,$FF,$FF,$FF,$CF,$DC,$DC,$B1,$FF,$FF,$FF,$FF
001037  2  FF FF FF FF  
00103B  2  FF CF DC DC  
001044  2  FF FF FF FF  	.byte $FF,$FF,$FF,$FF,$FF,$FF,$FF,$FF,$0D,$0D,$C9,$F9,$FF,$FF,$FF,$FF,$FF
001048  2  FF FF FF FF  
00104C  2  0D 0D C9 F9  
001055  2  FF FF FF FF  	.byte $FF,$FF,$FF,$FF,$FF,$FF,$FF,$CF,$CF,$9F,$3F,$FF,$FF,$FF,$FF,$FF,$FF
001059  2  FF FF FF CF  
00105D  2  CF 9F 3F FF  
001066  2  FF FF FF FF  	.byte $FF,$FF,$FF,$FF,$FF,$FF,$F8,$F0,$E7,$E7,$FF,$FF,$FF,$FF,$FF,$FF,$FF
00106A  2  FF FF F8 F0  
00106E  2  E7 E7 FF FF  
001077  2  FF FF FF FF  	.byte $FF,$FF,$FF,$FF,$FF,$30,$10,$97,$97,$FF,$FF,$FF,$FF,$FF,$FF,$FF,$FF
00107B  2  FF 30 10 97  
00107F  2  97 FF FF FF  
001088  2  FF FF FF FF  	.byte $FF,$FF,$FF,$FF,$3F,$1F,$1F,$9F,$FF,$FF,$FF,$FF,$FF,$FF,$FF,$FF,$FF
00108C  2  3F 1F 1F 9F  
001090  2  FF FF FF FF  
001099  2  FF FF FF C0  	.byte $FF,$FF,$FF,$C0,$C1,$FB,$FB,$FF,$FF,$FF,$FF,$FF,$FF,$FF,$FF,$FF,$FF
00109D  2  C1 FB FB FF  
0010A1  2  FF FF FF FF  
0010AA  2  FF EF 10 F0  	.byte $FF,$EF,$10,$F0,$E7,$E7,$FF,$FF,$FF,$FF,$FF,$FF,$FF,$FF,$FF,$FF,$FF
0010AE  2  E7 E7 FF FF  
0010B2  2  FF FF FF FF  
0010BB  2  FF E0 67 6F  	.byte $FF,$E0,$67,$6F,$68,$FF,$FF,$FF,$FF,$FF,$FF,$FF,$FF,$FF,$FF,$FF,$FF
0010BF  2  68 FF FF FF  
0010C3  2  FF FF FF FF  
0010CC  2  38 F8 F0 F4  	.byte $38,$F8,$F0,$F4,$FF,$FF,$FF,$FF,$FF,$FF,$FF,$FF,$FF,$FF,$FF,$FF,$C0
0010D0  2  FF FF FF FF  
0010D4  2  FF FF FF FF  
0010DD  2  C1 FB FB FF  	.byte $C1,$FB,$FB,$FF,$FF,$FF,$FF,$FF,$FF,$FF,$FF,$FF,$FF,$FF,$FF,$7F,$FF
0010E1  2  FF FF FF FF  
0010E5  2  FF FF FF FF  
0010EE  2  FF FF FF FF  	.byte $FF,$FF,$FF,$FF,$FF,$FF,$FF,$FF,$FF,$FF,$FF,$FF,$FF,$FF,$FF,$FF,$FF
0010F2  2  FF FF FF FF  
0010F6  2  FF FF FF FF  
0010FF  2  FF FF FF FF  	.byte $FF,$FF,$FF,$FF,$FF,$FF,$FF,$FF,$FF,$FF,$FF,$FF,$FF,$FF,$FF,$FF,$FF
001103  2  FF FF FF FF  
001107  2  FF FF FF FF  
001110  2  FF FF FF FF  	.byte $FF,$FF,$FF,$FF,$FF,$FF,$FF,$FF,$FF,$FF,$FF,$FF,$FF,$FF,$FF,$FF,$FF
001114  2  FF FF FF FF  
001118  2  FF FF FF FF  
001121  2  FF FF FF FF  	.byte $FF,$FF,$FF,$FF,$FF,$FF,$FF,$FF,$FF,$FF,$FF,$FF,$FF,$FF,$FF,$FF,$FF
001125  2  FF FF FF FF  
001129  2  FF FF FF FF  
001132  2  FF FF FF FF  	.byte $FF,$FF,$FF,$FF,$FF,$FF,$FF,$FF,$FF,$FF,$FF,$FF,$FF,$FF,$FF,$FF,$FF
001136  2  FF FF FF FF  
00113A  2  FF FF FF FF  
001143  2  FF FF FF FF  	.byte $FF,$FF,$FF,$FF,$FF,$FF,$FF,$FF,$FF,$FF,$FF,$FF,$FF,$FF,$FF,$FF,$FF
001147  2  FF FF FF FF  
00114B  2  FF FF FF FF  
001154  2  FF FF FF FF  	.byte $FF,$FF,$FF,$FF,$FF,$FF,$FF,$FF,$FF,$FF,$FF,$FF,$FF,$FF,$FF,$FF,$FF
001158  2  FF FF FF FF  
00115C  2  FF FF FF FF  
001165  2  FF FF FF FF  	.byte $FF,$FF,$FF,$FF,$FF,$FF,$FF,$FF,$FF,$FF,$FF,$CF,$DF,$DF,$DF,$BE,$BE
001169  2  FF FF FF FF  
00116D  2  FF FF FF CF  
001176  2  BE 3C 3C FF  	.byte $BE,$3C,$3C,$FF,$FF,$FF,$FF,$FF,$FF,$FF,$39,$79,$67,$07,$0E,$0E,$E2
00117A  2  FF FF FF FF  
00117E  2  FF FF 39 79  
001187  2  E2 F6 FF FF  	.byte $E2,$F6,$FF,$FF,$FF,$FF,$FF,$FF,$FF,$B3,$37,$2F,$2F,$4F,$4F,$4F,$40
00118B  2  FF FF FF FF  
00118F  2  FF B3 37 2F  
001198  2  70 FF FF FF  	.byte $70,$FF,$FF,$FF,$FF,$FF,$FF,$FF,$F8,$FA,$F8,$F8,$F0,$F2,$16,$37,$F7
00119C  2  FF FF FF FF  
0011A0  2  F8 FA F8 F8  
0011A9  2  FF FF FF FF  	.byte $FF,$FF,$FF,$FF,$FF,$FF,$FF,$3F,$7F,$7F,$7F,$7F,$3F,$3F,$3F,$BF,$FF
0011AD  2  FF FF FF 3F  
0011B1  2  7F 7F 7F 7F  
0011BA  2  FF FF FF FF  	.byte $FF,$FF,$FF,$FF,$FF,$FF,$EF,$DF,$DF,$DF,$9E,$9E,$DC,$C1,$E3,$FF,$FF
0011BE  2  FF FF EF DF  
0011C2  2  DF DF 9E 9E  
0011CB  2  FF FF FF FF  	.byte $FF,$FF,$FF,$FF,$FF,$97,$AF,$AC,$20,$01,$41,$CC,$DC,$DE,$FF,$FF,$FF
0011CF  2  FF 97 AF AC  
0011D3  2  20 01 41 CC  
0011DC  2  FF FF FF FF  	.byte $FF,$FF,$FF,$FF,$3F,$3F,$FF,$FF,$FF,$FF,$7F,$7F,$FF,$FF,$FF,$FF,$FF
0011E0  2  3F 3F FF FF  
0011E4  2  FF FF 7F 7F  
0011ED  2  FF FF FF FB  	.byte $FF,$FF,$FF,$FB,$F3,$F3,$F3,$F7,$F7,$F7,$EF,$EF,$FF,$FF,$FF,$FF,$FF
0011F1  2  F3 F3 F3 F7  
0011F5  2  F7 F7 EF EF  
0011FE  2  FF FF E7 EE  	.byte $FF,$FF,$E7,$EE,$EC,$E1,$C1,$C1,$D8,$98,$9E,$FF,$FF,$FF,$FF,$FF,$FF
001202  2  EC E1 C1 C1  
001206  2  D8 98 9E FF  
00120F  2  FF E0 C7 DF  	.byte $FF,$E0,$C7,$DF,$DF,$9F,$9E,$98,$80,$C6,$FF,$FF,$FF,$FF,$FF,$FF,$FF
001213  2  DF 9F 9E 98  
001217  2  80 C6 FF FF  
001220  2  EC EC CD DC  	.byte $EC,$EC,$CD,$DC,$80,$81,$3D,$3D,$7D,$FF,$FF,$FF,$FF,$FF,$FF,$FF,$FB
001224  2  80 81 3D 3D  
001228  2  7D FF FF FF  
001231  2  F7 F7 F7 E7  	.byte $F7,$F7,$F7,$E7,$E7,$E7,$EF,$EF,$FF,$FF,$FF,$FF,$FF,$FF,$FF,$FF,$FF
001235  2  E7 E7 EF EF  
001239  2  FF FF FF FF  
001242  2  FF FF FF FF  	.byte $FF,$FF,$FF,$FF,$FF,$FF,$FF,$FF,$FF,$FF,$FE,$FC,$F8,$F0,$FF,$FF,$FF
001246  2  FF FF FF FF  
00124A  2  FF FF FE FC  
001253  2  FF FF FF E7  	.byte $FF,$FF,$FF,$E7,$F3,$F1,$F0,$E0,$00,$00,$00,$00,$00,$FF,$FF,$FF,$FF
001257  2  F3 F1 F0 E0  
00125B  2  00 00 00 00  
001264  2  FF FF E0 C0  	.byte $FF,$FF,$E0,$C0,$00,$00,$00,$00,$00,$00,$00,$00,$FF,$FF,$FF,$FF,$FF
001268  2  00 00 00 00  
00126C  2  00 00 00 00  
001275  2  FF 1F 07 07  	.byte $FF,$1F,$07,$07,$01,$01,$00,$00,$00,$00,$00,$FF,$FF,$FF,$FF,$FF,$FF
001279  2  01 01 00 00  
00127D  2  00 00 00 FF  
001286  2  FF FF FC E0  	.byte $FF,$FF,$FC,$E0,$C0,$C0,$40,$00,$00,$02,$FF,$FF,$FF,$FF,$FF,$FF,$C0
00128A  2  C0 C0 40 00  
00128E  2  00 02 FF FF  
001297  2  00 00 00 00  	.byte $00,$00,$00,$00,$00,$00,$00,$00,$04,$FF,$FF,$FF,$FF,$FF,$FF,$1F,$00
00129B  2  00 00 00 00  
00129F  2  04 FF FF FF  
0012A8  2  00 00 00 00  	.byte $00,$00,$00,$00,$00,$00,$00,$00,$FF,$FF,$FF,$FF,$FF,$FF,$FF,$1F,$00
0012AC  2  00 00 00 00  
0012B0  2  FF FF FF FF  
0012B9  2  00 00 00 00  	.byte $00,$00,$00,$00,$00,$00,$00,$FF,$FF,$FF,$FF,$FF,$FF,$FF,$FF,$FF,$FF
0012BD  2  00 00 00 FF  
0012C1  2  FF FF FF FF  
0012CA  2  FF FF FF FF  	.byte $FF,$FF,$FF,$FF,$FF,$FF,$FF,$FF,$FF,$FF,$FF,$FF,$FF,$FF,$FF,$FF,$FF
0012CE  2  FF FF FF FF  
0012D2  2  FF FF FF FF  
0012DB  2  FF FF FF FF  	.byte $FF,$FF,$FF,$FF,$FF,$FF,$FF,$FF,$FF,$FF,$FF,$FF,$FF,$FF,$FF,$FF,$FF
0012DF  2  FF FF FF FF  
0012E3  2  FF FF FF FF  
0012EC  2  FF FF FF FF  	.byte $FF,$FF,$FF,$FF,$FF,$FF,$FF,$FF,$FF,$FF,$FF,$FF,$FF,$FF,$FF,$FF,$FF
0012F0  2  FF FF FF FF  
0012F4  2  FF FF FF FF  
0012FD  2  FF FF FF FF  	.byte $FF,$FF,$FF,$FF,$FF,$FF,$FF,$FF,$FF,$FF,$FF,$FF,$FF,$FF,$FF,$FF,$FF
001301  2  FF FF FF FF  
001305  2  FF FF FF FF  
00130E  2  FF FF FF FF  	.byte $FF,$FF,$FF,$FF,$FF,$FF,$FF,$FF,$FF,$FF,$FF,$FF,$FF,$FF,$FF,$FF,$FF
001312  2  FF FF FF FF  
001316  2  FF FF FF FF  
00131F  2  FF FF FF FF  	.byte $FF,$FF,$FF,$FF,$FF,$FF,$FF,$FF,$FF,$FF,$FF,$FF,$FF,$FF,$FF,$FF,$FF
001323  2  FF FF FF FF  
001327  2  FF FF FF FF  
001330  2  FF FF FF FF  	.byte $FF,$FF,$FF,$FF,$FF,$FF,$FF,$FF,$FF,$FF,$FF,$FF,$FF,$FF,$FF,$FF,$FF
001334  2  FF FF FF FF  
001338  2  FF FF FF FF  
001341  2  FF FF FF FF  	.byte $FF,$FF,$FF,$FF,$FF,$FF,$FF,$FF,$FF,$FF,$FF,$F0,$E0,$E0,$80,$FF,$FF
001345  2  FF FF FF FF  
001349  2  FF FF FF F0  
001352  2  FF FF FF FF  	.byte $FF,$FF,$FF,$FF,$DF,$CF,$C1,$E1,$C0,$80,$00,$00,$00,$00,$FF,$FF,$FF
001356  2  DF CF C1 E1  
00135A  2  C0 80 00 00  
001363  2  FF FF FF FF  	.byte $FF,$FF,$FF,$FF,$FF,$BF,$0F,$1F,$0C,$08,$00,$00,$00,$FF,$FF,$FF,$FF
001367  2  FF BF 0F 1F  
00136B  2  0C 08 00 00  
001374  2  FF FF FF FF  	.byte $FF,$FF,$FF,$FF,$FF,$FF,$FF,$3F,$1F,$0F,$0F,$07,$FF,$FF,$FF,$FF,$FF
001378  2  FF FF FF 3F  
00137C  2  1F 0F 0F 07  
001385  2  FF FF FF FF  	.byte $FF,$FF,$FF,$FF,$FF,$FF,$FF,$FF,$FF,$FF,$FF,$FF,$FF,$FF,$FF,$FF,$FF
001389  2  FF FF FF FF  
00138D  2  FF FF FF FF  
001396  2  FF FF FE FE  	.byte $FF,$FF,$FE,$FE,$FE,$FE,$FE,$FC,$FC,$FC,$F0,$E0,$E0,$C0,$C0,$80,$00
00139A  2  FE FE FE FC  
00139E  2  FC FC F0 E0  
0013A7  2  00 00 00 00  	.byte $00,$00,$00,$00,$00,$00,$00,$00,$00,$00,$00,$00,$00,$00,$00,$00,$00
0013AB  2  00 00 00 00  
0013AF  2  00 00 00 00  
0013B8  2  00 00 00 00  	.byte $00,$00,$00,$00,$00,$00,$00,$00,$00,$00,$00,$00,$00,$00,$00,$00,$02
0013BC  2  00 00 00 00  
0013C0  2  00 00 00 00  
0013C9  2  02 00 00 00  	.byte $02,$00,$00,$00,$04,$14,$60,$00,$00,$00,$00,$00,$00,$00,$02,$00,$00
0013CD  2  04 14 60 00  
0013D1  2  00 00 00 00  
0013DA  2  01 00 01 E2  	.byte $01,$00,$01,$E2,$E6,$41,$00,$00,$11,$18,$28,$4F,$7F,$BF,$1F,$FE,$38
0013DE  2  E6 41 00 00  
0013E2  2  11 18 28 4F  
0013EB  2  30 80 00 03  	.byte $30,$80,$00,$03,$07,$06,$61,$19,$DF,$DE,$23,$F9,$FE,$BE,$9F,$1F,$04
0013EF  2  07 06 61 19  
0013F3  2  DF DE 23 F9  
0013FC  2  00 00 80 E0  	.byte $00,$00,$80,$E0,$00,$08,$90,$F0,$C0,$70,$D6,$CF,$EF,$3F,$1F,$0F,$00
001400  2  00 08 90 F0  
001404  2  C0 70 D6 CF  
00140D  2  00 38 3C 00  	.byte $00,$38,$3C,$00,$00,$00,$10,$10,$A8,$69,$E9,$F5,$FD,$FF,$FF,$FF,$05
001411  2  00 00 10 10  
001415  2  A8 69 E9 F5  
00141E  2  00 00 FF FF  	.byte $00,$00,$FF,$FF,$FF,$FF,$FF,$FF,$FF,$FF,$FF,$FF,$FF,$FF,$FF,$FF,$FF
001422  2  FF FF FF FF  
001426  2  FF FF FF FF  
00142F  2  FF FF FF FF  	.byte $FF,$FF,$FF,$FF,$FF,$FF,$FF,$FF,$FF,$FF,$FF,$FF,$FF,$FF,$FF,$FF,$FF
001433  2  FF FF FF FF  
001437  2  FF FF FF FF  
001440  2  FF FF FF FF  	.byte $FF,$FF,$FF,$FF,$FF,$FF,$FF,$FF,$FF,$FF,$FF,$FF,$FF,$FF,$FF,$FF,$FF
001444  2  FF FF FF FF  
001448  2  FF FF FF FF  
001451  2  FF FF FF FF  	.byte $FF,$FF,$FF,$FF,$FF,$FF,$FF,$FF,$FF,$FF,$FF,$FF,$FF,$FF,$FF,$FF,$FF
001455  2  FF FF FF FF  
001459  2  FF FF FF FF  
001462  2  FF FF FF FF  	.byte $FF,$FF,$FF,$FF,$FF,$FF,$FF,$FF,$FF,$FF,$FF,$FF,$FF,$FF,$FF,$FF,$FF
001466  2  FF FF FF FF  
00146A  2  FF FF FF FF  
001473  2  FF FF FF FF  	.byte $FF,$FF,$FF,$FF,$FF,$FF,$FF,$FF,$FF,$FF,$FF,$FF,$FF,$FF,$FF,$FF,$FF
001477  2  FF FF FF FF  
00147B  2  FF FF FF FF  
001484  2  FF FF FF FF  	.byte $FF,$FF,$FF,$FF,$FF,$FF,$FF,$FF,$FF,$FF,$FF,$FF,$FF,$FF,$FE,$FC,$F8
001488  2  FF FF FF FF  
00148C  2  FF FF FF FF  
001495  2  F0 F0 F0 F0  	.byte $F0,$F0,$F0,$F0,$E0,$C0,$C0,$C0,$C0,$C0,$C0,$00,$00,$00,$00,$00,$00
001499  2  E0 C0 C0 C0  
00149D  2  C0 C0 C0 00  
0014A6  2  00 00 00 00  	.byte $00,$00,$00,$00,$00,$00,$00,$00,$00,$03,$00,$00,$00,$00,$00,$00,$00
0014AA  2  00 00 00 00  
0014AE  2  00 03 00 00  
0014B7  2  00 00 00 00  	.byte $00,$00,$00,$00,$00,$00,$03,$07,$FF,$00,$00,$00,$00,$00,$00,$00,$00
0014BB  2  00 00 03 07  
0014BF  2  FF 00 00 00  
0014C8  2  00 00 00 00  	.byte $00,$00,$00,$00,$38,$B0,$FD,$FF,$07,$07,$03,$01,$01,$00,$00,$00,$00
0014CC  2  38 B0 FD FF  
0014D0  2  07 07 03 01  
0014D9  2  00 00 00 00  	.byte $00,$00,$00,$00,$80,$00,$20,$FF,$FF,$FF,$FF,$FF,$FF,$7F,$7F,$3F,$3F
0014DD  2  80 00 20 FF  
0014E1  2  FF FF FF FF  
0014EA  2  3F 1F 1F 0F  	.byte $3F,$1F,$1F,$0F,$0F,$0F,$FC,$F8,$F8,$F8,$F8,$F8,$F8,$F8,$F8,$F8,$F8
0014EE  2  0F 0F FC F8  
0014F2  2  F8 F8 F8 F8  
0014FB  2  F8 F8 F8 F8  	.byte $F8,$F8,$F8,$F8,$F8,$00,$00,$00,$00,$00,$00,$03,$03,$01,$01,$03,$00
0014FF  2  F8 00 00 00  
001503  2  00 00 00 03  
00150C  2  00 00 00 00  	.byte $00,$00,$00,$00,$01,$03,$06,$07,$07,$87,$F3,$F1,$01,$81,$20,$D6,$C4
001510  2  01 03 06 07  
001514  2  07 87 F3 F1  
00151D  2  2B 49 09 E0  	.byte $2B,$49,$09,$E0,$E7,$7F,$EF,$FF,$FF,$FF,$DE,$D0,$05,$1C,$78,$60,$C5
001521  2  E7 7F EF FF  
001525  2  FF FF DE D0  
00152E  2  31 17 E3 C1  	.byte $31,$17,$E3,$C1,$77,$70,$F1,$D1,$91,$30,$E7,$05,$01,$0B,$0B,$13,$1F
001532  2  77 70 F1 D1  
001536  2  91 30 E7 05  
00153F  2  09 0C 08 C0  	.byte $09,$0C,$08,$C0,$3F,$4F,$70,$9D,$3D,$FB,$F6,$FF,$9C,$3D,$3B,$72,$0D
001543  2  3F 4F 70 9D  
001547  2  3D FB F6 FF  
001550  2  60 60 01 F7  	.byte $60,$60,$01,$F7,$06,$08,$99,$39,$FA,$FB,$F7,$E3,$E1,$E9,$DE,$3F,$7C
001554  2  06 08 99 39  
001558  2  FA FB F7 E3  
001561  2  DC BC DC EC  	.byte $DC,$BC,$DC,$EC,$BE,$BC,$B8,$B2,$3F,$FF,$EF,$DF,$DF,$FF,$7E,$00,$00
001565  2  BE BC B8 B2  
001569  2  3F FF EF DF  
001572  2  3C E6 C3 02  	.byte $3C,$E6,$C3,$02,$E2,$1E,$07,$E0,$E0,$F7,$DF,$76,$F0,$B1,$FF,$FF,$FF
001576  2  E2 1E 07 E0  
00157A  2  E0 F7 DF 76  
001583  2  FF FF FF FF  	.byte $FF,$FF,$FF,$FF,$FF,$FF,$FF,$FF,$FF,$FF,$FF,$FF,$FF,$FF,$FF,$FF,$FF
001587  2  FF FF FF FF  
00158B  2  FF FF FF FF  
001594  2  FF FF FF FF  	.byte $FF,$FF,$FF,$FF,$FF,$FF,$FF,$FF,$FF,$FF,$FF,$FF,$FF,$FF,$FF,$FF,$FF
001598  2  FF FF FF FF  
00159C  2  FF FF FF FF  
0015A5  2  FF FF FF FF  	.byte $FF,$FF,$FF,$FF,$FF,$FF,$FF,$FF,$FF,$FF,$FF,$FF,$FF,$FF,$FF,$FF,$FF
0015A9  2  FF FF FF FF  
0015AD  2  FF FF FF FF  
0015B6  2  FF FF FF FF  	.byte $FF,$FF,$FF,$FF,$FF,$FF,$FF,$FF,$FC,$F0,$FF,$FF,$FF,$FF,$FF,$FF,$FF
0015BA  2  FF FF FF FF  
0015BE  2  FC F0 FF FF  
0015C7  2  FF FF FF FF  	.byte $FF,$FF,$FF,$FF,$FF,$81,$01,$00,$00,$FF,$FF,$FF,$FF,$FF,$FF,$FF,$FF
0015CB  2  FF 81 01 00  
0015CF  2  00 FF FF FF  
0015D8  2  FF FF FF FF  	.byte $FF,$FF,$FF,$FF,$FF,$FF,$7F,$3F,$FF,$FF,$FF,$FF,$FF,$FF,$FF,$FF,$FF
0015DC  2  FF FF 7F 3F  
0015E0  2  FF FF FF FF  
0015E9  2  FF FF FF FF  	.byte $FF,$FF,$FF,$FF,$FF,$FF,$FF,$C0,$C0,$C0,$81,$83,$C3,$C3,$C3,$C3,$C3
0015ED  2  FF FF FF C0  
0015F1  2  C0 C0 81 83  
0015FA  2  C7 C7 C7 C7  	.byte $C7,$C7,$C7,$C7,$C7,$C7,$07,$FF,$FF,$FF,$FF,$FF,$FF,$FF,$FF,$FF,$FF
0015FE  2  C7 C7 07 FF  
001602  2  FF FF FF FF  
00160B  2  FF FF FF FF  	.byte $FF,$FF,$FF,$FF,$FF,$FF,$FF,$FF,$FF,$FF,$FF,$FF,$FF,$FF,$FF,$FF,$FF
00160F  2  FF FF FF FF  
001613  2  FF FF FF FF  
00161C  2  FF FF EF FF  	.byte $FF,$FF,$EF,$FF,$FF,$FF,$FF,$FF,$FF,$FF,$FE,$FE,$FF,$FE,$FE,$FF,$FF
001620  2  FF FF FF FF  
001624  2  FF FF FE FE  
00162D  2  FD 73 FF C0  	.byte $FD,$73,$FF,$C0,$90,$70,$60,$BA,$F8,$B8,$B0,$D0,$C8,$E8,$F4,$34,$E8
001631  2  90 70 60 BA  
001635  2  F8 B8 B0 D0  
00163E  2  6A 6C 07 03  	.byte $6A,$6C,$07,$03,$03,$03,$03,$03,$03,$03,$03,$03,$01,$00,$00,$00,$00
001642  2  03 03 03 03  
001646  2  03 03 03 03  
00164F  2  00 F8 F8 F8  	.byte $00,$F8,$F8,$F8,$FC,$FC,$FC,$FE,$FE,$FE,$FE,$FF,$FF,$FF,$FF,$FF,$FF
001653  2  FC FC FC FE  
001657  2  FE FE FE FF  
001660  2  00 00 00 00  	.byte $00,$00,$00,$00,$00,$00,$00,$00,$00,$00,$00,$00,$80,$C0,$C0,$C0,$00
001664  2  00 00 00 00  
001668  2  00 00 00 00  
001671  2  09 09 09 19  	.byte $09,$09,$09,$19,$09,$01,$05,$01,$01,$05,$06,$03,$01,$01,$00,$33,$17
001675  2  09 01 05 01  
001679  2  01 05 06 03  
001682  2  13 13 83 83  	.byte $13,$13,$83,$83,$03,$43,$03,$13,$D3,$F8,$FB,$B1,$80,$00,$09,$08,$00
001686  2  03 43 03 13  
00168A  2  D3 F8 FB B1  
001693  2  20 25 01 01  	.byte $20,$25,$01,$01,$01,$15,$11,$1B,$1E,$92,$98,$1A,$18,$CF,$CE,$C6,$C7
001697  2  01 15 11 1B  
00169B  2  1E 92 98 1A  
0016A4  2  46 2D 0D 0F  	.byte $46,$2D,$0D,$0F,$2F,$2F,$2F,$2E,$6E,$2F,$AF,$BF,$03,$81,$81,$40,$E0
0016A8  2  2F 2F 2F 2E  
0016AC  2  6E 2F AF BF  
0016B5  2  F8 78 FE FA  	.byte $F8,$78,$FE,$FA,$78,$80,$C0,$82,$09,$21,$00,$FF,$FF,$FF,$7E,$3C,$00
0016B9  2  78 80 C0 82  
0016BD  2  09 21 00 FF  
0016C6  2  00 00 02 8F  	.byte $00,$00,$02,$8F,$43,$00,$40,$1C,$22,$20,$DF,$D9,$D8,$50,$18,$3A,$10
0016CA  2  43 00 40 1C  
0016CE  2  22 20 DF D9  
0016D7  2  98 DA D8 FA  	.byte $98,$DA,$D8,$FA,$FE,$6D,$4D,$2D,$2D,$FF,$FF,$FD,$FC,$FA,$00,$00,$08
0016DB  2  FE 6D 4D 2D  
0016DF  2  2D FF FF FD  
0016E8  2  00 00 00 00  	.byte $00,$00,$00,$00,$00,$00,$00,$00,$FF,$FF,$FF,$FF,$FF,$7F,$1F,$06,$00
0016EC  2  00 00 00 00  
0016F0  2  FF FF FF FF  
0016F9  2  00 00 00 00  	.byte $00,$00,$00,$00,$00,$00,$00,$FF,$FF,$FE,$F8,$E1,$C7,$07,$05,$00,$01
0016FD  2  00 00 00 FF  
001701  2  FF FE F8 E1  
00170A  2  00 00 01 23  	.byte $00,$00,$01,$23,$4F,$1F,$C1,$D0,$38,$F8,$F8,$F8,$F3,$E0,$47,$8F,$3F
00170E  2  4F 1F C1 D0  
001712  2  38 F8 F8 F8  
00171B  2  3F FF FF FF  	.byte $3F,$FF,$FF,$FF,$FF,$41,$01,$01,$01,$01,$F8,$08,$26,$F8,$F8,$F8,$F0
00171F  2  FF 41 01 01  
001723  2  01 01 F8 08  
00172C  2  E0 C0 00 1E  	.byte $E0,$C0,$00,$1E,$BF,$BF,$DF,$DF,$EF,$6F,$6F,$7F,$1F,$0F,$0F,$07,$0F
001730  2  BF BF DF DF  
001734  2  EF 6F 6F 7F  
00173D  2  0F 0F 0F FF  	.byte $0F,$0F,$0F,$FF,$FF,$FF,$FF,$FF,$FF,$FF,$FF,$FF,$FF,$FF,$FF,$FF,$FF
001741  2  FF FF FF FF  
001745  2  FF FF FF FF  
00174E  2  FF FF C7 C7  	.byte $FF,$FF,$C7,$C7,$C3,$C3,$C7,$E3,$E3,$F3,$F3,$F3,$F3,$F9,$F9,$FD,$FD
001752  2  C3 C3 C7 E3  
001756  2  E3 F3 F3 F3  
00175F  2  FD FF FF FF  	.byte $FD,$FF,$FF,$FF,$FF,$FF,$DF,$DE,$F8,$60,$E0,$C0,$C0,$E0,$F0,$F8,$F7
001763  2  FF FF DF DE  
001767  2  F8 60 E0 C0  
001770  2  FF E8 E8 FB  	.byte $FF,$E8,$E8,$FB,$C2,$84,$0E,$0F,$0F,$3F,$1F,$3F,$BF,$FF,$FF,$7F,$9F
001774  2  C2 84 0E 0F  
001778  2  0F 3F 1F 3F  
001781  2  F8 40 00 00  	.byte $F8,$40,$00,$00,$80,$00,$00,$85,$0F,$2F,$1F,$8F,$07,$DF,$E7,$E8,$FC
001785  2  80 00 00 85  
001789  2  0F 2F 1F 8F  
001792  2  E2 2C 04 08  	.byte $E2,$2C,$04,$08,$08,$38,$F0,$F8,$FE,$FC,$F8,$F6,$E8,$FE,$00,$00,$00
001796  2  08 38 F0 F8  
00179A  2  FE FC F8 F6  
0017A3  2  00 00 00 00  	.byte $00,$00,$00,$00,$00,$00,$00,$00,$00,$00,$00,$00,$00,$FF,$FF,$FF,$FF
0017A7  2  00 00 00 00  
0017AB  2  00 00 00 00  
0017B4  2  FF 7F 7F 7F  	.byte $FF,$7F,$7F,$7F,$7F,$FF,$FF,$FF,$FF,$FF,$FF,$FF,$C0,$C0,$E0,$F0,$F0
0017B8  2  7F FF FF FF  
0017BC  2  FF FF FF FF  
0017C5  2  F0 F8 FC FF  	.byte $F0,$F8,$FC,$FF,$FF,$FF,$FF,$FF,$FF,$FF,$FF,$00,$00,$00,$00,$00,$00
0017C9  2  FF FF FF FF  
0017CD  2  FF FF FF 00  
0017D6  2  00 00 00 00  	.byte $00,$00,$00,$00,$00,$80,$C0,$E0,$E0,$F8,$00,$00,$00,$00,$00,$00,$04
0017DA  2  00 80 C0 E0  
0017DE  2  E0 F8 00 00  
0017E7  2  00 05 05 05  	.byte $00,$05,$05,$05,$01,$01,$01,$01,$00,$00,$08,$09,$01,$01,$01,$01,$01
0017EB  2  01 01 01 01  
0017EF  2  00 00 08 09  
0017F8  2  00 0A 08 0C  	.byte $00,$0A,$08,$0C,$03,$00,$02,$02,$EA,$CC,$AC,$AF,$E3,$C2,$D9,$88,$9C
0017FC  2  03 00 02 02  
001800  2  EA CC AC AF  
001809  2  1C 1C 0C 09  	.byte $1C,$1C,$0C,$09,$01,$00,$80,$00,$00,$C0,$F0,$BF,$EF,$7F,$01,$F0,$FD
00180D  2  01 00 80 00  
001811  2  00 C0 F0 BF  
00181A  2  FE FE DF 00  	.byte $FE,$FE,$DF,$00,$11,$00,$00,$00,$00,$00,$F7,$FF,$FF,$FF,$08,$D4,$67
00181E  2  11 00 00 00  
001822  2  00 00 F7 FF  
00182B  2  FF C0 00 80  	.byte $FF,$C0,$00,$80,$C0,$2C,$24,$2C,$68,$C9,$C9,$F9,$98,$00,$80,$20,$20
00182F  2  C0 2C 24 2C  
001833  2  68 C9 C9 F9  
00183C  2  00 0F 00 00  	.byte $00,$0F,$00,$00,$00,$00,$00,$00,$00,$10,$10,$10,$00,$00,$00,$00,$00
001840  2  00 00 00 00  
001844  2  00 10 10 10  
00184D  2  00 00 00 00  	.byte $00,$00,$00,$00,$00,$00,$00,$00,$00,$00,$01,$01,$01,$03,$03,$03,$03
001851  2  00 00 00 00  
001855  2  00 00 01 01  
00185E  2  03 07 3F FF  	.byte $03,$07,$3F,$FF,$FF,$FF,$FF,$FF,$FF,$FF,$FF,$FF,$FF,$FF,$FF,$FF,$FF
001862  2  FF FF FF FF  
001866  2  FF FF FF FF  
00186F  2  FF FF FF FF  	.byte $FF,$FF,$FF,$FF,$FF,$FF,$FF,$FF,$FF,$FF,$FF,$FF,$FF,$FF,$FF,$FF,$FF
001873  2  FF FF FF FF  
001877  2  FF FF FF FF  
001880  2  26 36 3E BA  	.byte $26,$36,$3E,$BA,$C1,$E3,$E7,$FF,$FF,$FF,$FF,$FF,$FF,$FF,$FF,$FF,$1F
001884  2  C1 E3 E7 FF  
001888  2  FF FF FF FF  
001891  2  1F 3F 3F FF  	.byte $1F,$3F,$3F,$FF,$FF,$FF,$FF,$FF,$FF,$FF,$FF,$FF,$FF,$FF,$FF,$FF,$FF
001895  2  FF FF FF FF  
001899  2  FF FF FF FF  
0018A2  2  FF FF FF FF  	.byte $FF,$FF,$FF,$FF,$FF,$FF,$FF,$FF,$FF,$FF,$FF,$FF,$FF,$FF,$FC,$FC,$FC
0018A6  2  FF FF FF FF  
0018AA  2  FF FF FF FF  
0018B3  2  FE FF FF FF  	.byte $FE,$FF,$FF,$FF,$FF,$FF,$FF,$FF,$FF,$FF,$FF,$FF,$FF,$F7,$7B,$7B,$7F
0018B7  2  FF FF FF FF  
0018BB  2  FF FF FF FF  
0018C4  2  BF 1F 7F 1F  	.byte $BF,$1F,$7F,$1F,$9F,$9F,$8E,$DE,$FF,$EE,$E6,$F7,$EF,$EF,$DA,$D0,$84
0018C8  2  9F 9F 8E DE  
0018CC  2  FF EE E6 F7  
0018D5  2  2C 3C 3C 7C  	.byte $2C,$3C,$3C,$7C,$FC,$FC,$FD,$FC,$FB,$F0,$F0,$E7,$73,$51,$91,$82,$08
0018D9  2  FC FC FD FC  
0018DD  2  FB F0 F0 E7  
0018E6  2  20 09 01 88  	.byte $20,$09,$01,$88,$99,$88,$05,$E0,$00,$1E,$F4,$F4,$F8,$F6,$70,$02,$51
0018EA  2  99 88 05 E0  
0018EE  2  00 1E F4 F4  
0018F7  2  80 60 00 88  	.byte $80,$60,$00,$88,$68,$80,$10,$00,$80,$01,$81,$03,$03,$83,$03,$81,$01
0018FB  2  68 80 10 00  
0018FF  2  80 01 81 03  
001908  2  00 00 00 00  	.byte $00,$00,$00,$00,$00,$00,$00,$00,$FF,$FF,$FF,$FF,$FF,$FF,$FF,$FF,$FF
00190C  2  00 00 00 00  
001910  2  FF FF FF FF  
001919  2  FF FF FF 1F  	.byte $FF,$FF,$FF,$1F,$1F,$07,$07,$FF,$FF,$FF,$FF,$FF,$FF,$FF,$FF,$FF,$FF
00191D  2  1F 07 07 FF  
001921  2  FF FF FF FF  
00192A  2  FF FF FF FF  	.byte $FF,$FF,$FF,$FF,$FF,$FF,$F8,$FE,$FF,$FF,$FF,$FF,$FF,$FF,$FF,$FF,$FF
00192E  2  FF FF F8 FE  
001932  2  FF FF FF FF  
00193B  2  FF FF FF FF  	.byte $FF,$FF,$FF,$FF,$FF,$00,$00,$80,$F0,$F0,$F0,$F8,$F8,$F8,$F8,$F8,$F8
00193F  2  FF 00 00 80  
001943  2  F0 F0 F0 F8  
00194C  2  FE FE FC FC  	.byte $FE,$FE,$FC,$FC,$00,$80,$03,$82,$05,$44,$44,$40,$C0,$C0,$C0,$45,$66
001950  2  00 80 03 82  
001954  2  05 44 44 40  
00195D  2  20 22 24 01  	.byte $20,$22,$24,$01,$03,$02,$30,$04,$0C,$08,$08,$08,$08,$00,$00,$00,$00
001961  2  03 02 30 04  
001965  2  0C 08 08 08  
00196E  2  00 00 00 FA  	.byte $00,$00,$00,$FA,$7F,$00,$02,$00,$00,$00,$00,$01,$01,$01,$01,$03,$03
001972  2  7F 00 02 00  
001976  2  00 00 00 01  
00197F  2  03 00 00 D0  	.byte $03,$00,$00,$D0,$00,$80,$00,$00,$70,$F8,$F0,$F0,$F0,$C0,$80,$80,$40
001983  2  00 80 00 00  
001987  2  70 F8 F0 F0  
001990  2  00 00 00 30  	.byte $00,$00,$00,$30,$60,$11,$17,$17,$17,$07,$06,$00,$01,$0F,$FF,$60,$00
001994  2  60 11 17 17  
001998  2  17 07 06 00  
0019A1  2  00 00 00 00  	.byte $00,$00,$00,$00,$00,$00,$00,$00,$00,$00,$00,$00,$00,$00,$00,$0F,$07
0019A5  2  00 00 00 00  
0019A9  2  00 00 00 00  
0019B2  2  1F 1F 3F 3F  	.byte $1F,$1F,$3F,$3F,$3F,$3F,$3F,$3F,$3F,$3F,$3F,$3F,$3F,$3F,$FF,$FF,$FF
0019B6  2  3F 3F 3F 3F  
0019BA  2  3F 3F 3F 3F  
0019C3  2  FF FF FF FF  	.byte $FF,$FF,$FF,$FF,$FF,$FF,$FF,$FF,$FF,$FF,$FF,$FF,$FF,$FF,$FF,$FF,$FF
0019C7  2  FF FF FF FF  
0019CB  2  FF FF FF FF  
0019D4  2  FF FF FF FF  	.byte $FF,$FF,$FF,$FF,$FF,$FF,$FF,$FF,$FF,$FF,$FF,$FF,$FF,$FF,$FF,$FF,$FF
0019D8  2  FF FF FF FF  
0019DC  2  FF FF FF FF  
0019E5  2  FF FF FF FF  	.byte $FF,$FF,$FF,$FF,$FF,$FF,$FF,$FF,$FF,$FF,$FF,$FF,$FF,$FF,$FF,$FF,$FF
0019E9  2  FF FF FF FF  
0019ED  2  FF FF FF FF  
0019F6  2  FF FF FF FF  	.byte $FF,$FF,$FF,$FF,$FF,$FF,$FF,$FF,$FF,$FF,$FF,$FF,$FF,$FF,$FF,$FF,$FF
0019FA  2  FF FF FF FF  
0019FE  2  FF FF FF FF  
001A07  2  FF FF FF FF  	.byte $FF,$FF,$FF,$FF,$FF,$FF,$FF,$FF,$FF,$FF,$FF,$FF,$FF,$FF,$FF,$FF,$FF
001A0B  2  FF FF FF FF  
001A0F  2  FF FF FF FF  
001A18  2  FF FF FF FF  	.byte $FF,$FF,$FF,$FF,$FF,$FF,$FF,$FF,$F7,$FB,$F9,$F9,$FD,$FD,$FE,$FE,$FE
001A1C  2  FF FF FF FF  
001A20  2  F7 FB F9 F9  
001A29  2  FE FE FE FE  	.byte $FE,$FE,$FE,$FE,$FE,$FC,$F8,$CB,$FC,$FC,$FC,$F9,$FB,$FF,$7F,$3F,$8F
001A2D  2  FE FC F8 CB  
001A31  2  FC FC FC F9  
001A3A  2  4F 4F 46 70  	.byte $4F,$4F,$46,$70,$5F,$5F,$FF,$03,$05,$10,$FC,$FF,$FF,$FF,$FE,$FC,$E8
001A3E  2  5F 5F FF 03  
001A42  2  05 10 FC FF  
001A4B  2  C0 00 00 C0  	.byte $C0,$00,$00,$C0,$E0,$00,$9C,$80,$08,$40,$20,$C0,$00,$00,$00,$00,$00
001A4F  2  E0 00 9C 80  
001A53  2  08 40 20 C0  
001A5C  2  00 00 00 00  	.byte $00,$00,$00,$00,$00,$00,$00,$00,$00,$00,$00,$00,$00,$00,$00,$00,$00
001A60  2  00 00 00 00  
001A64  2  00 00 00 00  
001A6D  2  00 00 00 01  	.byte $00,$00,$00,$01,$00,$00,$00,$00,$00,$00,$00,$00,$00,$00,$00,$00,$00
001A71  2  00 00 00 00  
001A75  2  00 00 00 00  
001A7E  2  00 00 FF 7F  	.byte $00,$00,$FF,$7F,$7F,$7F,$7F,$7F,$7F,$3F,$3F,$0F,$0F,$03,$00,$00,$00
001A82  2  7F 7F 7F 7F  
001A86  2  7F 3F 3F 0F  
001A8F  2  00 FF FF FF  	.byte $00,$FF,$FF,$FF,$FF,$FF,$FF,$FE,$FC,$E0,$E0,$E0,$E0,$E0,$60,$00,$00
001A93  2  FF FF FF FE  
001A97  2  FC E0 E0 E0  
001AA0  2  FC FA F2 F6  	.byte $FC,$FA,$F2,$F6,$C6,$85,$05,$04,$0C,$2E,$1E,$0E,$0E,$0F,$0B,$03,$24
001AA4  2  C6 85 05 04  
001AA8  2  0C 2E 1E 0E  
001AB1  2  82 C2 C0 80  	.byte $82,$C2,$C0,$80,$50,$40,$50,$20,$28,$28,$00,$00,$80,$00,$00,$00,$10
001AB5  2  50 40 50 20  
001AB9  2  28 28 00 00  
001AC2  2  10 10 10 00  	.byte $10,$10,$10,$00,$10,$40,$00,$20,$20,$00,$00,$20,$00,$00,$06,$02,$05
001AC6  2  10 40 00 20  
001ACA  2  20 00 00 20  
001AD3  2  04 00 10 00  	.byte $04,$00,$10,$00,$04,$20,$40,$08,$02,$00,$00,$00,$01,$00,$0C,$0A,$10
001AD7  2  04 20 40 08  
001ADB  2  02 00 00 00  
001AE4  2  34 2C 48 70  	.byte $34,$2C,$48,$70,$90,$24,$20,$40,$00,$40,$00,$00,$00,$80,$00,$00,$00
001AE8  2  90 24 20 40  
001AEC  2  00 40 00 00  
001AF5  2  00 00 00 00  	.byte $00,$00,$00,$00,$00,$00,$00,$00,$00,$00,$00,$00,$00,$00,$00,$00,$00
001AF9  2  00 00 00 00  
001AFD  2  00 00 00 00  
001B06  2  00 00 00 00  	.byte $00,$00,$00,$00,$00,$04,$04,$04,$08,$10,$3F,$3F,$3F,$3F,$3F,$3F,$3F
001B0A  2  00 04 04 04  
001B0E  2  08 10 3F 3F  
001B17  2  3F 3F 3F 3F  	.byte $3F,$3F,$3F,$3F,$3F,$3F,$3F,$3F,$3F,$FF,$FF,$FF,$FF,$FF,$FF,$FF,$FF
001B1B  2  3F 3F 3F 3F  
001B1F  2  3F FF FF FF  
001B28  2  FF FF FF FF  	.byte $FF,$FF,$FF,$FF,$FF,$FF,$FF,$FF,$FF,$FF,$FF,$FF,$FF,$FF,$FF,$FF,$FF
001B2C  2  FF FF FF FF  
001B30  2  FF FF FF FF  
001B39  2  FF FF FF FF  	.byte $FF,$FF,$FF,$FF,$FF,$FF,$FF,$FF,$FF,$FF,$FF,$FF,$FF,$FF,$FF,$FF,$FF
001B3D  2  FF FF FF FF  
001B41  2  FF FF FF FF  
001B4A  2  FF FF FF FF  	.byte $FF,$FF,$FF,$FF,$FF,$FF,$FF,$FF,$FF,$FF,$FF,$FF,$FF,$FF,$FF,$FF,$FF
001B4E  2  FF FF FF FF  
001B52  2  FF FF FF FF  
001B5B  2  FF FF FF FF  	.byte $FF,$FF,$FF,$FF,$FF,$FF,$FF,$FF,$FF,$FF,$FF,$FF,$FF,$FF,$FF,$FF,$FF
001B5F  2  FF FF FF FF  
001B63  2  FF FF FF FF  
001B6C  2  FE FC F8 E0  	.byte $FE,$FC,$F8,$E0,$FF,$FF,$FF,$FF,$FC,$F8,$F0,$E0,$C0,$80,$00,$80,$20
001B70  2  FF FF FF FF  
001B74  2  FC F8 F0 E0  
001B7D  2  00 00 00 E0  	.byte $00,$00,$00,$E0,$E0,$80,$00,$00,$00,$00,$00,$00,$00,$00,$00,$00,$00
001B81  2  E0 80 00 00  
001B85  2  00 00 00 00  
001B8E  2  00 00 7F 7F  	.byte $00,$00,$7F,$7F,$7F,$7F,$4F,$0F,$0F,$1A,$05,$01,$00,$00,$00,$00,$00
001B92  2  7F 7F 4F 0F  
001B96  2  0F 1A 05 01  
001B9F  2  00 E0 F8 FC  	.byte $00,$E0,$F8,$FC,$F8,$FC,$FE,$FE,$F0,$F0,$F8,$00,$00,$04,$00,$10,$00
001BA3  2  F8 FC FE FE  
001BA7  2  F0 F0 F8 00  
001BB0  2  00 00 00 00  	.byte $00,$00,$00,$00,$00,$00,$00,$00,$00,$00,$00,$00,$00,$00,$00,$00,$00
001BB4  2  00 00 00 00  
001BB8  2  00 00 00 00  
001BC1  2  00 00 00 00  	.byte $00,$00,$00,$00,$00,$00,$00,$00,$00,$00,$00,$00,$00,$00,$00,$00,$00
001BC5  2  00 00 00 00  
001BC9  2  00 00 00 00  
001BD2  2  00 00 00 00  	.byte $00,$00,$00,$00,$00,$00,$00,$00,$00,$00,$00,$00,$00,$00,$00,$00,$00
001BD6  2  00 00 00 00  
001BDA  2  00 00 00 00  
001BE3  2  00 00 00 00  	.byte $00,$00,$00,$00,$00,$02,$00,$01,$05,$04,$04,$00,$00,$01,$00,$00,$00
001BE7  2  00 02 00 01  
001BEB  2  05 04 04 00  
001BF4  2  70 E0 1A 5B  	.byte $70,$E0,$1A,$5B,$5D,$55,$50,$40,$00,$00,$00,$00,$60,$0C,$05,$00,$00
001BF8  2  5D 55 50 40  
001BFC  2  00 00 00 00  
001C05  2  00 00 00 00  	.byte $00,$00,$00,$00,$00,$16,$00,$00,$00,$00,$00,$00,$00,$00,$60,$5A,$00
001C09  2  00 16 00 00  
001C0D  2  00 00 00 00  
001C16  2  00 00 00 00  	.byte $00,$00,$00,$00,$00,$00,$00,$00,$00,$00,$00,$00,$00,$00,$00,$00,$00
001C1A  2  00 00 00 00  
001C1E  2  00 00 00 00  
001C27  2  00 00 00 00  	.byte $00,$00,$00,$00,$00,$00,$00,$00,$00,$10,$00,$00,$24,$00,$00,$60,$00
001C2B  2  00 00 00 00  
001C2F  2  00 10 00 00  
001C38  2  00 00 00 00  	.byte $00,$00,$00,$00,$00,$00,$00,$00,$00,$00,$00,$00,$00,$00,$00,$00,$00
001C3C  2  00 00 00 00  
001C40  2  00 00 00 00  
001C49  2  04 0C 10 11  	.byte $04,$0C,$10,$11,$00,$24,$29,$00,$00,$00,$00,$00,$00,$00,$00,$00,$00
001C4D  2  00 24 29 00  
001C51  2  00 00 00 00  
001C5A  2  00 00 00 00  	.byte $00,$00,$00,$00,$00,$00,$20,$00,$40,$2F,$14,$01,$6A,$15,$6A,$2A,$20
001C5E  2  00 00 20 00  
001C62  2  40 2F 14 01  
001C6B  2  8D 0A 00 0D  	.byte $8D,$0A,$00,$0D,$42,$1F,$1F,$0F,$8F,$07,$07,$43,$87,$07,$47,$4F,$0F
001C6F  2  42 1F 1F 0F  
001C73  2  8F 07 07 43  
001C7C  2  8F 4F 0F 8F  	.byte $8F,$4F,$0F,$8F,$FF,$FF,$FF,$FF,$FF,$FF,$FF,$FF,$FF,$FF,$FF,$FF,$FF
001C80  2  FF FF FF FF  
001C84  2  FF FF FF FF  
001C8D  2  FF FF FF FF  	.byte $FF,$FF,$FF,$FF,$FF,$FF,$FF,$FF,$FF,$FF,$FF,$FF,$FF,$FF,$FF,$FF,$FF
001C91  2  FF FF FF FF  
001C95  2  FF FF FF FF  
001C9E  2  FF FF FF FF  	.byte $FF,$FF,$FF,$FF,$FF,$FF,$FF,$FF,$FF,$FF,$FE,$FE,$FE,$FC,$F8,$E0,$C0
001CA2  2  FF FF FF FF  
001CA6  2  FF FF FE FE  
001CAF  2  80 FF FF FE  	.byte $80,$FF,$FF,$FE,$FC,$F8,$F0,$C0,$00,$00,$10,$30,$20,$11,$30,$10,$10
001CB3  2  FC F8 F0 C0  
001CB7  2  00 00 10 30  
001CC0  2  80 80 00 10  	.byte $80,$80,$00,$10,$00,$10,$00,$A0,$40,$00,$80,$00,$00,$00,$00,$00,$00
001CC4  2  00 10 00 A0  
001CC8  2  40 00 80 00  
001CD1  2  00 00 00 00  	.byte $00,$00,$00,$00,$00,$00,$00,$00,$00,$00,$00,$00,$00,$00,$00,$00,$00
001CD5  2  00 00 00 00  
001CD9  2  00 00 00 00  
001CE2  2  00 00 00 00  	.byte $00,$00,$00,$00,$3A,$00,$00,$00,$00,$00,$00,$00,$00,$00,$00,$00,$00
001CE6  2  3A 00 00 00  
001CEA  2  00 00 00 00  
001CF3  2  00 00 00 00  	.byte $00,$00,$00,$00,$00,$00,$00,$00,$40,$00,$00,$00,$00,$08,$00,$00,$00
001CF7  2  00 00 00 00  
001CFB  2  40 00 00 00  
001D04  2  00 00 08 00  	.byte $00,$00,$08,$00,$00,$00,$00,$00,$00,$00,$00,$00,$00,$00,$00,$00,$00
001D08  2  00 00 00 00  
001D0C  2  00 00 00 00  
001D15  2  00 00 00 00  	.byte $00,$00,$00,$00,$00,$00,$00,$00,$00,$00,$00,$00,$00,$00,$00,$00,$00
001D19  2  00 00 00 00  
001D1D  2  00 00 00 00  
001D26  2  00 00 00 00  	.byte $00,$00,$00,$00,$00,$00,$00,$01,$0F,$3F,$00,$00,$00,$00,$00,$00,$00
001D2A  2  00 00 00 01  
001D2E  2  0F 3F 00 00  
001D37  2  00 00 00 00  	.byte $00,$00,$00,$00,$00,$1F,$FF,$FF,$FF,$00,$00,$00,$00,$00,$00,$00,$00
001D3B  2  00 1F FF FF  
001D3F  2  FF 00 00 00  
001D48  2  00 00 00 03  	.byte $00,$00,$00,$03,$FF,$FF,$FF,$FF,$00,$00,$00,$00,$00,$00,$00,$00,$00
001D4C  2  FF FF FF FF  
001D50  2  00 00 00 00  
001D59  2  00 00 E0 E0  	.byte $00,$00,$E0,$E0,$80,$80,$C0,$00,$00,$00,$00,$00,$00,$00,$00,$00,$00
001D5D  2  80 80 C0 00  
001D61  2  00 00 00 00  
001D6A  2  00 00 00 00  	.byte $00,$00,$00,$00,$00,$00,$00,$00,$00,$00,$00,$00,$00,$00,$00,$00,$00
001D6E  2  00 00 00 00  
001D72  2  00 00 00 00  
001D7B  2  00 00 00 00  	.byte $00,$00,$00,$00,$00,$00,$00,$00,$00,$00,$00,$00,$00,$00,$00,$00,$00
001D7F  2  00 00 00 00  
001D83  2  00 00 00 00  
001D8C  2  00 00 00 00  	.byte $00,$00,$00,$00,$00,$00,$00,$00,$00,$00,$00,$00,$00,$00,$00,$00,$00
001D90  2  00 00 00 00  
001D94  2  00 00 00 00  
001D9D  2  00 00 00 2A  	.byte $00,$00,$00,$2A,$00,$08,$2F,$0F,$0C,$28,$00,$00,$00,$00,$00,$00,$00
001DA1  2  00 08 2F 0F  
001DA5  2  0C 28 00 00  
001DAE  2  00 00 40 80  	.byte $00,$00,$40,$80,$00,$40,$80,$20,$20,$00,$40,$00,$00,$00,$00,$00,$00
001DB2  2  00 40 80 20  
001DB6  2  20 00 40 00  
001DBF  2  00 02 1C 04  	.byte $00,$02,$1C,$04,$0A,$01,$08,$00,$00,$00,$00,$01,$07,$FF,$FF,$FB,$EF
001DC3  2  0A 01 08 00  
001DC7  2  00 00 00 01  
001DD0  2  8F 87 07 47  	.byte $8F,$87,$07,$47,$00,$00,$02,$03,$33,$78,$FC,$FF,$FF,$BF,$7F,$FF,$FF
001DD4  2  00 00 02 03  
001DD8  2  33 78 FC FF  
001DE1  2  FF FF FF 3F  	.byte $FF,$FF,$FF,$3F,$3F,$FF,$06,$50,$10,$00,$00,$FF,$FF,$FF,$FF,$FF,$FF
001DE5  2  3F FF 06 50  
001DE9  2  10 00 00 FF  
001DF2  2  F6 F0 78 30  	.byte $F6,$F0,$78,$30,$80,$40,$00,$00,$00,$FF,$FF,$FF,$FD,$FF,$00,$00,$00
001DF6  2  80 40 00 00  
001DFA  2  00 FF FF FF  
001E03  2  00 00 00 00  	.byte $00,$00,$00,$00,$00,$01,$07,$FF,$FF,$FF,$FF,$FF,$FF,$20,$00,$00,$00
001E07  2  00 01 07 FF  
001E0B  2  FF FF FF FF  
001E14  2  00 00 12 7C  	.byte $00,$00,$12,$7C,$FE,$FF,$FF,$FF,$FF,$FF,$FF,$FF,$00,$00,$00,$00,$00
001E18  2  FE FF FF FF  
001E1C  2  FF FF FF FF  
001E25  2  00 00 00 00  	.byte $00,$00,$00,$00,$00,$00,$81,$FF,$FF,$FF,$FF,$00,$00,$00,$00,$00,$00
001E29  2  00 00 81 FF  
001E2D  2  FF FF FF 00  
001E36  2  00 00 00 00  	.byte $00,$00,$00,$00,$0F,$FF,$FF,$FF,$FF,$FF,$00,$00,$00,$00,$00,$00,$00
001E3A  2  0F FF FF FF  
001E3E  2  FF FF 00 00  
001E47  2  03 0F FF FF  	.byte $03,$0F,$FF,$FF,$FF,$FF,$FF,$FF,$FF,$00,$00,$00,$00,$00,$00,$0F,$FF
001E4B  2  FF FF FF FF  
001E4F  2  FF 00 00 00  
001E58  2  FF FF FF FF  	.byte $FF,$FF,$FF,$FF,$FF,$FF,$FF,$FF,$00,$00,$00,$00,$0F,$FF,$FF,$FF,$FF
001E5C  2  FF FF FF FF  
001E60  2  00 00 00 00  
001E69  2  FF FF FF FF  	.byte $FF,$FF,$FF,$FF,$FF,$FF,$FF,$01,$07,$1F,$FF,$FF,$FF,$FF,$FF,$FF,$FF
001E6D  2  FF FF FF 01  
001E71  2  07 1F FF FF  
001E7A  2  FF FF FF FF  	.byte $FF,$FF,$FF,$FF,$FF,$FF,$FF,$FF,$FF,$FF,$FF,$FF,$FF,$FF,$FF,$FF,$FF
001E7E  2  FF FF FF FF  
001E82  2  FF FF FF FF  
001E8B  2  FF FF FF FF  	.byte $FF,$FF,$FF,$FF,$FF,$FF,$FF,$FF,$FF,$FF,$FF,$FF,$FF,$FF,$FF,$FF,$FF
001E8F  2  FF FF FF FF  
001E93  2  FF FF FF FF  
001E9C  2  FF FF FF FF  	.byte $FF,$FF,$FF,$FF,$FF,$FF,$FF,$FF,$FF,$FF,$FF,$FF,$FF,$FF,$FF,$FF,$FF
001EA0  2  FF FF FF FF  
001EA4  2  FF FF FF FF  
001EAD  2  FF FF FF 80  	.byte $FF,$FF,$FF,$80,$E0,$FF,$FF,$FF,$FF,$FF,$FF,$FF,$FF,$FF,$FF,$FF,$FF
001EB1  2  E0 FF FF FF  
001EB5  2  FF FF FF FF  
001EBE  2  FF FF 00 03  	.byte $FF,$FF,$00,$03,$FF,$FF,$FF,$FF,$FF,$FF,$FF,$FF,$FF,$FF,$FF,$FF,$FF
001EC2  2  FF FF FF FF  
001EC6  2  FF FF FF FF  
001ECF  2  FF 00 F8 FC  	.byte $FF,$00,$F8,$FC,$FC,$FF,$FF,$FF,$FF,$FF,$FF,$FF,$FF,$FF,$FF,$FF,$FF
001ED3  2  FC FF FF FF  
001ED7  2  FF FF FF FF  
001EE0  2  00 00 00 00  	.byte $00,$00,$00,$00,$FF,$FF,$FF,$FF,$FF,$FF,$FF,$FF,$FF,$FF,$FF,$FF,$00
001EE4  2  FF FF FF FF  
001EE8  2  FF FF FF FF  
001EF1  2  00 00 07 FF  	.byte $00,$00,$07,$FF,$FF,$FF,$FF,$FF,$FF,$FF,$FF,$FF,$FF,$FF,$FF,$00,$01
001EF5  2  FF FF FF FF  
001EF9  2  FF FF FF FF  
001F02  2  0F FF FF FF  	.byte $0F,$FF,$FF,$FF,$FF,$FF,$FF,$FF,$FF,$FF,$FF,$FF,$FF,$FF,$00,$81,$C7
001F06  2  FF FF FF FF  
001F0A  2  FF FF FF FF  
001F13  2  FF FF FF FF  	.byte $FF,$FF,$FF,$FF,$FF,$FF,$FF,$FF,$FF,$FF,$FF,$FF,$FF
001F17  2  FF FF FF FF  
001F1B  2  FF FF FF FF  
001F20  2               
001F20  1               eind_asm:
001F20  1               
