ca65 V2.13.3 - (C) Copyright 1998-2012 Ullrich von Bassewitz
Main file   : gameovercol.asm
Current file: gameovercol.asm

000000r 1               ;----------------------------------------------
000000r 1               ;Tents puzzle game
000000r 1               ; Atom version by Kees van Oss  2023
000000r 1               ;----------------------------------------------
000000r 1               	.DEFINE asm_code $9600-2
000000r 1               	.DEFINE header   0		; Header Wouter Ras emulator
000000r 1               	.DEFINE filenaam "TENTS"
000000r 1               
000000r 1               .org asm_code-22*header
0095FE  1               
0095FE  1               .IF header
0095FE  1               ;********************************************************************
0095FE  1               ; ATM Header for Atom emulator Wouter Ras
0095FE  1               
0095FE  1               name_start:
0095FE  1               	.byte filenaam			; Filename
0095FE  1               name_end:
0095FE  1               	.repeat 16-name_end+name_start	; Fill with 0 till 16 chars
0095FE  1               	  .byte $0
0095FE  1               	.endrep
0095FE  1               
0095FE  1               	.word asm_code			; 2 bytes startaddress
0095FE  1               	.word exec			; 2 bytes linkaddress
0095FE  1               	.word eind_asm-start_asm	; 2 bytes filelength
0095FE  1               
0095FE  1               ;********************************************************************
0095FE  1               .ENDIF
0095FE  1               
0095FE  1               
0095FE  1               exec  = start_asm
0095FE  1               start_asm:
0095FE  1               	.include "gameovercol.inc"
0095FE  2                ;----------------------------------------------
0095FE  2               ; BASIC header
0095FE  2               ;----------------------------------------------
0095FE  2               
0095FE  2  00 96        	.word load
009600  2               load:
009600  2               main:
009600  2               
009600  2               
009600  2               ; Colors as nybbles
009600  2               
009600  2  01 01 01 01  	.byte 1,1,1,1,1,1,1,1,1,1,1,1,1,1,1,1
009604  2  01 01 01 01  
009608  2  01 01 01 01  
009610  2  01 01 01 01  	.byte 1,1,1,1,1,1,1,1,1,1,1,1,1,1,1,1
009614  2  01 01 01 01  
009618  2  01 01 01 01  
009620  2  01 01 01 01  	.byte 1,1,1,1,1,1,1,1,1,1,1,1,1,1,1,1
009624  2  01 01 01 01  
009628  2  01 01 01 01  
009630  2  01 01 01 01  	.byte 1,1,1,1,1,1,1,1,1,1,1,1,1,1,1,1
009634  2  01 01 01 01  
009638  2  01 01 01 01  
009640  2  01 01 01 01  	.byte 1,1,1,1,1,1,1,1,1,1,1,1,1,1,1,1
009644  2  01 01 01 01  
009648  2  01 01 01 01  
009650  2  01 01 01 01  	.byte 1,1,1,1,1,1,1,1,1,1,1,1,1,1,1,1
009654  2  01 01 01 01  
009658  2  01 01 01 01  
009660  2  01 01 01 01  	.byte 1,1,1,1,1,1,1,1,1,1,1,1,1,1,1,1
009664  2  01 01 01 01  
009668  2  01 01 01 01  
009670  2  01 01 01 01  	.byte 1,1,1,1,1,1,1,1,1,1,1,1,1,1,1,1
009674  2  01 01 01 01  
009678  2  01 01 01 01  
009680  2  01 01 01 01  	.byte 1,1,1,1,1,1,1,1,1,1,1,1,1,1,1,1
009684  2  01 01 01 01  
009688  2  01 01 01 01  
009690  2  01 01 01 01  	.byte 1,1,1,1,1,1,1,1,1,1,1,1,1,1,1,1
009694  2  01 01 01 01  
009698  2  01 01 01 01  
0096A0  2  01 01 01 01  	.byte 1,1,1,1,1,1,1,1,1,1,1,1,1,1,1,1
0096A4  2  01 01 01 01  
0096A8  2  01 01 01 01  
0096B0  2  01 01 01 01  	.byte 1,1,1,1,1,1,1,1,1,1,1,1,1,1,1,1
0096B4  2  01 01 01 01  
0096B8  2  01 01 01 01  
0096C0  2  01 01 01 01  	.byte 1,1,1,1,1,1,1,1,1,1,1,1,1,1,1,1
0096C4  2  01 01 01 01  
0096C8  2  01 01 01 01  
0096D0  2  01 01 01 01  	.byte 1,1,1,1,1,1,1,1,1,1,1,1,1,1,1,1
0096D4  2  01 01 01 01  
0096D8  2  01 01 01 01  
0096E0  2  01 01 01 01  	.byte 1,1,1,1,1,1,1,1,1,1,1,1,1,1,1,1
0096E4  2  01 01 01 01  
0096E8  2  01 01 01 01  
0096F0  2  01 01        	.byte 1,1
0096F2  2               
0096F2  2               
0096F2  1               eind_asm:
0096F2  1               
