ca65 V2.13.3 - (C) Copyright 1998-2012 Ullrich von Bassewitz
Main file   : titledata.asm
Current file: titledata.asm

000000r 1               ;----------------------------------------------
000000r 1               ;Tents puzzle game
000000r 1               ; Atom version by Kees van Oss  2023
000000r 1               ;----------------------------------------------
000000r 1               	.DEFINE asm_code $1000-2
000000r 1               	.DEFINE header   0		; Header Wouter Ras emulator
000000r 1               	.DEFINE filenaam "TENTS"
000000r 1               
000000r 1               .org asm_code-22*header
000FFE  1               
000FFE  1               .IF header
000FFE  1               ;********************************************************************
000FFE  1               ; ATM Header for Atom emulator Wouter Ras
000FFE  1               
000FFE  1               name_start:
000FFE  1               	.byte filenaam			; Filename
000FFE  1               name_end:
000FFE  1               	.repeat 16-name_end+name_start	; Fill with 0 till 16 chars
000FFE  1               	  .byte $0
000FFE  1               	.endrep
000FFE  1               
000FFE  1               	.word asm_code			; 2 bytes startaddress
000FFE  1               	.word exec			; 2 bytes linkaddress
000FFE  1               	.word eind_asm-start_asm	; 2 bytes filelength
000FFE  1               
000FFE  1               ;********************************************************************
000FFE  1               .ENDIF
000FFE  1               
000FFE  1               
000FFE  1               exec  = start_asm
000FFE  1               start_asm:
000FFE  1               	.include "titledata.inc"
000FFE  2               ;----------------------------------------------
000FFE  2               ; Header
000FFE  2               ;----------------------------------------------
000FFE  2               
000FFE  2  00 10        	.word load
001000  2               load:
001000  2               main:
001000  2               
001000  2               
001000  2               ; .VIC format
001000  2               
001000  2               
001000  2               ; Bitmap
001000  2               
001000  2  FF F8 FF E0  	.byte $FF,$F8,$FF,$E0,$F7,$80,$F0,$00,$03,$06,$0C,$08,$0F,$1F,$1F,$19,$80
001004  2  F7 80 F0 00  
001008  2  03 06 0C 08  
001011  2  00 00 00 00  	.byte $00,$00,$00,$00,$00,$00,$00,$00,$00,$00,$00,$EE,$FB,$FF,$FD,$00,$3F
001015  2  00 00 00 00  
001019  2  00 00 00 EE  
001022  2  00 0F 00 01  	.byte $00,$0F,$00,$01,$00,$00,$00,$00,$00,$00,$00,$02,$1F,$1F,$00,$B7,$00
001026  2  00 00 00 00  
00102A  2  00 00 00 02  
001033  2  D6 00 80 00  	.byte $D6,$00,$80,$00,$00,$C3,$03,$03,$01,$06,$18,$F0,$FC,$00,$80,$00,$00
001037  2  00 C3 03 03  
00103B  2  01 06 18 F0  
001044  2  00 00 00 00  	.byte $00,$00,$00,$00,$00,$00,$80,$80,$E1,$62,$2C,$30,$00,$01,$00,$18,$38
001048  2  00 00 80 80  
00104C  2  E1 62 2C 30  
001055  2  38 30 30 3C  	.byte $38,$30,$30,$3C,$33,$30,$60,$20,$00,$00,$01,$00,$FE,$00,$3C,$00,$0F
001059  2  33 30 60 20  
00105D  2  00 00 01 00  
001066  2  00 06 0E 3E  	.byte $00,$06,$0E,$3E,$1C,$3B,$60,$C0,$80,$01,$00,$5A,$00,$AF,$00,$0E,$00
00106A  2  1C 3B 60 C0  
00106E  2  80 01 00 5A  
001077  2  00 00 00 03  	.byte $00,$00,$00,$03,$07,$3F,$30,$60,$C0,$00,$FF,$00,$98,$00,$00,$00,$00
00107B  2  07 3F 30 60  
00107F  2  C0 00 FF 00  
001088  2  00 00 00 00  	.byte $00,$00,$00,$00,$1F,$0E,$19,$16,$00,$20,$00,$00,$00,$00,$00,$00,$00
00108C  2  1F 0E 19 16  
001090  2  00 20 00 00  
001099  2  00 03 3E EE  	.byte $00,$03,$3E,$EE,$3D,$73,$23,$00,$00,$00,$00,$00,$00,$00,$00,$00,$70
00109D  2  3D 73 23 00  
0010A1  2  00 00 00 00  
0010AA  2  D0 38 E8 78  	.byte $D0,$38,$E8,$78,$F0,$E0,$00,$00,$00,$00,$01,$01,$01,$02,$02,$56,$02
0010AE  2  F0 E0 00 00  
0010B2  2  00 00 01 01  
0010BB  2  0E 06 06 0E  	.byte $0E,$06,$06,$0E,$06,$28,$48,$44,$84,$04,$04,$00,$73,$73,$73,$73,$73
0010BF  2  06 28 48 44  
0010C3  2  84 04 04 00  
0010CC  2  73 73 73 27  	.byte $73,$73,$73,$27,$00,$04,$00,$18,$31,$22,$06,$84,$D8,$F8,$F1,$E6,$FD
0010D0  2  00 04 00 18  
0010D4  2  31 22 06 84  
0010DD  2  F9 FF FF 00  	.byte $F9,$FF,$FF,$00,$00,$01,$C0,$10,$04,$00,$00,$10,$B2,$20,$48,$D0,$83
0010E1  2  00 01 C0 10  
0010E5  2  04 00 00 10  
0010EE  2  87 4F 00 04  	.byte $87,$4F,$00,$04,$0E,$1E,$04,$00,$44,$E0,$41,$06,$0C,$18,$E6,$C2,$80
0010F2  2  0E 1E 04 00  
0010F6  2  44 E0 41 06  
0010FF  2  04 11 03 01  	.byte $04,$11,$03,$01,$44,$00,$12,$00,$80,$00,$10,$00,$40,$02,$00,$05,$07
001103  2  44 00 12 00  
001107  2  80 00 10 00  
001110  2  00 00 02 00  	.byte $00,$00,$02,$00,$10,$00,$00,$00,$00,$00,$00,$01,$E7,$D8,$8F,$36,$00
001114  2  10 00 00 00  
001118  2  00 00 00 01  
001121  2  00 00 00 00  	.byte $00,$00,$00,$00,$40,$20,$00,$00,$00,$00,$C0,$A5,$5F,$A1,$07,$00,$B1
001125  2  40 20 00 00  
001129  2  00 00 C0 A5  
001132  2  00 3D 00 04  	.byte $00,$3D,$00,$04,$00,$00,$00,$00,$00,$00,$80,$C0,$E0,$E0,$7F,$FF,$02
001136  2  00 00 00 00  
00113A  2  00 00 80 C0  
001143  2  71 01 9F 00  	.byte $71,$01,$9F,$00,$0A,$00,$00,$00,$2B,$01,$00,$08,$00,$3F,$FF,$0F,$7F
001147  2  0A 00 00 00  
00114B  2  2B 01 00 08  
001154  2  C7 BF 07 FF  	.byte $C7,$BF,$07,$FF,$1F,$7F,$0F,$FF,$3F,$1F,$3F,$07,$1F,$1F,$1F,$1E,$1F
001158  2  1F 7F 0F FF  
00115C  2  3F 1F 3F 07  
001165  2  1D 1B 17 1F  	.byte $1D,$1B,$17,$1F,$06,$07,$05,$04,$08,$C8,$08,$FD,$FC,$FF,$3F,$FF,$FF
001169  2  06 07 05 04  
00116D  2  08 C8 08 FD  
001176  2  FF FB C7 07  	.byte $FF,$FB,$C7,$07,$0F,$8F,$06,$00,$00,$00,$BF,$9F,$FF,$F1,$A0,$80,$00
00117A  2  0F 8F 06 00  
00117E  2  00 00 BF 9F  
001187  2  00 00 00 00  	.byte $00,$00,$00,$00,$00,$00,$00,$00,$00,$FF,$FE,$EF,$9F,$3F,$0F,$06,$03
00118B  2  00 00 00 00  
00118F  2  00 FF FE EF  
001198  2  01 00 00 00  	.byte $01,$00,$00,$00,$00,$00,$00,$00,$D4,$0C,$04,$04,$04,$04,$84,$84,$C4
00119C  2  00 00 00 00  
0011A0  2  D4 0C 04 04  
0011A9  2  C3 CF 77 F9  	.byte $C3,$CF,$77,$F9,$11,$EB,$66,$01,$02,$02,$00,$00,$04,$00,$00,$00,$80
0011AD  2  11 EB 66 01  
0011B1  2  02 02 00 00  
0011BA  2  F0 FC 3C 1E  	.byte $F0,$FC,$3C,$1E,$0F,$0F,$01,$02,$04,$00,$0F,$18,$08,$08,$08,$0B,$0F
0011BE  2  0F 0F 01 02  
0011C2  2  04 00 0F 18  
0011CB  2  1E 78 F8 E9  	.byte $1E,$78,$F8,$E9,$CE,$00,$00,$00,$00,$FF,$03,$0F,$1C,$71,$CE,$1C,$13
0011CF  2  CE 00 00 00  
0011D3  2  00 FF 03 0F  
0011DC  2  24 C9 B6 4C  	.byte $24,$C9,$B6,$4C,$17,$1B,$1F,$3F,$FE,$EC,$39,$66,$C8,$66,$98,$30,$E0
0011E0  2  17 1B 1F 3F  
0011E4  2  FE EC 39 66  
0011ED  2  80 00 00 53  	.byte $80,$00,$00,$53,$FF,$FF,$BE,$1D,$FB,$32,$74,$BC,$58,$80,$00,$00,$00
0011F1  2  FF FF BE 1D  
0011F5  2  FB 32 74 BC  
0011FE  2  00 00 E0 C0  	.byte $00,$00,$E0,$C0,$C0,$80,$02,$00,$00,$00,$00,$00,$00,$00,$00,$00,$03
001202  2  C0 80 02 00  
001206  2  00 00 00 00  
00120F  2  00 2F 07 9F  	.byte $00,$2F,$07,$9F,$07,$DF,$0F,$07,$3E,$06,$06,$75,$1D,$FD,$F9,$F9,$F9
001213  2  07 DF 0F 07  
001217  2  3E 06 06 75  
001220  2  27 2F 8F CE  	.byte $27,$2F,$8F,$CE,$CC,$80,$00,$40,$43,$83,$93,$31,$38,$3C,$3C,$3C,$FF
001224  2  CC 80 00 40  
001228  2  43 83 93 31  
001231  2  FF FF 1F 0F  	.byte $FF,$FF,$1F,$0F,$07,$01,$01,$01,$E0,$E0,$F0,$F0,$F8,$78,$38,$BE,$FC
001235  2  07 01 01 01  
001239  2  E0 E0 F0 F0  
001242  2  F8 FF FF FC  	.byte $F8,$FF,$FF,$FC,$F8,$FC,$FF,$FC,$F8,$FC,$F0,$F8,$FC,$FC,$08,$10,$E0
001246  2  F8 FC FF FC  
00124A  2  F8 FC F0 F8  
001253  2  C0 10 00 00  	.byte $C0,$10,$00,$00,$01,$80,$00,$A9,$00,$01,$03,$07,$06,$13,$3A,$2A,$0A
001257  2  01 80 00 A9  
00125B  2  00 01 03 07  
001264  2  53 D3 DB CD  	.byte $53,$D3,$DB,$CD,$DC,$CB,$EB,$EF,$E4,$97,$57,$AF,$4D,$3A,$7C,$3C,$78
001268  2  DC CB EB EF  
00126C  2  E4 97 57 AF  
001275  2  39 E9 74 B2  	.byte $39,$E9,$74,$B2,$52,$5C,$D0,$B8,$FF,$FF,$FF,$EC,$05,$00,$48,$81,$07
001279  2  52 5C D0 B8  
00127D  2  FF FF FF EC  
001286  2  18 83 43 00  	.byte $18,$83,$43,$00,$0C,$02,$01,$02,$C9,$E4,$70,$E8,$70,$3C,$9E,$FA,$6A
00128A  2  0C 02 01 02  
00128E  2  C9 E4 70 E8  
001297  2  C1 F1 F8 69  	.byte $C1,$F1,$F8,$69,$64,$A0,$F0,$78,$BC,$01,$00,$07,$00,$00,$00,$00,$00
00129B  2  64 A0 F0 78  
00129F  2  BC 01 00 07  
0012A8  2  C0 B0 10 20  	.byte $C0,$B0,$10,$20,$18,$08,$08,$18,$FF,$07,$5F,$03,$5F,$01,$07,$01,$3F
0012AC  2  18 08 08 18  
0012B0  2  FF 07 5F 03  
0012B9  2  05 00 01 00  	.byte $05,$00,$01,$00,$00,$00,$00,$FC,$10,$F0,$20,$C0,$40,$40,$41,$41,$23
0012BD  2  00 00 00 FC  
0012C1  2  10 F0 20 C0  
0012CA  2  27 16 1F 0C  	.byte $27,$16,$1F,$0C,$1E,$1E,$00,$00,$03,$0F,$1F,$3F,$F6,$D9,$E7,$8E,$44
0012CE  2  1E 1E 00 00  
0012D2  2  03 0F 1F 3F  
0012DB  2  8D 0B 1F F7  	.byte $8D,$0B,$1F,$F7,$3F,$00,$F8,$FC,$FE,$FF,$CF,$4D,$83,$18,$79,$FC,$FE
0012DF  2  3F 00 F8 FC  
0012E3  2  FE FF CF 4D  
0012EC  2  FE FF FF FF  	.byte $FE,$FF,$FF,$FF,$00,$00,$01,$01,$01,$83,$C3,$E7,$FE,$7C,$BC,$70,$00
0012F0  2  00 00 01 01  
0012F4  2  01 83 C3 E7  
0012FD  2  C0 F8 00 C4  	.byte $C0,$F8,$00,$C4,$86,$0C,$18,$1E,$FF,$3B,$74,$E8,$F0,$ED,$E1,$E1,$E6
001301  2  86 0C 18 1E  
001305  2  FF 3B 74 E8  
00130E  2  FE FC 03 82  	.byte $FE,$FC,$03,$82,$C0,$40,$80,$02,$80,$8C,$BE,$BF,$FD,$72,$72,$F2,$8F
001312  2  C0 40 80 02  
001316  2  80 8C BE BF  
00131F  2  F2 0B 1E 6D  	.byte $F2,$0B,$1E,$6D,$9F,$2F,$5A,$1C,$FC,$8C,$4C,$06,$46,$06,$C6,$36,$0E
001323  2  9F 2F 5A 1C  
001327  2  FC 8C 4C 06  
001330  2  93 24 D8 60  	.byte $93,$24,$D8,$60,$80,$00,$00,$00,$00,$00,$00,$00,$00,$00,$60,$FC,$00
001334  2  80 00 00 00  
001338  2  00 00 00 00  
001341  2  00 00 00 00  	.byte $00,$00,$00,$00,$00,$00,$00,$00,$00,$00,$00,$00,$00,$00,$00,$00,$00
001345  2  00 00 00 00  
001349  2  00 00 00 00  
001352  2  00 00 00 00  	.byte $00,$00,$00,$00,$00,$00,$00,$00,$00,$00,$00,$00,$00,$00,$01,$00,$05
001356  2  00 00 00 00  
00135A  2  00 00 00 00  
001363  2  00 0F 00 00  	.byte $00,$0F,$00,$00,$00,$00,$05,$00,$00,$00,$02,$00,$03,$F9,$F9,$F9,$F9
001367  2  00 00 05 00  
00136B  2  00 00 02 00  
001374  2  FD FC 06 7F  	.byte $FD,$FC,$06,$7F,$0F,$DF,$07,$6C,$FD,$E1,$C9,$DB,$22,$23,$B3,$C3,$E7
001378  2  0F DF 07 6C  
00137C  2  FD E1 C9 DB  
001385  2  FF 3F 00 80  	.byte $FF,$3F,$00,$80,$F1,$FF,$7F,$7F,$07,$83,$1B,$38,$18,$19,$11,$81,$83
001389  2  F1 FF 7F 7F  
00138D  2  07 83 1B 38  
001396  2  07 07 73 F3  	.byte $07,$07,$73,$F3,$F9,$F9,$99,$89,$89,$99,$F0,$FC,$F2,$F8,$FC,$E0,$C0
00139A  2  F9 F9 99 89  
00139E  2  89 99 F0 FC  
0013A7  2  E1 FB C1 98  	.byte $E1,$FB,$C1,$98,$C0,$C0,$D0,$C0,$E0,$06,$4C,$0C,$0E,$0E,$06,$02,$06
0013AB  2  C0 C0 D0 C0  
0013AF  2  E0 06 4C 0C  
0013B8  2  1D 33 44 02  	.byte $1D,$33,$44,$02,$6D,$F1,$3D,$76,$0F,$1F,$3F,$1F,$7F,$3F,$BF,$BF,$3F
0013BC  2  6D F1 3D 76  
0013C0  2  0F 1F 3F 1F  
0013C9  2  3F 3F 3F 1F  	.byte $3F,$3F,$3F,$1F,$83,$30,$38,$FF,$FF,$FF,$FF,$FF,$FF,$FF,$FF,$FF,$FF
0013CD  2  83 30 38 FF  
0013D1  2  FF FF FF FF  
0013DA  2  FF FF FF F6  	.byte $FF,$FF,$FF,$F6,$FC,$F0,$F0,$FA,$FF,$FB,$F5,$FC,$F9,$F6,$C9,$23,$F1
0013DE  2  FC F0 F0 FA  
0013E2  2  FF FB F5 FC  
0013EB  2  FB FA 05 02  	.byte $FB,$FA,$05,$02,$00,$8E,$D6,$7E,$00,$C9,$20,$52,$3E,$1E,$0E,$03,$85
0013EF  2  00 8E D6 7E  
0013F3  2  00 C9 20 52  
0013FC  2  41 20 26 0A  	.byte $41,$20,$26,$0A,$28,$10,$28,$1C,$06,$03,$05,$60,$D9,$30,$1E,$85,$C2
001400  2  28 10 28 1C  
001404  2  06 03 05 60  
00140D  2  C7 C3 63 00  	.byte $C7,$C3,$63,$00,$00,$00,$00,$00,$00,$00,$80,$C0,$40,$C0,$40,$60,$20
001411  2  00 00 00 00  
001415  2  00 00 80 C0  
00141E  2  20 20 1A 1C  	.byte $20,$20,$1A,$1C,$1C,$1E,$0E,$17,$0E,$01,$1E,$3F,$79,$FD,$FE,$F6,$E8
001422  2  1C 1E 0E 17  
001426  2  0E 01 1E 3F  
00142F  2  C0 3F 7F 3C  	.byte $C0,$3F,$7F,$3C,$3C,$1D,$0D,$8F,$67,$D3,$E7,$38,$1F,$98,$10,$06,$09
001433  2  3C 1D 0D 8F  
001437  2  67 D3 E7 38  
001440  2  FF 46 E0 CF  	.byte $FF,$46,$E0,$CF,$5F,$B8,$B0,$B8,$98,$99,$5E,$30,$3F,$1F,$13,$13,$F5
001444  2  5F B8 B0 B8  
001448  2  98 99 5E 30  
001451  2  80 00 FE 03  	.byte $80,$00,$FE,$03,$01,$00,$00,$E4,$19,$77,$C0,$E0,$F8,$CC,$F0,$78,$10
001455  2  01 00 00 E4  
001459  2  19 77 C0 E0  
001462  2  38 4D 83 81  	.byte $38,$4D,$83,$81,$81,$C1,$C1,$81,$01,$02,$04,$00,$00,$08,$7F,$FF,$7C
001466  2  81 C1 C1 81  
00146A  2  01 02 04 00  
001473  2  3C FE C6 FA  	.byte $3C,$FE,$C6,$FA,$63,$03,$0E,$FE,$00,$00,$00,$00,$00,$05,$0C,$1C,$18
001477  2  63 03 0E FE  
00147B  2  00 00 00 00  
001484  2  30 60 E0 C0  	.byte $30,$60,$E0,$C0,$80,$00,$00,$00,$00,$00,$00,$00,$7F,$BF,$F2,$0F,$03
001488  2  80 00 00 00  
00148C  2  00 00 00 00  
001495  2  00 00 00 00  	.byte $00,$00,$00,$00,$00,$00,$00,$00,$00,$00,$00,$00,$E0,$F8,$F8,$FC,$3E
001499  2  00 00 00 00  
00149D  2  00 00 00 00  
0014A6  2  FE 7C 39 7B  	.byte $FE,$7C,$39,$7B,$1E,$1F,$1C,$07,$3F,$FF,$00,$00,$00,$00,$00,$00,$00
0014AA  2  1E 1F 1C 07  
0014AE  2  3F FF 00 00  
0014B7  2  00 C0 E8 48  	.byte $00,$C0,$E8,$48,$D8,$FC,$FE,$FE,$7E,$00,$00,$00,$00,$00,$00,$00,$00
0014BB  2  D8 FC FE FE  
0014BF  2  7E 00 00 00  
0014C8  2  00 00 00 00  	.byte $00,$00,$00,$00,$00,$00,$00,$00,$93,$27,$EE,$E6,$CE,$E4,$D0,$E3,$FF
0014CC  2  00 00 00 00  
0014D0  2  93 27 EE E6  
0014D9  2  1F 07 07 01  	.byte $1F,$07,$07,$01,$01,$00,$00,$30,$22,$64,$4C,$6C,$34,$10,$E2,$D6,$E1
0014DD  2  01 00 00 30  
0014E1  2  22 64 4C 6C  
0014EA  2  F9 FA FD FF  	.byte $F9,$FA,$FD,$FF,$FB,$79,$91,$83,$E7,$21,$60,$60,$E0,$E0,$C0,$C0,$C0
0014EE  2  FB 79 91 83  
0014F2  2  E7 21 60 60  
0014FB  2  E1 E0 E0 E0  	.byte $E1,$E0,$E0,$E0,$C1,$B0,$80,$C0,$C0,$D0,$40,$60,$20,$30,$30,$10,$10
0014FF  2  C1 B0 80 C0  
001503  2  C0 D0 40 60  
00150C  2  01 4B 49 04  	.byte $01,$4B,$49,$04,$CE,$FF,$8B,$E6,$64,$23,$0C,$08,$08,$00,$04,$01,$01
001510  2  CE FF 8B E6  
001514  2  64 23 0C 08  
00151D  2  03 07 07 80  	.byte $03,$07,$07,$80,$28,$5F,$70,$BF,$3F,$3F,$3F,$3E,$1F,$1E,$FF,$FF,$FF
001521  2  28 5F 70 BF  
001525  2  3F 3F 3F 3E  
00152E  2  FF FF 78 35  	.byte $FF,$FF,$78,$35,$F5,$E6,$E7,$E7,$EF,$E7,$EF,$E7,$F3,$EB,$FD,$7D,$03
001532  2  F5 E6 E7 E7  
001536  2  EF E7 EF E7  
00153F  2  EF 00 20 F4  	.byte $EF,$00,$20,$F4,$0E,$FF,$FE,$FC,$FC,$F8,$F0,$E0,$F0,$F6,$E8,$E4,$C3
001543  2  0E FF FE FC  
001547  2  FC F8 F0 E0  
001550  2  3F 1D 1C 0A  	.byte $3F,$1D,$1C,$0A,$08,$11,$00,$00,$00,$01,$00,$20,$41,$A1,$C3,$07,$E2
001554  2  08 11 00 00  
001558  2  00 01 00 20  
001561  2  71 70 F0 A0  	.byte $71,$70,$F0,$A0,$00,$40,$40,$00,$00,$00,$FC,$FF,$FF,$FF,$FF,$40,$80
001565  2  00 40 40 00  
001569  2  00 00 FC FF  
001572  2  00 00 00 00  	.byte $00,$00,$00,$00,$00,$00,$00,$00,$00,$00,$00,$00,$80,$E0,$E0,$C1,$80
001576  2  00 00 00 00  
00157A  2  00 00 00 00  
001583  2  00 00 00 00  	.byte $00,$00,$00,$00,$00,$00,$00,$1F,$3F,$C4,$93,$0C,$3F,$67,$F4,$E4,$DF
001587  2  00 00 00 1F  
00158B  2  3F C4 93 0C  
001594  2  6C 38 3F 1D  	.byte $6C,$38,$3F,$1D,$0E,$07,$C3,$F2,$1E,$0E,$8F,$47,$1F,$3F,$7F,$A3,$FF
001598  2  0E 07 C3 F2  
00159C  2  1E 0E 8F 47  
0015A5  2  25 6F 23 5F  	.byte $25,$6F,$23,$5F,$CD,$DF,$E3,$46,$40,$81,$81,$E9,$FF,$E0,$C2,$E0,$D0
0015A9  2  CD DF E3 46  
0015AD  2  40 81 81 E9  
0015B6  2  E0 F8 F4 FF  	.byte $E0,$F8,$F4,$FF,$2F,$FE,$10,$C0,$E0,$E0,$18,$08,$0F,$09,$13,$14,$03
0015BA  2  2F FE 10 C0  
0015BE  2  E0 E0 18 08  
0015C7  2  24 43 80 00  	.byte $24,$43,$80,$00,$00,$00,$00,$00,$00,$00,$00,$C0,$E0,$70,$BC,$7F,$FF
0015CB  2  00 00 00 00  
0015CF  2  00 00 00 C0  
0015D8  2  FF 7F 07 3F  	.byte $FF,$7F,$07,$3F,$0F,$07,$0F,$06,$00,$00,$00,$00,$00,$00,$00,$00,$00
0015DC  2  0F 07 0F 06  
0015E0  2  00 00 00 00  
0015E9  2  00 80 80 E0  	.byte $00,$80,$80,$E0,$E0,$E0,$E0,$80,$80,$80,$80,$80,$80,$80,$80,$80,$80
0015ED  2  E0 E0 E0 80  
0015F1  2  80 80 80 80  
0015FA  2  80 80 80 80  	.byte $80,$80,$80,$80,$80,$80,$F7,$EF,$E7,$E7,$E3,$63,$03,$07,$03,$00,$00
0015FE  2  80 80 F7 EF  
001602  2  E7 E7 E3 63  
00160B  2  00 00 00 00  	.byte $00,$00,$00,$00,$00,$F8,$B8,$BC,$9C,$FC,$D8,$90,$80,$00,$00,$00,$00
00160F  2  00 F8 B8 BC  
001613  2  9C FC D8 90  
00161C  2  00 00 00 00  	.byte $00,$00,$00,$00,$00,$00,$00,$00,$80,$00,$00,$00,$00,$00,$00,$00,$80
001620  2  00 00 00 00  
001624  2  80 00 00 00  
00162D  2  C1 C1 82 00  	.byte $C1,$C1,$82,$00,$00,$00,$00,$00,$05,$8B,$04,$03,$01,$00,$01,$01,$01
001631  2  00 00 00 00  
001635  2  05 8B 04 03  
00163E  2  00 05 62 01  	.byte $00,$05,$62,$01,$00,$10,$E4,$BD,$EA,$EA,$78,$01,$1F,$F9,$99,$62,$09
001642  2  00 10 E4 BD  
001646  2  EA EA 78 01  
00164F  2  67 81 81 00  	.byte $67,$81,$81,$00,$00,$98,$88,$30,$40,$C0,$20,$80,$80,$80,$80,$80,$80
001653  2  00 98 88 30  
001657  2  40 C0 20 80  
001660  2  80 10 00 00  	.byte $80,$10,$00,$00,$00,$00,$10,$00,$00,$40,$C0,$40,$10,$00,$00,$00,$0F
001664  2  00 00 10 00  
001668  2  00 40 C0 40  
001671  2  1F 1F 1F 3F  	.byte $1F,$1F,$1F,$3F,$3F,$7F,$67,$61,$41,$40,$00,$04,$18,$F8,$F6,$FD,$FE
001675  2  3F 7F 67 61  
001679  2  41 40 00 04  
001682  2  FF FF FF FF  	.byte $FF,$FF,$FF,$FF,$FB,$FF,$FB,$FD,$26,$07,$02,$61,$68,$40,$FF,$10,$E0
001686  2  FB FF FB FD  
00168A  2  26 07 02 61  
001693  2  FE 49 83 C7  	.byte $FE,$49,$83,$C7,$FF,$6E,$9F,$0E,$0E,$80,$C0,$73,$7F,$03,$66,$88,$44
001697  2  FF 6E 9F 0E  
00169B  2  0E 80 C0 73  
0016A4  2  F8 C0 99 63  	.byte $F8,$C0,$99,$63,$97,$0F,$0F,$1F,$38,$70,$C0,$C0,$0F,$1F,$3F,$7F,$FF
0016A8  2  97 0F 0F 1F  
0016AC  2  38 70 C0 C0  
0016B5  2  FF FF FF FF  	.byte $FF,$FF,$FF,$FF,$FF,$FF,$FF,$00,$00,$00,$00,$FF,$FF,$FF,$FF,$FF,$FF
0016B9  2  FF FF FF 00  
0016BD  2  00 00 00 FF  
0016C6  2  FF FF FF FF  	.byte $FF,$FF,$FF,$FF,$FF,$FF,$3F,$03,$00,$00,$E0,$F0,$F0,$F8,$F8,$F8,$F8
0016CA  2  FF FF 3F 03  
0016CE  2  00 00 E0 F0  
0016D7  2  F0 F0 F0 E0  	.byte $F0,$F0,$F0,$E0,$E0,$C0,$C0,$80,$80,$5F,$BF,$FF,$FF,$FF,$7F,$FF,$5F
0016DB  2  E0 C0 C0 80  
0016DF  2  80 5F BF FF  
0016E8  2  F3 4D 7F 5F  	.byte $F3,$4D,$7F,$5F,$0F,$87,$E3,$C1,$93,$E3,$F9,$FD,$FD,$FF,$FF,$FF,$FE
0016EC  2  0F 87 E3 C1  
0016F0  2  93 E3 F9 FD  
0016F9  2  FD FB F3 37  	.byte $FD,$FB,$F3,$37,$FE,$CC,$EC,$83,$C5,$C3,$EC,$F2,$5C,$1C,$3A,$E9,$DD
0016FD  2  FE CC EC 83  
001701  2  C5 C3 EC F2  
00170A  2  95 27 63 F3  	.byte $95,$27,$63,$F3,$F9,$B9,$C0,$C0,$80,$00,$00,$00,$00,$1F,$2E,$39,$30
00170E  2  F9 B9 C0 C0  
001712  2  80 00 00 00  
00171B  2  10 40 00 00  	.byte $10,$40,$00,$00,$03,$00,$00,$00,$00,$00,$00,$00,$00,$C0,$60,$E0,$B0
00171F  2  03 00 00 00  
001723  2  00 00 00 00  
00172C  2  60 E0 80 00  	.byte $60,$E0,$80,$00,$03,$01,$03,$01,$03,$01,$03,$03,$19,$36,$1B,$7F,$10
001730  2  03 01 03 01  
001734  2  03 01 03 03  
00173D  2  38 28 14 E0  	.byte $38,$28,$14,$E0,$E0,$E0,$F0,$F0,$F0,$F0,$F0,$FE,$FE,$FE,$F9,$E1,$07
001741  2  E0 E0 F0 F0  
001745  2  F0 F0 F0 FE  
00174E  2  0F 7F 80 80  	.byte $0F,$7F,$80,$80,$80,$80,$80,$80,$80,$80,$40,$40,$42,$E0,$E0,$F0,$F8
001752  2  80 80 80 80  
001756  2  80 80 40 40  
00175F  2  FC 08 00 04  	.byte $FC,$08,$00,$04,$03,$01,$41,$01,$01,$01,$05,$02,$02,$82,$42,$02,$0A
001763  2  03 01 41 01  
001767  2  01 01 05 02  
001770  2  09 12 24 24  	.byte $09,$12,$24,$24,$5C,$88,$9E,$7E,$F2,$84,$00,$81,$01,$01,$03,$03,$44
001774  2  5C 88 9E 7E  
001778  2  F2 84 00 81  
001781  2  00 00 00 00  	.byte $00,$00,$00,$00,$00,$00,$F8,$41,$B1,$CC,$B2,$C4,$E7,$C7,$A7,$01,$01
001785  2  00 00 F8 41  
001789  2  B1 CC B2 C4  
001792  2  08 10 00 20  	.byte $08,$10,$00,$20,$60,$C0,$00,$00,$00,$80,$80,$C0,$40,$E0,$FF,$FF,$FF
001796  2  60 C0 00 00  
00179A  2  00 80 80 C0  
0017A3  2  FF FF FF FF  	.byte $FF,$FF,$FF,$FF,$FF,$7F,$7F,$7F,$7F,$3F,$3F,$3F,$3F,$80,$C0,$C0,$C0
0017A7  2  FF 7F 7F 7F  
0017AB  2  7F 3F 3F 3F  
0017B4  2  E0 E1 E7 EF  	.byte $E0,$E1,$E7,$EF,$FF,$FF,$FF,$FF,$FF,$FF,$FF,$FF,$00,$02,$0E,$1E,$7E
0017B8  2  FF FF FF FF  
0017BC  2  FF FF FF FF  
0017C5  2  FF FE FE FE  	.byte $FF,$FE,$FE,$FE,$FF,$FE,$FF,$FF,$FE,$F9,$F6,$F4,$E0,$C8,$E8,$C8,$A8
0017C9  2  FF FE FF FF  
0017CD  2  FE F9 F6 F4  
0017D6  2  B0 B1 C7 87  	.byte $B0,$B1,$C7,$87,$87,$87,$87,$0F,$0F,$0E,$58,$7C,$5C,$76,$73,$BB,$FD
0017DA  2  87 87 87 0F  
0017DE  2  0F 0E 58 7C  
0017E7  2  FC F7 EF EF  	.byte $FC,$F7,$EF,$EF,$CF,$DF,$BF,$3F,$3C,$06,$04,$87,$52,$77,$BB,$DB,$FF
0017EB  2  CF DF BF 3F  
0017EF  2  3C 06 04 87  
0017F8  2  F5 EF FF DF  	.byte $F5,$EF,$FF,$DF,$9F,$3E,$7E,$FF,$80,$34,$2C,$CA,$FB,$BF,$BF,$7E,$F8
0017FC  2  9F 3E 7E FF  
001800  2  80 34 2C CA  
001809  2  F4 C8 09 31  	.byte $F4,$C8,$09,$31,$03,$42,$00,$00,$00,$60,$C0,$80,$00,$00,$03,$78,$C1
00180D  2  03 42 00 00  
001811  2  00 60 C0 80  
00181A  2  E4 8F 03 1F  	.byte $E4,$8F,$03,$1F,$03,$FF,$00,$03,$0E,$1C,$3C,$39,$F3,$E6,$37,$6F,$C7
00181E  2  03 FF 00 03  
001822  2  0E 1C 3C 39  
00182B  2  CF C7 CF C7  	.byte $CF,$C7,$CF,$C7,$CF,$00,$00,$00,$80,$C0,$A0,$60,$F0,$F8,$FC,$FC,$FE
00182F  2  CF 00 00 00  
001833  2  80 C0 A0 60  
00183C  2  FE FE FE FF  	.byte $FE,$FE,$FE,$FF,$F8,$C0,$FC,$E0,$E1,$F9,$B3,$F8,$FC,$FF,$FC,$FF,$F6
001840  2  F8 C0 FC E0  
001844  2  E1 F9 B3 F8  
00184D  2  FF FF FF F3  	.byte $FF,$FF,$FF,$F3,$78,$7F,$5C,$47,$C3,$71,$7D,$2E,$FE,$34,$FF,$38,$FF
001851  2  78 7F 5C 47  
001855  2  C3 71 7D 2E  
00185E  2  7E FF FD 7D  	.byte $7E,$FF,$FD,$7D,$FD,$5F,$7F,$9F,$FF,$EF,$77,$1F,$0B,$E7,$DE,$FE,$FE
001862  2  FD 5F 7F 9F  
001866  2  FF EF 77 1F  
00186F  2  FE 00 00 80  	.byte $FE,$00,$00,$80,$80,$98,$C7,$BF,$80,$80,$00,$00,$00,$00,$00,$00,$00
001873  2  80 98 C7 BF  
001877  2  80 80 00 00  
001880  2  10 10 08 04  	.byte $10,$10,$08,$04,$04,$C4,$FE,$FC,$1E,$0E,$00,$00,$00,$00,$00,$00,$21
001884  2  04 C4 FE FC  
001888  2  1E 0E 00 00  
001891  2  12 23 33 0F  	.byte $12,$23,$33,$0F,$03,$01,$00,$00,$00,$00,$00,$00,$00,$00,$00,$FF,$FF
001895  2  03 01 00 00  
001899  2  00 00 00 00  
0018A2  2  FF FF FF 7F  	.byte $FF,$FF,$FF,$7F,$86,$F0,$1E,$07,$00,$00,$00,$00,$00,$00,$FC,$DE,$B7
0018A6  2  86 F0 1E 07  
0018AA  2  00 00 00 00  
0018B3  2  BF FE F1 FF  	.byte $BF,$FE,$F1,$FF,$66,$00,$C3,$7F,$00,$00,$00,$00,$00,$0C,$06,$06,$04
0018B7  2  66 00 C3 7F  
0018BB  2  00 00 00 00  
0018C4  2  04 C4 E2 42  	.byte $04,$C4,$E2,$42,$02,$E2,$82,$02,$03,$07,$04,$1C,$33,$1F,$03,$07,$8F
0018C8  2  02 E2 82 02  
0018CC  2  03 07 04 1C  
0018D5  2  0E 0C 1C 18  	.byte $0E,$0C,$1C,$18,$30,$30,$63,$C3,$0F,$1F,$3F,$C5,$87,$CE,$BF,$1F,$1F
0018D9  2  30 30 63 C3  
0018DD  2  0F 1F 3F C5  
0018E6  2  1F 3F 7F FF  	.byte $1F,$3F,$7F,$FF,$FF,$FF,$FF,$FF,$FF,$FD,$E0,$E0,$C0,$D0,$F8,$E8,$E8
0018EA  2  FF FF FF FF  
0018EE  2  FF FD E0 E0  
0018F7  2  E8 80 20 10  	.byte $E8,$80,$20,$10,$34,$14,$34,$3C,$FC,$3F,$3F,$3F,$3F,$3F,$3F,$1F,$1F
0018FB  2  34 14 34 3C  
0018FF  2  FC 3F 3F 3F  
001908  2  00 0F 07 00  	.byte $00,$0F,$07,$00,$00,$00,$00,$00,$FF,$FF,$FF,$FF,$FF,$FF,$FF,$DF,$7E
00190C  2  00 00 00 00  
001910  2  FF FF FF FF  
001919  2  F8 E0 00 00  	.byte $F8,$E0,$00,$00,$00,$00,$00,$F9,$FE,$FD,$FE,$FE,$FF,$F8,$C0,$00,$00
00191D  2  00 00 00 F9  
001921  2  FE FD FE FE  
00192A  2  00 00 00 00  	.byte $00,$00,$00,$00,$00,$00,$9E,$1E,$9E,$5E,$0E,$07,$47,$C7,$C7,$C7,$83
00192E  2  00 00 9E 1E  
001932  2  9E 5E 0E 07  
00193B  2  81 81 C0 E5  	.byte $81,$81,$C0,$E5,$F7,$7C,$39,$72,$31,$33,$37,$32,$9B,$8F,$CF,$CF,$F7
00193F  2  F7 7C 39 72  
001943  2  31 33 37 32  
00194C  2  E7 FF FF FF  	.byte $E7,$FF,$FF,$FF,$FD,$FB,$FA,$F6,$48,$80,$00,$80,$43,$A5,$D3,$8F,$DF
001950  2  FD FB FA F6  
001954  2  48 80 00 80  
00195D  2  9F FF FF 04  	.byte $9F,$FF,$FF,$04,$09,$00,$13,$4F,$97,$6F,$9F,$FF,$FF,$FF,$FF,$FF,$FF
001961  2  09 00 13 4F  
001965  2  97 6F 9F FF  
00196E  2  FF FF 3F FF  	.byte $FF,$FF,$3F,$FF,$37,$FF,$FF,$FF,$FF,$FF,$FF,$FF,$FF,$FF,$FF,$FF,$FC
001972  2  37 FF FF FF  
001976  2  FF FF FF FF  
00197F  2  FF E7 E7 C2  	.byte $FF,$E7,$E7,$C2,$C0,$CF,$FF,$FF,$FF,$FF,$FF,$FF,$DF,$EF,$AF,$7F,$14
001983  2  C0 CF FF FF  
001987  2  FF FF FF FF  
001990  2  FF FF 1F 6F  	.byte $FF,$FF,$1F,$6F,$FF,$FF,$FF,$FF,$FF,$FF,$FE,$F8,$E0,$C0,$00,$00,$FF
001994  2  FF FF FF FF  
001998  2  FF FF FE F8  
0019A1  2  FF FF 7F 3F  	.byte $FF,$FF,$7F,$3F,$9F,$5F,$37,$33,$5F,$86,$01,$00,$01,$82,$44,$FD,$FF
0019A5  2  9F 5F 37 33  
0019A9  2  5F 86 01 00  
0019B2  2  FF FF FF FF  	.byte $FF,$FF,$FF,$FF,$FF,$FF,$FF,$FF,$00,$FF,$80,$00,$03,$02,$FE,$FC,$F8
0019B6  2  FF FF FF FF  
0019BA  2  00 FF 80 00  
0019C3  2  F9 F9 F0 E0  	.byte $F9,$F9,$F0,$E0,$E8,$90,$40,$A0,$40,$80,$80,$00,$80,$00,$03,$C7,$EE
0019C7  2  E8 90 40 A0  
0019CB  2  40 80 80 00  
0019D4  2  04 03 63 21  	.byte $04,$03,$63,$21,$30,$F0,$78,$7F,$49,$2F,$3B,$31,$00,$30,$78,$30,$00
0019D8  2  30 F0 78 7F  
0019DC  2  49 2F 3B 31  
0019E5  2  18 18 B8 D8  	.byte $18,$18,$B8,$D8,$88,$0E,$E9,$FB,$9D,$DF,$FE,$00,$00,$00,$00,$00,$00
0019E9  2  88 0E E9 FB  
0019ED  2  9D DF FE 00  
0019F6  2  00 00 00 00  	.byte $00,$00,$00,$00,$03,$8F,$DC,$F7,$FF,$FC,$00,$00,$00,$00,$00,$01,$07
0019FA  2  03 8F DC F7  
0019FE  2  FF FC 00 00  
001A07  2  1F 7D F3 CF  	.byte $1F,$7D,$F3,$CF,$3E,$F9,$E7,$78,$E0,$00,$01,$06,$09,$73,$CF,$3F,$FC
001A0B  2  3E F9 E7 78  
001A0F  2  E0 00 01 06  
001A18  2  F8 EF BF 7C  	.byte $F8,$EF,$BF,$7C,$F0,$88,$03,$0C,$21,$0E,$1F,$FF,$FB,$E9,$2D,$6D,$F7
001A1C  2  F0 88 03 0C  
001A20  2  21 0E 1F FF  
001A29  2  58 09 8F 9C  	.byte $58,$09,$8F,$9C,$F4,$22,$22,$FF,$7E,$1B,$A6,$DC,$D0,$E1,$E6,$F8,$F0
001A2D  2  F4 22 22 FF  
001A31  2  7E 1B A6 DC  
001A3A  2  F0 70 38 38  	.byte $F0,$70,$38,$38,$1C,$0C,$C3,$03,$00,$01,$00,$F8,$84,$02,$01,$00,$00
001A3E  2  1C 0C C3 03  
001A42  2  00 01 00 F8  
001A4B  2  00 00 00 06  	.byte $00,$00,$00,$06,$06,$7C,$7D,$7C,$5F,$54,$A0,$C1,$09,$18,$F0,$00,$02
001A4F  2  06 7C 7D 7C  
001A53  2  5F 54 A0 C1  
001A5C  2  07 03 20 10  	.byte $07,$03,$20,$10,$00,$F0,$3C,$0F,$07,$05,$08,$C8,$50,$30,$30,$20,$24
001A60  2  00 F0 3C 0F  
001A64  2  07 05 08 C8  
001A6D  2  20 E0 40 00  	.byte $20,$E0,$40,$00,$00,$00,$00,$E0,$70,$00,$02,$00,$00,$00,$00,$00,$00
001A71  2  00 00 00 E0  
001A75  2  70 00 02 00  
001A7E  2  00 00 00 00  	.byte $00,$00,$00,$00,$00,$00,$00,$00,$00,$00,$01,$03,$0F,$1F,$3F,$3F,$F2
001A82  2  00 00 00 00  
001A86  2  00 00 01 03  
001A8F  2  3F FB 7F 7F  	.byte $3F,$FB,$7F,$7F,$7F,$7F,$7F,$7F,$FF,$FF,$FF,$FF,$FF,$FF,$F7,$58,$E0
001A93  2  7F 7F 7F 7F  
001A97  2  FF FF FF FF  
001AA0  2  FF FF FF FF  	.byte $FF,$FF,$FF,$FF,$FF,$FF,$FF,$FF,$FF,$FF,$FF,$FF,$FF,$FF,$00,$9F,$FF
001AA4  2  FF FF FF FF  
001AA8  2  FF FF FF FF  
001AB1  2  FF FF FF FF  	.byte $FF,$FF,$FF,$FF,$FF,$FF,$FF,$FF,$FF,$FF,$FF,$FF,$FF,$07,$A3,$FF,$FD
001AB5  2  FF FF FF FF  
001AB9  2  FF FF FF FF  
001AC2  2  FF FC FF E8  	.byte $FF,$FC,$FF,$E8,$FE,$E4,$FF,$FF,$FD,$FF,$FF,$FF,$FF,$FF,$DE,$1F,$AF
001AC6  2  FE E4 FF FF  
001ACA  2  FD FF FF FF  
001AD3  2  3F 2F 2B 0F  	.byte $3F,$2F,$2B,$0F,$1B,$A3,$E3,$91,$F9,$54,$FE,$FF,$FA,$A0,$90,$80,$80
001AD7  2  1B A3 E3 91  
001ADB  2  F9 54 FE FF  
001AE4  2  80 C0 F0 B0  	.byte $80,$C0,$F0,$B0,$A0,$E0,$C0,$80,$00,$00,$80,$00,$00,$00,$00,$00,$00
001AE8  2  A0 E0 C0 80  
001AEC  2  00 00 80 00  
001AF5  2  00 00 00 00  	.byte $00,$00,$00,$00,$00,$00,$00,$00,$00,$00,$00,$B0,$4C,$3B,$04,$00,$00
001AF9  2  00 00 00 00  
001AFD  2  00 00 00 B0  
001B06  2  00 00 00 00  	.byte $00,$00,$00,$00,$00,$00,$01,$07,$72,$6F,$05,$1E,$68,$96,$00,$00,$00
001B0A  2  00 00 01 07  
001B0E  2  72 6F 05 1E  
001B17  2  00 00 00 1F  	.byte $00,$00,$00,$1F,$7D,$FB,$CE,$B8,$FF,$00,$00,$00,$00,$01,$03,$0F,$1E
001B1B  2  7D FB CE B8  
001B1F  2  FF 00 00 00  
001B28  2  79 E7 FC E3  	.byte $79,$E7,$FC,$E3,$84,$13,$7E,$FF,$27,$3B,$3F,$7D,$FB,$EF,$9F,$7C,$F3
001B2C  2  84 13 7E FF  
001B30  2  27 3B 3F 7D  
001B39  2  C7 93 63 83  	.byte $C7,$93,$63,$83,$01,$03,$01,$FF,$EF,$1E,$FD,$F3,$CF,$3D,$FA,$DC,$8E
001B3D  2  01 03 01 FF  
001B41  2  EF 1E FD F3  
001B4A  2  E7 C6 E7 FE  	.byte $E7,$C6,$E7,$FE,$F3,$EB,$F3,$CE,$3C,$F0,$D0,$E9,$DE,$F6,$F9,$70,$3B
001B4E  2  F3 EB F3 CE  
001B52  2  3C F0 D0 E9  
001B5B  2  3C 7C BC 7C  	.byte $3C,$7C,$BC,$7C,$98,$80,$01,$06,$18,$60,$80,$03,$04,$00,$00,$00,$06
001B5F  2  98 80 01 06  
001B63  2  18 60 80 03  
001B6C  2  03 17 1E 7D  	.byte $03,$17,$1E,$7D,$70,$C0,$00,$00,$00,$00,$80,$50,$10,$10,$5E,$F9,$FF
001B70  2  70 C0 00 00  
001B74  2  00 00 80 50  
001B7D  2  DE 34 D2 00  	.byte $DE,$34,$D2,$00,$FF,$11,$11,$0F,$19,$07,$1D,$7B,$E6,$F0,$C0,$00,$00
001B81  2  FF 11 11 0F  
001B85  2  19 07 1D 7B  
001B8E  2  00 00 0C FF  	.byte $00,$00,$0C,$FF,$0F,$3F,$FC,$C8,$30,$C0,$80,$00,$00,$00,$00,$00,$00
001B92  2  0F 3F FC C8  
001B96  2  30 C0 80 00  
001B9F  2  00 06 FE 0C  	.byte $00,$06,$FE,$0C,$04,$04,$00,$00,$00,$00,$00,$00,$00,$04,$00,$00,$00
001BA3  2  04 04 00 00  
001BA7  2  00 00 00 00  
001BB0  2  10 10 10 10  	.byte $10,$10,$10,$10,$08,$FC,$08,$00,$00,$00,$00,$04,$00,$04,$00,$00,$20
001BB4  2  08 FC 08 00  
001BB8  2  00 00 00 04  
001BC1  2  30 20 48 80  	.byte $30,$20,$48,$80,$00,$00,$00,$00,$00,$00,$00,$01,$01,$03,$03,$00,$00
001BC5  2  00 00 00 00  
001BC9  2  00 00 00 01  
001BD2  2  00 01 03 07  	.byte $00,$01,$03,$07,$1F,$1F,$3F,$5F,$9F,$DF,$EF,$FF,$FE,$FE,$07,$00,$80
001BD6  2  1F 1F 3F 5F  
001BDA  2  9F DF EF FF  
001BE3  2  E3 DC F6 FF  	.byte $E3,$DC,$F6,$FF,$FF,$FF,$FE,$F0,$E0,$C0,$00,$00,$00,$03,$04,$13,$1F
001BE7  2  FF FF FE F0  
001BEB  2  E0 C0 00 00  
001BF4  2  BF 7C F0 E0  	.byte $BF,$7C,$F0,$E0,$00,$00,$00,$00,$00,$00,$00,$00,$6F,$FF,$FF,$F0,$80
001BF8  2  00 00 00 00  
001BFC  2  00 00 00 00  
001C05  2  00 00 00 00  	.byte $00,$00,$00,$00,$00,$00,$00,$00,$00,$00,$00,$48,$FF,$FF,$FB,$1F,$07
001C09  2  00 00 00 00  
001C0D  2  00 00 00 48  
001C16  2  01 00 00 00  	.byte $01,$00,$00,$00,$00,$00,$00,$00,$00,$00,$11,$98,$F6,$FD,$FF,$FF,$FF
001C1A  2  00 00 00 00  
001C1E  2  00 00 11 98  
001C27  2  7F 1F 0F 01  	.byte $7F,$1F,$0F,$01,$00,$00,$00,$00,$00,$FF,$3E,$00,$A0,$F8,$FC,$FE,$FF
001C2B  2  00 00 00 00  
001C2F  2  00 FF 3E 00  
001C38  2  FF FF 7F FF  	.byte $FF,$FF,$7F,$FF,$A3,$FF,$AE,$FE,$C0,$00,$00,$00,$00,$00,$00,$80,$C0
001C3C  2  A3 FF AE FE  
001C40  2  C0 00 00 00  
001C49  2  E0 F0 F8 F8  	.byte $E0,$F0,$F8,$F8,$F8,$F0,$70,$00,$00,$00,$00,$00,$00,$00,$00,$03,$02
001C4D  2  F8 F0 70 00  
001C51  2  00 00 00 00  
001C5A  2  3F 07 04 05  	.byte $3F,$07,$04,$05,$17,$03,$63,$34,$18,$19,$1B,$02,$07,$07,$05,$07,$05
001C5E  2  17 03 63 34  
001C62  2  18 19 1B 02  
001C6B  2  07 07 07 07  	.byte $07,$07,$07,$07,$03,$07,$3F,$FF,$BC,$70,$E0,$C0,$C0,$80,$80,$80,$80
001C6F  2  03 07 3F FF  
001C73  2  BC 70 E0 C0  
001C7C  2  81 82 C2 C2  	.byte $81,$82,$C2,$C2,$E0,$C0,$00,$00,$00,$00,$00,$00,$03,$07,$1F,$3F,$7E
001C80  2  E0 C0 00 00  
001C84  2  00 00 00 00  
001C8D  2  F8 F8 F0 00  	.byte $F8,$F8,$F0,$00,$00,$00,$00,$00,$03,$07,$FF,$FE,$F8,$E6,$8C,$15,$6B
001C91  2  00 00 00 00  
001C95  2  03 07 FF FE  
001C9E  2  8F 3F F1 F9  	.byte $8F,$3F,$F1,$F9,$F9,$DD,$F9,$EC,$FF,$FE,$FE,$7F,$36,$7B,$F4,$FF,$F7
001CA2  2  F9 DD F9 EC  
001CA6  2  FF FE FE 7F  
001CAF  2  5F 54 8B CB  	.byte $5F,$54,$8B,$CB,$CE,$EF,$DD,$FF,$63,$33,$B3,$7B,$37,$B8,$5D,$94,$DC
001CB3  2  CE EF DD FF  
001CB7  2  63 33 B3 7B  
001CC0  2  F7 CE 3B E0  	.byte $F7,$CE,$3B,$E0,$80,$00,$FF,$C0,$C0,$C0,$A0,$60,$E0,$C0,$80,$00,$91
001CC4  2  80 00 FF C0  
001CC8  2  C0 C0 A0 60  
001CD1  2  10 10 10 10  	.byte $10,$10,$10,$10,$10,$FF,$18,$1C,$0F,$03,$03,$01,$00,$00,$00,$F8,$18
001CD5  2  10 FF 18 1C  
001CD9  2  0F 03 03 01  
001CE2  2  0E 07 03 3F  	.byte $0E,$07,$03,$3F,$C1,$01,$00,$40,$80,$C0,$C0,$C0,$00,$00,$00,$00,$00
001CE6  2  C1 01 00 40  
001CEA  2  80 C0 C0 C0  
001CF3  2  CC FA FE 3F  	.byte $CC,$FA,$FE,$3F,$0E,$02,$00,$00,$00,$00,$00,$00,$00,$00,$00,$00,$00
001CF7  2  0E 02 00 00  
001CFB  2  00 00 00 00  
001D04  2  00 00 00 00  	.byte $00,$00,$00,$00,$00,$00,$00,$00,$00,$00,$00,$00,$00,$00,$00,$00,$00
001D08  2  00 00 00 00  
001D0C  2  00 00 00 00  
001D15  2  00 00 00 00  	.byte $00,$00,$00,$00,$00,$00,$00,$01,$07,$07,$1A,$03,$03,$07,$07,$07,$0E
001D19  2  00 00 00 01  
001D1D  2  07 07 1A 03  
001D26  2  0F 0F 0E 30  	.byte $0F,$0F,$0E,$30,$77,$3F,$0F,$FD,$F3,$C0,$FA,$F2,$E2,$E2,$FE,$00,$80
001D2A  2  77 3F 0F FD  
001D2E  2  F3 C0 FA F2  
001D37  2  80 00 00 00  	.byte $80,$00,$00,$00,$00,$00,$00,$00,$00,$00,$00,$00,$00,$00,$00,$01,$00
001D3B  2  00 00 00 00  
001D3F  2  00 00 00 00  
001D48  2  00 00 00 00  	.byte $00,$00,$00,$00,$00,$01,$00,$4E,$00,$00,$00,$00,$00,$00,$52,$03,$00
001D4C  2  00 01 00 4E  
001D50  2  00 00 00 00  
001D59  2  2F 04 0E 04  	.byte $2F,$04,$0E,$04,$FF,$1E,$BF,$00,$00,$00,$00,$40,$00,$EA,$60,$00,$00
001D5D  2  FF 1E BF 00  
001D61  2  00 00 00 40  
001D6A  2  00 EC 00 BA  	.byte $00,$EC,$00,$BA,$00,$F8,$00,$00,$00,$00,$00,$00,$00,$00,$00,$00,$00
001D6E  2  00 F8 00 00  
001D72  2  00 00 00 00  
001D7B  2  00 00 23 03  	.byte $00,$00,$23,$03,$01,$01,$03,$03,$07,$0F,$17,$2B,$7F,$FE,$FE,$04,$7C
001D7F  2  01 01 03 03  
001D83  2  07 0F 17 2B  
001D8C  2  FA F0 FD 70  	.byte $FA,$F0,$FD,$70,$FE,$FF,$FF,$FF,$FE,$FC,$E8,$F0,$80,$00,$00,$00,$00
001D90  2  FE FF FF FF  
001D94  2  FE FC E8 F0  
001D9D  2  80 C0 80 20  	.byte $80,$C0,$80,$20,$40,$80,$80,$00,$00,$00,$00,$0B,$00,$00,$00,$00,$00
001DA1  2  40 80 80 00  
001DA5  2  00 00 00 0B  
001DAE  2  00 00 BF 07  	.byte $00,$00,$BF,$07,$05,$0F,$1F,$0F,$FF,$1B,$FF,$FF,$1F,$7F,$1F,$0F,$3F
001DB2  2  05 0F 1F 0F  
001DB6  2  FF 1B FF FF  
001DBF  2  1D 02 03 03  	.byte $1D,$02,$03,$03,$05,$04,$08,$08,$08,$10,$10,$2B,$23,$FF,$F8,$FD,$68
001DC3  2  05 04 08 08  
001DC7  2  08 10 10 2B  
001DD0  2  C4 E4 A4 F8  	.byte $C4,$E4,$A4,$F8,$7E,$79,$7E,$60,$40,$80,$E8,$00,$78,$00,$0B,$00,$B4
001DD4  2  7E 79 7E 60  
001DD8  2  40 80 E8 00  
001DE1  2  D9 BF AF EB  	.byte $D9,$BF,$AF,$EB,$E0,$40,$80,$80,$00,$E5,$00,$9F,$08,$7C,$10,$3D,$FF
001DE5  2  E0 40 80 80  
001DE9  2  00 E5 00 9F  
001DF2  2  DC 7F 00 00  	.byte $DC,$7F,$00,$00,$00,$00,$00,$00,$FE,$20,$FF,$3C,$FF,$3C,$C7,$82,$7B
001DF6  2  00 00 00 00  
001DFA  2  FE 20 FF 3C  
001E03  2  FF 01 00 00  	.byte $FF,$01,$00,$00,$00,$00,$00,$00,$01,$83,$01,$77,$07,$9E,$DC,$F0,$E0
001E07  2  00 00 00 00  
001E0B  2  01 83 01 77  
001E14  2  80 00 01 00  	.byte $80,$00,$01,$00,$00,$00,$05,$C0,$F3,$C0,$F2,$C0,$00,$00,$00,$00,$00
001E18  2  00 00 05 C0  
001E1C  2  F3 C0 F2 C0  
001E25  2  00 AF 00 8F  	.byte $00,$AF,$00,$8F,$01,$7F,$01,$8F,$07,$3F,$1F,$00,$00,$00,$10,$B8,$00
001E29  2  01 7F 01 8F  
001E2D  2  07 3F 1F 00  
001E36  2  FE 20 FA E0  	.byte $FE,$20,$FA,$E0,$FC,$00,$E5,$80,$FD,$00,$00,$00,$00,$00,$00,$00,$20
001E3A  2  FC 00 E5 80  
001E3E  2  FD 00 00 00  
001E47  2  00 00 00 0F  	.byte $00,$00,$00,$0F,$00,$8F,$00,$7E,$1C,$00,$00,$00,$00,$00,$00,$1C,$00
001E4B  2  00 8F 00 7E  
001E4F  2  1C 00 00 00  
001E58  2  8C 00 43 00  	.byte $8C,$00,$43,$00,$57,$03,$FF,$7C,$00,$00,$00,$00,$00,$00,$70,$00,$80
001E5C  2  57 03 FF 7C  
001E60  2  00 00 00 00  
001E69  2  00 F0 00 E0  	.byte $00,$F0,$00,$E0,$40,$BD,$00,$3F,$00,$00,$57,$07,$02,$03,$02,$02,$03
001E6D  2  40 BD 00 3F  
001E71  2  00 00 57 07  
001E7A  2  00 00 00 00  	.byte $00,$00,$00,$00,$00,$3C,$00,$00,$00,$80,$F8,$7C,$FC,$1C,$03,$1F,$0A
001E7E  2  00 3C 00 00  
001E82  2  00 80 F8 7C  
001E8B  2  03 00 00 02  	.byte $03,$00,$00,$02,$01,$00,$01,$00,$17,$3D,$00,$15,$00,$05,$E0,$FC,$78
001E8F  2  01 00 01 00  
001E93  2  17 3D 00 15  
001E9C  2  1E 38 7F E8  	.byte $1E,$38,$7F,$E8,$00,$F6,$00,$9D,$7F,$00,$7E,$30,$FC,$00,$00,$00,$56
001EA0  2  00 F6 00 9D  
001EA4  2  7F 00 7E 30  
001EAD  2  00 F4 00 0F  	.byte $00,$F4,$00,$0F,$A7,$1E,$FF,$FF,$1E,$3E,$1C,$FF,$00,$00,$00,$3A,$00
001EB1  2  A7 1E FF FF  
001EB5  2  1E 3E 1C FF  
001EBE  2  03 08 00 BA  	.byte $03,$08,$00,$BA,$00,$8C,$7C,$00,$63,$00,$D4,$01,$1F,$03,$BF,$0F,$5F
001EC2  2  00 8C 7C 00  
001EC6  2  63 00 D4 01  
001ECF  2  0F 01 80 01  	.byte $0F,$01,$80,$01,$00,$00,$00,$A0,$00,$00,$BF,$FF,$FF,$FF,$FF,$FF,$FF
001ED3  2  00 00 00 A0  
001ED7  2  00 00 BF FF  
001EE0  2  FF 8D F0 03  	.byte $FF,$8D,$F0,$03,$00,$00,$00,$00,$00,$FF,$FF,$FF,$FF,$FF,$FF,$FF,$7F
001EE4  2  00 00 00 00  
001EE8  2  00 FF FF FF  
001EF1  2  DF 3C FF 00  	.byte $DF,$3C,$FF,$00,$00,$00,$00,$00,$FF,$FF,$FF,$FF,$FF,$FF,$FF,$40,$C0
001EF5  2  00 00 00 00  
001EF9  2  FF FF FF FF  
001F02  2  40 E0 00 02  	.byte $40,$E0,$00,$02,$00,$00,$01,$FF,$FF,$FF,$FF,$FF,$FF,$FF,$7F,$2F,$FF
001F06  2  00 00 01 FF  
001F0A  2  FF FF FF FF  
001F13  2  0B 0F FF 1D  	.byte $0B,$0F,$FF,$1D,$7F,$FF,$FF,$FF,$FF,$FF,$FF,$FF,$FF
001F17  2  7F FF FF FF  
001F1B  2  FF FF FF FF  
001F20  2               
001F20  2               
001F20  1               eind_asm:
001F20  1               
